<?xml version="1.0" encoding="UTF-8" standalone="yes"?>
<testsuites name="Sort_Filter_ProductCount_Loadmore_Emi" time="156" tests="6" failures="1" errors="1">
    <testsuite name="Sort_Filter_ProductCount_Loadmore_Emi" tests="6" failures="1" errors="1" time="156" timestamp="2019-09-20 19:00:18" hostname="amitbagh - AMITBAGH.cybage.com" id="Test Suites/Sort_Filter_ProductCount_Loadmore_Emi">
        <properties>
            <property name="deviceName" value=""/>
            <property name="devicePlatform" value=""/>
            <property name="logFolder" value="D:\\QAScripts\\QA\\bajajemi\\Reports\\20190920_190016\\Sort_Filter_ProductCount_Loadmore_Emi\\20190920_190016"/>
            <property name="logFiles" value="D:\\QAScripts\\QA\\bajajemi\\Reports\\20190920_190016\\Sort_Filter_ProductCount_Loadmore_Emi\\20190920_190016\\execution0.log"/>
            <property name="attachments" value=""/>
            <property name="hostName" value="amitbagh - AMITBAGH.cybage.com"/>
            <property name="os" value="Windows 8.1 64bit"/>
            <property name="katalonVersion" value="6.3.3.11"/>
            <property name="browser" value="Chrome 77.0.3865.90"/>
            <property name="hostAddress" value="172.27.25.220"/>
            <property name="sessionId" value="d914a1c8c4a54995fd48fb5b0acc6b8f"/>
            <property name="seleniumVersion" value="3.141.59"/>
            <property name="proxyInformation" value="ProxyInformation{proxyOption=NO_PROXY, proxyServerType=HTTP, password=, proxyServerAddress=, proxyServerPort=0}"/>
            <property name="platform" value="Windows 8.1"/>
        </properties>
        <testcase name="Test Cases/PLPproductCount" classname="Test Cases/PLPproductCount" status="PASSED">
            <system-out>2019-09-20 19:00:27 - [TEST_CASE][PASSED] - Test Cases/PLPproductCount: Test Cases/PLPproductCount&#xD;
&#xD;
2019-09-20 19:00:27 - [TEST_STEP][PASSED] - i = 3: null&#xD;
&#xD;
2019-09-20 19:00:27 - [TEST_STEP][PASSED] - Resources.selectCity(): Object: 'Object Repository/Login/CitySelection' is clicked on&#xD;
&#xD;
2019-09-20 19:00:30 - [MESSAGE][PASSED] - Object: 'Object Repository/Login/CitySelection' is clicked on&#xD;
&#xD;
2019-09-20 19:00:30 - [TEST_STEP][PASSED] - Thread.sleep(2000): null&#xD;
&#xD;
2019-09-20 19:00:32 - [TEST_STEP][PASSED] - Resources.moveToMobiles(): Object: 'Object Repository/Category_Traverse/Mobiles' is clicked on&#xD;
&#xD;
2019-09-20 19:00:32 - [MESSAGE][PASSED] - Object: 'Object Repository/Category_Traverse/Categories' is clicked on&#xD;
&#xD;
2019-09-20 19:00:32 - [MESSAGE][PASSED] - Object 'Object Repository/Category_Traverse/Mobile and Electronics' is clickable&#xD;
&#xD;
2019-09-20 19:00:32 - [MESSAGE][PASSED] - Object: 'Object Repository/Category_Traverse/Mobile and Electronics' is hovered&#xD;
&#xD;
2019-09-20 19:00:34 - [MESSAGE][PASSED] - Object: 'Object Repository/Category_Traverse/Mobiles' is clicked on&#xD;
&#xD;
2019-09-20 19:00:34 - [TEST_STEP][PASSED] - Assert.assertFalse(Resources.checkifComparepopuppresent()): null&#xD;
&#xD;
2019-09-20 19:00:34 - [TEST_STEP][PASSED] - incrementCount = 0: null&#xD;
&#xD;
2019-09-20 19:00:34 - [TEST_STEP][PASSED] - count = new plp.CountProducts(): null&#xD;
&#xD;
2019-09-20 19:00:34 - [TEST_STEP][PASSED] - totalProductCount = Resources.getTotalCount(): Text of object 'Object Repository/PLPpage/TotalObjects' is: '(Showing 10 products)'&#xD;
&#xD;
2019-09-20 19:00:34 - [MESSAGE][PASSED] - Text of object 'Object Repository/PLPpage/TotalObjects' is: '(Showing 10 products)'&#xD;
&#xD;
2019-09-20 19:00:34 - [TEST_STEP][PASSED] - total = Resources.verifyLoadCount(i, totalProductCount, count): Web element with id: 'Object Repository/PLPpage/LoadElement' located by 'By.xpath: //div[@id='layer-product-list']/div["+i+"]/ol/li[30]' is not present after '10' second(s)&#xD;
&#xD;
2019-09-20 19:00:34 - [MESSAGE][PASSED] - Web element with id: 'Object Repository/PLPpage/LoadElement' located by 'By.xpath: //div[@id='layer-product-list']/div["+i+"]/ol/li[30]' is not present after '5' second(s)&#xD;
&#xD;
2019-09-20 19:00:34 - [MESSAGE][PASSED] - Web element with id: 'Object Repository/PLPpage/LoadElement' located by 'By.xpath: //div[@id='layer-product-list']/div["+i+"]/ol/li[30]' is not present after '10' second(s)&#xD;
&#xD;
2019-09-20 19:00:34 - [MESSAGE][PASSED] - Web element with id: 'Object Repository/PLPpage/LoadElement' located by 'By.xpath: //div[@id='layer-product-list']/div["+i+"]/ol/li[30]' is not present after '5' second(s)&#xD;
&#xD;
2019-09-20 19:00:35 - [MESSAGE][PASSED] - Web element with id: 'Object Repository/PLPpage/LoadElement' located by 'By.xpath: //div[@id='layer-product-list']/div["+i+"]/ol/li[30]' is not present after '10' second(s)&#xD;
&#xD;
2019-09-20 19:00:35 - [TEST_STEP][PASSED] - Assert.assertEquals(total, totalProductCount): null&#xD;
&#xD;
2019-09-20 19:00:35 - [TEST_STEP][PASSED] - Start tear down : tearDownTestCase: Method 'tearDownTestCase' complete successfully&#xD;
&#xD;
2019-09-20 19:00:35 - [TEST_STEP][PASSED] - Thread.sleep(3000): null&#xD;
&#xD;
2019-09-20 19:00:38 - [MESSAGE][PASSED] - Method 'tearDownTestCase' complete successfully</system-out>
            <system-err></system-err>
        </testcase>
        <testcase name="Test Cases/SortLowertoHigherCheck" classname="Test Cases/SortLowertoHigherCheck" status="PASSED">
            <system-out>2019-09-20 19:00:38 - [TEST_CASE][PASSED] - Test Cases/SortLowertoHigherCheck: Test Cases/SortLowertoHigherCheck&#xD;
&#xD;
2019-09-20 19:00:38 - [TEST_STEP][PASSED] - i = 3: null&#xD;
&#xD;
2019-09-20 19:00:38 - [TEST_STEP][PASSED] - driver = getWebDriver(): null&#xD;
&#xD;
2019-09-20 19:00:38 - [TEST_STEP][PASSED] - mouseOver(findTestObject("Object Repository/PLPpage/PLP_Title")): Object: 'Object Repository/PLPpage/PLP_Title' is hovered&#xD;
&#xD;
2019-09-20 19:00:38 - [MESSAGE][PASSED] - Object: 'Object Repository/PLPpage/PLP_Title' is hovered&#xD;
&#xD;
2019-09-20 19:00:38 - [TEST_STEP][PASSED] - totalProducts = Resources.getTotalCount(): Text of object 'Object Repository/PLPpage/TotalObjects' is: '(Showing 10 products)'&#xD;
&#xD;
2019-09-20 19:00:38 - [MESSAGE][PASSED] - Text of object 'Object Repository/PLPpage/TotalObjects' is: '(Showing 10 products)'&#xD;
&#xD;
2019-09-20 19:00:38 - [TEST_STEP][PASSED] - emiPrice = new java.util.ArrayList(): null&#xD;
&#xD;
2019-09-20 19:00:38 - [TEST_STEP][PASSED] - emiPrice.addAll(Resources.getallEMIValues(i, totalProducts)): null&#xD;
&#xD;
2019-09-20 19:00:40 - [TEST_STEP][PASSED] - println(emiPrice): null&#xD;
&#xD;
2019-09-20 19:00:40 - [TEST_STEP][PASSED] - for ([j = 0, j &lt; emiPrice.size() - 1, (j++)]): null&#xD;
&#xD;
2019-09-20 19:00:40 - [TEST_STEP][PASSED] - k = j + 1: null&#xD;
&#xD;
2019-09-20 19:00:40 - [TEST_STEP][PASSED] - if (emiPrice.get(j) &lt;= emiPrice.get(k)): null&#xD;
&#xD;
2019-09-20 19:00:40 - [TEST_STEP][PASSED] - &lt;not implemented yet for class: org.codehaus.groovy.ast.stmt.ContinueStatement&gt;: null&#xD;
&#xD;
2019-09-20 19:00:40 - [TEST_STEP][PASSED] - k = j + 1: null&#xD;
&#xD;
2019-09-20 19:00:40 - [TEST_STEP][PASSED] - if (emiPrice.get(j) &lt;= emiPrice.get(k)): null&#xD;
&#xD;
2019-09-20 19:00:40 - [TEST_STEP][PASSED] - &lt;not implemented yet for class: org.codehaus.groovy.ast.stmt.ContinueStatement&gt;: null&#xD;
&#xD;
2019-09-20 19:00:40 - [TEST_STEP][PASSED] - k = j + 1: null&#xD;
&#xD;
2019-09-20 19:00:40 - [TEST_STEP][PASSED] - if (emiPrice.get(j) &lt;= emiPrice.get(k)): null&#xD;
&#xD;
2019-09-20 19:00:40 - [TEST_STEP][PASSED] - &lt;not implemented yet for class: org.codehaus.groovy.ast.stmt.ContinueStatement&gt;: null&#xD;
&#xD;
2019-09-20 19:00:40 - [TEST_STEP][PASSED] - k = j + 1: null&#xD;
&#xD;
2019-09-20 19:00:40 - [TEST_STEP][PASSED] - if (emiPrice.get(j) &lt;= emiPrice.get(k)): null&#xD;
&#xD;
2019-09-20 19:00:40 - [TEST_STEP][PASSED] - &lt;not implemented yet for class: org.codehaus.groovy.ast.stmt.ContinueStatement&gt;: null&#xD;
&#xD;
2019-09-20 19:00:40 - [TEST_STEP][PASSED] - k = j + 1: null&#xD;
&#xD;
2019-09-20 19:00:40 - [TEST_STEP][PASSED] - if (emiPrice.get(j) &lt;= emiPrice.get(k)): null&#xD;
&#xD;
2019-09-20 19:00:40 - [TEST_STEP][PASSED] - &lt;not implemented yet for class: org.codehaus.groovy.ast.stmt.ContinueStatement&gt;: null&#xD;
&#xD;
2019-09-20 19:00:40 - [TEST_STEP][PASSED] - k = j + 1: null&#xD;
&#xD;
2019-09-20 19:00:40 - [TEST_STEP][PASSED] - if (emiPrice.get(j) &lt;= emiPrice.get(k)): null&#xD;
&#xD;
2019-09-20 19:00:40 - [TEST_STEP][PASSED] - &lt;not implemented yet for class: org.codehaus.groovy.ast.stmt.ContinueStatement&gt;: null&#xD;
&#xD;
2019-09-20 19:00:40 - [TEST_STEP][PASSED] - k = j + 1: null&#xD;
&#xD;
2019-09-20 19:00:40 - [TEST_STEP][PASSED] - if (emiPrice.get(j) &lt;= emiPrice.get(k)): null&#xD;
&#xD;
2019-09-20 19:00:40 - [TEST_STEP][PASSED] - &lt;not implemented yet for class: org.codehaus.groovy.ast.stmt.ContinueStatement&gt;: null&#xD;
&#xD;
2019-09-20 19:00:40 - [TEST_STEP][PASSED] - k = j + 1: null&#xD;
&#xD;
2019-09-20 19:00:40 - [TEST_STEP][PASSED] - if (emiPrice.get(j) &lt;= emiPrice.get(k)): null&#xD;
&#xD;
2019-09-20 19:00:40 - [TEST_STEP][PASSED] - &lt;not implemented yet for class: org.codehaus.groovy.ast.stmt.ContinueStatement&gt;: null&#xD;
&#xD;
2019-09-20 19:00:40 - [TEST_STEP][PASSED] - k = j + 1: null&#xD;
&#xD;
2019-09-20 19:00:40 - [TEST_STEP][PASSED] - if (emiPrice.get(j) &lt;= emiPrice.get(k)): null&#xD;
&#xD;
2019-09-20 19:00:40 - [TEST_STEP][PASSED] - &lt;not implemented yet for class: org.codehaus.groovy.ast.stmt.ContinueStatement&gt;: null&#xD;
&#xD;
2019-09-20 19:00:40 - [TEST_STEP][PASSED] - Start tear down : tearDownTestCase: Method 'tearDownTestCase' complete successfully&#xD;
&#xD;
2019-09-20 19:00:40 - [TEST_STEP][PASSED] - Thread.sleep(3000): null&#xD;
&#xD;
2019-09-20 19:00:43 - [MESSAGE][PASSED] - Method 'tearDownTestCase' complete successfully</system-out>
            <system-err></system-err>
        </testcase>
        <testcase name="Test Cases/SortHighertoLowerCheck" classname="Test Cases/SortHighertoLowerCheck" status="PASSED">
            <system-out>2019-09-20 19:00:43 - [TEST_CASE][PASSED] - Test Cases/SortHighertoLowerCheck: Test Cases/SortHighertoLowerCheck&#xD;
&#xD;
2019-09-20 19:00:43 - [TEST_STEP][PASSED] - i = 3: null&#xD;
&#xD;
2019-09-20 19:00:43 - [TEST_STEP][PASSED] - mouseOver(findTestObject("Object Repository/PLPpage/PLP_Title")): Object: 'Object Repository/PLPpage/PLP_Title' is hovered&#xD;
&#xD;
2019-09-20 19:00:43 - [MESSAGE][PASSED] - Object: 'Object Repository/PLPpage/PLP_Title' is hovered&#xD;
&#xD;
2019-09-20 19:00:43 - [TEST_STEP][PASSED] - waitForElementNotPresent(findTestObject("Object Repository/PLPpage/EMIHightoLow"), 5): Web element with id: 'Object Repository/PLPpage/EMIHightoLow' located by 'By.xpath: //ul[@class='items grayCheck']/li[2]' is present after '5' second(s)&#xD;
&#xD;
2019-09-20 19:00:48 - [MESSAGE][WARNING] - Web element with id: 'Object Repository/PLPpage/EMIHightoLow' located by 'By.xpath: //ul[@class='items grayCheck']/li[2]' is present after '5' second(s)&#xD;
&#xD;
2019-09-20 19:00:48 - [TEST_STEP][PASSED] - click(findTestObject("Object Repository/PLPpage/EMIHightoLow")): Object: 'Object Repository/PLPpage/EMIHightoLow' is clicked on&#xD;
&#xD;
2019-09-20 19:00:49 - [MESSAGE][PASSED] - Object: 'Object Repository/PLPpage/EMIHightoLow' is clicked on&#xD;
&#xD;
2019-09-20 19:00:49 - [TEST_STEP][PASSED] - Thread.sleep(2000): null&#xD;
&#xD;
2019-09-20 19:00:51 - [TEST_STEP][PASSED] - count = new plp.CountProducts(): null&#xD;
&#xD;
2019-09-20 19:00:51 - [TEST_STEP][PASSED] - totalProductCount = Resources.getTotalCount(): Text of object 'Object Repository/PLPpage/TotalObjects' is: '(Showing 10 products)'&#xD;
&#xD;
2019-09-20 19:00:51 - [MESSAGE][PASSED] - Text of object 'Object Repository/PLPpage/TotalObjects' is: '(Showing 10 products)'&#xD;
&#xD;
2019-09-20 19:00:51 - [TEST_STEP][PASSED] - flag = Resources.verifyLoadCount(i, totalProductCount, count): Web element with id: 'Object Repository/PLPpage/LoadElement' located by 'By.xpath: //div[@id='layer-product-list']/div["+i+"]/ol/li[30]' is not present after '10' second(s)&#xD;
&#xD;
2019-09-20 19:00:51 - [MESSAGE][PASSED] - Web element with id: 'Object Repository/PLPpage/LoadElement' located by 'By.xpath: //div[@id='layer-product-list']/div["+i+"]/ol/li[30]' is not present after '5' second(s)&#xD;
&#xD;
2019-09-20 19:00:51 - [MESSAGE][PASSED] - Web element with id: 'Object Repository/PLPpage/LoadElement' located by 'By.xpath: //div[@id='layer-product-list']/div["+i+"]/ol/li[30]' is not present after '10' second(s)&#xD;
&#xD;
2019-09-20 19:00:51 - [MESSAGE][PASSED] - Web element with id: 'Object Repository/PLPpage/LoadElement' located by 'By.xpath: //div[@id='layer-product-list']/div["+i+"]/ol/li[30]' is not present after '5' second(s)&#xD;
&#xD;
2019-09-20 19:00:51 - [MESSAGE][PASSED] - Web element with id: 'Object Repository/PLPpage/LoadElement' located by 'By.xpath: //div[@id='layer-product-list']/div["+i+"]/ol/li[30]' is not present after '10' second(s)&#xD;
&#xD;
2019-09-20 19:00:51 - [TEST_STEP][PASSED] - emi = new java.util.ArrayList(): null&#xD;
&#xD;
2019-09-20 19:00:51 - [TEST_STEP][PASSED] - emi.addAll(Resources.getallEMIValues(i, Resources.getTotalCount())): Text of object 'Object Repository/PLPpage/TotalObjects' is: '(Showing 10 products)'&#xD;
&#xD;
2019-09-20 19:00:51 - [MESSAGE][PASSED] - Text of object 'Object Repository/PLPpage/TotalObjects' is: '(Showing 10 products)'&#xD;
&#xD;
2019-09-20 19:00:53 - [TEST_STEP][PASSED] - for ([j = 0, j &lt; emi.size() - 1, (j++)]): null&#xD;
&#xD;
2019-09-20 19:00:53 - [TEST_STEP][PASSED] - k = j + 1: null&#xD;
&#xD;
2019-09-20 19:00:53 - [TEST_STEP][PASSED] - if (emi.get(j) &gt;= emi.get(k)): null&#xD;
&#xD;
2019-09-20 19:00:53 - [TEST_STEP][PASSED] - &lt;not implemented yet for class: org.codehaus.groovy.ast.stmt.ContinueStatement&gt;: null&#xD;
&#xD;
2019-09-20 19:00:53 - [TEST_STEP][PASSED] - k = j + 1: null&#xD;
&#xD;
2019-09-20 19:00:53 - [TEST_STEP][PASSED] - if (emi.get(j) &gt;= emi.get(k)): null&#xD;
&#xD;
2019-09-20 19:00:53 - [TEST_STEP][PASSED] - &lt;not implemented yet for class: org.codehaus.groovy.ast.stmt.ContinueStatement&gt;: null&#xD;
&#xD;
2019-09-20 19:00:53 - [TEST_STEP][PASSED] - k = j + 1: null&#xD;
&#xD;
2019-09-20 19:00:53 - [TEST_STEP][PASSED] - if (emi.get(j) &gt;= emi.get(k)): null&#xD;
&#xD;
2019-09-20 19:00:53 - [TEST_STEP][PASSED] - &lt;not implemented yet for class: org.codehaus.groovy.ast.stmt.ContinueStatement&gt;: null&#xD;
&#xD;
2019-09-20 19:00:53 - [TEST_STEP][PASSED] - k = j + 1: null&#xD;
&#xD;
2019-09-20 19:00:53 - [TEST_STEP][PASSED] - if (emi.get(j) &gt;= emi.get(k)): null&#xD;
&#xD;
2019-09-20 19:00:53 - [TEST_STEP][PASSED] - &lt;not implemented yet for class: org.codehaus.groovy.ast.stmt.ContinueStatement&gt;: null&#xD;
&#xD;
2019-09-20 19:00:53 - [TEST_STEP][PASSED] - k = j + 1: null&#xD;
&#xD;
2019-09-20 19:00:53 - [TEST_STEP][PASSED] - if (emi.get(j) &gt;= emi.get(k)): null&#xD;
&#xD;
2019-09-20 19:00:53 - [TEST_STEP][PASSED] - &lt;not implemented yet for class: org.codehaus.groovy.ast.stmt.ContinueStatement&gt;: null&#xD;
&#xD;
2019-09-20 19:00:53 - [TEST_STEP][PASSED] - k = j + 1: null&#xD;
&#xD;
2019-09-20 19:00:53 - [TEST_STEP][PASSED] - if (emi.get(j) &gt;= emi.get(k)): null&#xD;
&#xD;
2019-09-20 19:00:53 - [TEST_STEP][PASSED] - &lt;not implemented yet for class: org.codehaus.groovy.ast.stmt.ContinueStatement&gt;: null&#xD;
&#xD;
2019-09-20 19:00:53 - [TEST_STEP][PASSED] - k = j + 1: null&#xD;
&#xD;
2019-09-20 19:00:53 - [TEST_STEP][PASSED] - if (emi.get(j) &gt;= emi.get(k)): null&#xD;
&#xD;
2019-09-20 19:00:53 - [TEST_STEP][PASSED] - &lt;not implemented yet for class: org.codehaus.groovy.ast.stmt.ContinueStatement&gt;: null&#xD;
&#xD;
2019-09-20 19:00:53 - [TEST_STEP][PASSED] - k = j + 1: null&#xD;
&#xD;
2019-09-20 19:00:53 - [TEST_STEP][PASSED] - if (emi.get(j) &gt;= emi.get(k)): null&#xD;
&#xD;
2019-09-20 19:00:53 - [TEST_STEP][PASSED] - &lt;not implemented yet for class: org.codehaus.groovy.ast.stmt.ContinueStatement&gt;: null&#xD;
&#xD;
2019-09-20 19:00:53 - [TEST_STEP][PASSED] - k = j + 1: null&#xD;
&#xD;
2019-09-20 19:00:53 - [TEST_STEP][PASSED] - if (emi.get(j) &gt;= emi.get(k)): null&#xD;
&#xD;
2019-09-20 19:00:53 - [TEST_STEP][PASSED] - &lt;not implemented yet for class: org.codehaus.groovy.ast.stmt.ContinueStatement&gt;: null&#xD;
&#xD;
2019-09-20 19:00:53 - [TEST_STEP][PASSED] - Start tear down : tearDownTestCase: Method 'tearDownTestCase' complete successfully&#xD;
&#xD;
2019-09-20 19:00:53 - [TEST_STEP][PASSED] - Thread.sleep(3000): null&#xD;
&#xD;
2019-09-20 19:00:56 - [MESSAGE][PASSED] - Method 'tearDownTestCase' complete successfully</system-out>
            <system-err></system-err>
        </testcase>
        <testcase name="Test Cases/AddingproductstoCompare" classname="Test Cases/AddingproductstoCompare" status="PASSED">
            <system-out>2019-09-20 19:00:56 - [TEST_CASE][PASSED] - Test Cases/AddingproductstoCompare: Test Cases/AddingproductstoCompare&#xD;
&#xD;
2019-09-20 19:00:56 - [TEST_STEP][PASSED] - driver = getWebDriver(): null&#xD;
&#xD;
2019-09-20 19:00:56 - [TEST_STEP][PASSED] - productNames = new java.util.ArrayList(): null&#xD;
&#xD;
2019-09-20 19:00:56 - [TEST_STEP][PASSED] - mouseOver(findTestObject("Object Repository/PLPpage/PLP_Title")): Object: 'Object Repository/PLPpage/PLP_Title' is hovered&#xD;
&#xD;
2019-09-20 19:00:57 - [MESSAGE][PASSED] - Object: 'Object Repository/PLPpage/PLP_Title' is hovered&#xD;
&#xD;
2019-09-20 19:00:57 - [TEST_STEP][PASSED] - flag = false: null&#xD;
&#xD;
2019-09-20 19:00:57 - [TEST_STEP][PASSED] - for ([i = 1, i &lt;= nosOfProducts * 2, i += 2]): null&#xD;
&#xD;
2019-09-20 19:00:57 - [TEST_STEP][PASSED] - waitForElementNotPresent(findTestObject("Object Repository/PLPpage/CompareButton"), 3): Web element with id: 'Object Repository/PLPpage/CompareButton' located by 'By.xpath: //div[@class='CompareButton-wrapper']' is present after '3' second(s)&#xD;
&#xD;
2019-09-20 19:01:00 - [MESSAGE][WARNING] - Web element with id: 'Object Repository/PLPpage/CompareButton' located by 'By.xpath: //div[@class='CompareButton-wrapper']' is present after '3' second(s)&#xD;
&#xD;
2019-09-20 19:01:00 - [TEST_STEP][PASSED] - productNames.add(xpath("//div[@id='layer-product-list']/div[3]/ol/li[" + i + "]/div/div[2]/strong/a")).getText()): null&#xD;
&#xD;
2019-09-20 19:01:00 - [TEST_STEP][PASSED] - xpath("(//div[@class='CompareButton-wrapper'])[" + i + "]")).click(): null&#xD;
&#xD;
2019-09-20 19:01:00 - [TEST_STEP][PASSED] - waitForElementNotPresent(findTestObject("Object Repository/PLPpage/CompareButton"), 3): Web element with id: 'Object Repository/PLPpage/CompareButton' located by 'By.xpath: //div[@class='CompareButton-wrapper']' is present after '3' second(s)&#xD;
&#xD;
2019-09-20 19:01:03 - [MESSAGE][WARNING] - Web element with id: 'Object Repository/PLPpage/CompareButton' located by 'By.xpath: //div[@class='CompareButton-wrapper']' is present after '3' second(s)&#xD;
&#xD;
2019-09-20 19:01:03 - [TEST_STEP][PASSED] - productNames.add(xpath("//div[@id='layer-product-list']/div[3]/ol/li[" + i + "]/div/div[2]/strong/a")).getText()): null&#xD;
&#xD;
2019-09-20 19:01:03 - [TEST_STEP][PASSED] - xpath("(//div[@class='CompareButton-wrapper'])[" + i + "]")).click(): null&#xD;
&#xD;
2019-09-20 19:01:03 - [TEST_STEP][PASSED] - waitForElementNotPresent(findTestObject("Object Repository/PLPpage/CompareButton"), 3): Web element with id: 'Object Repository/PLPpage/CompareButton' located by 'By.xpath: //div[@class='CompareButton-wrapper']' is present after '3' second(s)&#xD;
&#xD;
2019-09-20 19:01:06 - [MESSAGE][WARNING] - Web element with id: 'Object Repository/PLPpage/CompareButton' located by 'By.xpath: //div[@class='CompareButton-wrapper']' is present after '3' second(s)&#xD;
&#xD;
2019-09-20 19:01:06 - [TEST_STEP][PASSED] - productNames.add(xpath("//div[@id='layer-product-list']/div[3]/ol/li[" + i + "]/div/div[2]/strong/a")).getText()): null&#xD;
&#xD;
2019-09-20 19:01:06 - [TEST_STEP][PASSED] - xpath("(//div[@class='CompareButton-wrapper'])[" + i + "]")).click(): null&#xD;
&#xD;
2019-09-20 19:01:06 - [TEST_STEP][PASSED] - namesofProducts = productNames: null&#xD;
&#xD;
2019-09-20 19:01:06 - [TEST_STEP][PASSED] - Thread.sleep(3000): null&#xD;
&#xD;
2019-09-20 19:01:09 - [TEST_STEP][PASSED] - count = callTestCase(findTestCase("Test Cases/VerifyComparePopUpCount"), null): Call Test Case 'Test Cases/VerifyComparePopUpCount' successfully&#xD;
&#xD;
2019-09-20 19:01:10 - [TEST_CASE][PASSED] - Test Cases/VerifyComparePopUpCount: Test Cases/VerifyComparePopUpCount&#xD;
&#xD;
2019-09-20 19:01:10 - [TEST_STEP][PASSED] - Assert.assertTrue(Resources.checkifComparepopuppresent()): null&#xD;
&#xD;
2019-09-20 19:01:10 - [TEST_STEP][PASSED] - compareText = getText(findTestObject("Object Repository/CompareFunctionality/ComparepopTextCapture")): Text of object 'Object Repository/CompareFunctionality/ComparepopTextCapture' is: '3'&#xD;
&#xD;
2019-09-20 19:01:10 - [MESSAGE][PASSED] - Text of object 'Object Repository/CompareFunctionality/ComparepopTextCapture' is: '3'&#xD;
&#xD;
2019-09-20 19:01:10 - [TEST_STEP][PASSED] - if (compareText.isEmpty()): null&#xD;
&#xD;
2019-09-20 19:01:10 - [TEST_STEP][PASSED] - return compareText: null&#xD;
&#xD;
2019-09-20 19:01:10 - [MESSAGE][PASSED] - Call Test Case 'Test Cases/VerifyComparePopUpCount' successfully&#xD;
&#xD;
2019-09-20 19:01:10 - [TEST_STEP][PASSED] - Assert.assertEquals(Integer.parseInt(count), nosOfProducts): null&#xD;
&#xD;
2019-09-20 19:01:10 - [TEST_STEP][PASSED] - callTestCase(findTestCase("Test Cases/AddingExtraProductToCompare"), null): Call Test Case 'Test Cases/AddingExtraProductToCompare' successfully&#xD;
&#xD;
2019-09-20 19:01:10 - [TEST_CASE][PASSED] - Test Cases/AddingExtraProductToCompare: Test Cases/AddingExtraProductToCompare&#xD;
&#xD;
2019-09-20 19:01:10 - [TEST_STEP][PASSED] - driver = getWebDriver(): null&#xD;
&#xD;
2019-09-20 19:01:10 - [TEST_STEP][PASSED] - Thread.sleep(3000): null&#xD;
&#xD;
2019-09-20 19:01:13 - [TEST_STEP][PASSED] - xpath("(//div[@class='CompareButton-wrapper'])[7]")).click(): null&#xD;
&#xD;
2019-09-20 19:01:13 - [TEST_STEP][PASSED] - popupText = getText(findTestObject("Object Repository/CompareFunctionality/MaxLimitAddComparePopup")): Text of object 'Object Repository/CompareFunctionality/MaxLimitAddComparePopup' is: 'You have already selected 3 products'&#xD;
&#xD;
2019-09-20 19:01:13 - [MESSAGE][PASSED] - Text of object 'Object Repository/CompareFunctionality/MaxLimitAddComparePopup' is: 'You have already selected 3 products'&#xD;
&#xD;
2019-09-20 19:01:13 - [TEST_STEP][PASSED] - println(popupText): null&#xD;
&#xD;
2019-09-20 19:01:13 - [TEST_STEP][PASSED] - Assert.assertEquals(popupText, validation): null&#xD;
&#xD;
2019-09-20 19:01:13 - [MESSAGE][PASSED] - Call Test Case 'Test Cases/AddingExtraProductToCompare' successfully&#xD;
&#xD;
2019-09-20 19:01:13 - [TEST_STEP][PASSED] - waitForElementNotPresent(findTestObject("Object Repository/CompareFunctionality/ComparePopUp"), 5): Web element with id: 'Object Repository/CompareFunctionality/ComparePopUp' located by 'By.xpath: //button[@class='compareBTN']' is present after '5' second(s)&#xD;
&#xD;
2019-09-20 19:01:18 - [MESSAGE][WARNING] - Web element with id: 'Object Repository/CompareFunctionality/ComparePopUp' located by 'By.xpath: //button[@class='compareBTN']' is present after '5' second(s)&#xD;
&#xD;
2019-09-20 19:01:18 - [TEST_STEP][PASSED] - click(findTestObject("Object Repository/CompareFunctionality/ComparePopUp")): Object: 'Object Repository/CompareFunctionality/ComparePopUp' is clicked on&#xD;
&#xD;
2019-09-20 19:01:20 - [MESSAGE][PASSED] - Object: 'Object Repository/CompareFunctionality/ComparePopUp' is clicked on&#xD;
&#xD;
2019-09-20 19:01:20 - [TEST_STEP][PASSED] - com = new pom_files.ComparePage(driver): null&#xD;
&#xD;
2019-09-20 19:01:20 - [TEST_STEP][PASSED] - noofElements = com.compareElementsSize(): null&#xD;
&#xD;
2019-09-20 19:01:20 - [TEST_STEP][PASSED] - Assert.assertEquals(noofElements, nosOfProducts): null&#xD;
&#xD;
2019-09-20 19:01:20 - [TEST_STEP][PASSED] - for ([j = 1, j &lt;= nosOfProducts, (j++)]): null&#xD;
&#xD;
2019-09-20 19:01:20 - [TEST_STEP][PASSED] - xpath("//div[@class='p_designbox'][" + j + "]")).click(): null&#xD;
&#xD;
2019-09-20 19:01:22 - [TEST_STEP][PASSED] - s = getText(findTestObject("Object Repository/CompareFunctionality/ProductName")): Text of object 'Object Repository/CompareFunctionality/ProductName' is: 'iPhone Configurable Product'&#xD;
&#xD;
2019-09-20 19:01:22 - [MESSAGE][PASSED] - Text of object 'Object Repository/CompareFunctionality/ProductName' is: 'iPhone Configurable Product'&#xD;
&#xD;
2019-09-20 19:01:22 - [TEST_STEP][PASSED] - back(): Navigate back successfully&#xD;
&#xD;
2019-09-20 19:01:23 - [MESSAGE][PASSED] - Navigate back successfully&#xD;
&#xD;
2019-09-20 19:01:23 - [TEST_STEP][PASSED] - Assert.assertEquals(productNames.get(j - 1), s): null&#xD;
&#xD;
2019-09-20 19:01:23 - [TEST_STEP][PASSED] - xpath("//div[@class='p_designbox'][" + j + "]")).click(): null&#xD;
&#xD;
2019-09-20 19:01:26 - [TEST_STEP][PASSED] - s = getText(findTestObject("Object Repository/CompareFunctionality/ProductName")): Text of object 'Object Repository/CompareFunctionality/ProductName' is: 'Apple iPad 9.7-inch 128 GB Silver WiFi + Cell MR732HN/A'&#xD;
&#xD;
2019-09-20 19:01:26 - [MESSAGE][PASSED] - Text of object 'Object Repository/CompareFunctionality/ProductName' is: 'Apple iPad 9.7-inch 128 GB Silver WiFi + Cell MR732HN/A'&#xD;
&#xD;
2019-09-20 19:01:26 - [TEST_STEP][PASSED] - back(): Navigate back successfully&#xD;
&#xD;
2019-09-20 19:01:27 - [MESSAGE][PASSED] - Navigate back successfully&#xD;
&#xD;
2019-09-20 19:01:27 - [TEST_STEP][PASSED] - Assert.assertEquals(productNames.get(j - 1), s): null&#xD;
&#xD;
2019-09-20 19:01:27 - [TEST_STEP][PASSED] - xpath("//div[@class='p_designbox'][" + j + "]")).click(): null&#xD;
&#xD;
2019-09-20 19:01:28 - [TEST_STEP][PASSED] - s = getText(findTestObject("Object Repository/CompareFunctionality/ProductName")): Text of object 'Object Repository/CompareFunctionality/ProductName' is: 'Apple iPad 9.7-inch 128 GB Space Grey Wi-Fi MR7J2HN/A'&#xD;
&#xD;
2019-09-20 19:01:29 - [MESSAGE][PASSED] - Text of object 'Object Repository/CompareFunctionality/ProductName' is: 'Apple iPad 9.7-inch 128 GB Space Grey Wi-Fi MR7J2HN/A'&#xD;
&#xD;
2019-09-20 19:01:29 - [TEST_STEP][PASSED] - back(): Navigate back successfully&#xD;
&#xD;
2019-09-20 19:01:30 - [MESSAGE][PASSED] - Navigate back successfully&#xD;
&#xD;
2019-09-20 19:01:30 - [TEST_STEP][PASSED] - Assert.assertEquals(productNames.get(j - 1), s): null&#xD;
&#xD;
2019-09-20 19:01:30 - [TEST_STEP][PASSED] - Start tear down : tearDownTestCase: Method 'tearDownTestCase' complete successfully&#xD;
&#xD;
2019-09-20 19:01:30 - [TEST_STEP][PASSED] - Thread.sleep(3000): null&#xD;
&#xD;
2019-09-20 19:01:33 - [MESSAGE][PASSED] - Method 'tearDownTestCase' complete successfully</system-out>
            <system-err></system-err>
        </testcase>
        <testcase name="Test Cases/CheckifCommonFeaturesareHidden" classname="Test Cases/CheckifCommonFeaturesareHidden" status="PASSED">
            <system-out>2019-09-20 19:01:33 - [TEST_CASE][PASSED] - Test Cases/CheckifCommonFeaturesareHidden: Test Cases/CheckifCommonFeaturesareHidden&#xD;
&#xD;
2019-09-20 19:01:33 - [TEST_STEP][PASSED] - driver = getWebDriver(): null&#xD;
&#xD;
2019-09-20 19:01:33 - [TEST_STEP][PASSED] - click(findTestObject("Object Repository/CompareFunctionality/HideCommonFeaturesCheckbox")): Object: 'Object Repository/CompareFunctionality/HideCommonFeaturesCheckbox' is clicked on&#xD;
&#xD;
2019-09-20 19:01:33 - [MESSAGE][PASSED] - Object: 'Object Repository/CompareFunctionality/HideCommonFeaturesCheckbox' is clicked on&#xD;
&#xD;
2019-09-20 19:01:33 - [TEST_STEP][PASSED] - style = getAttribute(findTestObject("Object Repository/CompareFunctionality/CommonRows"), "style"): Attribute 'style' of object 'Object Repository/CompareFunctionality/CommonRows' is: 'overflow: hidden; height: 52.1958px; padding: 0px; margin: 0px; width: 1198.6px; opacity: 0.949014;'&#xD;
&#xD;
2019-09-20 19:01:33 - [MESSAGE][PASSED] - Attribute 'style' of object 'Object Repository/CompareFunctionality/CommonRows' is: 'overflow: hidden; height: 52.1958px; padding: 0px; margin: 0px; width: 1198.6px; opacity: 0.949014;'&#xD;
&#xD;
2019-09-20 19:01:33 - [TEST_STEP][PASSED] - println(style): null&#xD;
&#xD;
2019-09-20 19:01:33 - [TEST_STEP][PASSED] - flag = true: null&#xD;
&#xD;
2019-09-20 19:01:33 - [TEST_STEP][PASSED] - Assert.assertEquals(flag, !(style.isEmpty())): null&#xD;
&#xD;
2019-09-20 19:01:33 - [TEST_STEP][PASSED] - Start tear down : tearDownTestCase: Method 'tearDownTestCase' complete successfully&#xD;
&#xD;
2019-09-20 19:01:33 - [TEST_STEP][PASSED] - Thread.sleep(3000): null&#xD;
&#xD;
2019-09-20 19:01:36 - [MESSAGE][PASSED] - Method 'tearDownTestCase' complete successfully</system-out>
            <system-err></system-err>
        </testcase>
        <testcase name="Test Cases/RemoveFeatureofCompareProducts" classname="Test Cases/RemoveFeatureofCompareProducts" status="FAILED">
            <failure type="FAILED" message="Test Cases/RemoveFeatureofCompareProducts FAILED.&#xA;Reason:&#xA;com.kms.katalon.core.exception.StepFailedException: Call Test Case 'Test Cases/VerifyComparePopUpCount' failed&#xD;&#xA;&#x9;at com.kms.katalon.core.keyword.builtin.CallTestCaseKeyword$_callTestCase_closure1.doCall(CallTestCaseKeyword.groovy:63)&#xD;&#xA;&#x9;at com.kms.katalon.core.keyword.builtin.CallTestCaseKeyword$_callTestCase_closure1.call(CallTestCaseKeyword.groovy)&#xD;&#xA;&#x9;at com.kms.katalon.core.keyword.internal.KeywordMain.runKeyword(KeywordMain.groovy:68)&#xD;&#xA;&#x9;at com.kms.katalon.core.keyword.builtin.CallTestCaseKeyword.callTestCase(CallTestCaseKeyword.groovy:81)&#xD;&#xA;&#x9;at com.kms.katalon.core.keyword.builtin.CallTestCaseKeyword.execute(CallTestCaseKeyword.groovy:44)&#xD;&#xA;&#x9;at com.kms.katalon.core.keyword.internal.KeywordExecutor.executeKeywordForPlatform(KeywordExecutor.groovy:56)&#xD;&#xA;&#x9;at com.kms.katalon.core.keyword.BuiltinKeywords.callTestCase(BuiltinKeywords.groovy:350)&#xD;&#xA;&#x9;at RemoveFeatureofCompareProducts.run(RemoveFeatureofCompareProducts:55)&#xD;&#xA;&#x9;at com.kms.katalon.core.main.ScriptEngine.run(ScriptEngine.java:194)&#xD;&#xA;&#x9;at com.kms.katalon.core.main.ScriptEngine.runScriptAsRawText(ScriptEngine.java:119)&#xD;&#xA;&#x9;at com.kms.katalon.core.main.TestCaseExecutor.runScript(TestCaseExecutor.java:337)&#xD;&#xA;&#x9;at com.kms.katalon.core.main.TestCaseExecutor.doExecute(TestCaseExecutor.java:328)&#xD;&#xA;&#x9;at com.kms.katalon.core.main.TestCaseExecutor.processExecutionPhase(TestCaseExecutor.java:307)&#xD;&#xA;&#x9;at com.kms.katalon.core.main.TestCaseExecutor.accessMainPhase(TestCaseExecutor.java:299)&#xD;&#xA;&#x9;at com.kms.katalon.core.main.TestCaseExecutor.execute(TestCaseExecutor.java:233)&#xD;&#xA;&#x9;at com.kms.katalon.core.main.TestSuiteExecutor.accessTestCaseMainPhase(TestSuiteExecutor.java:169)&#xD;&#xA;&#x9;at com.kms.katalon.core.main.TestSuiteExecutor.accessTestSuiteMainPhase(TestSuiteExecutor.java:142)&#xD;&#xA;&#x9;at com.kms.katalon.core.main.TestSuiteExecutor.execute(TestSuiteExecutor.java:91)&#xD;&#xA;&#x9;at com.kms.katalon.core.main.TestCaseMain.startTestSuite(TestCaseMain.java:157)&#xD;&#xA;&#x9;at com.kms.katalon.core.main.TestCaseMain$startTestSuite$0.call(Unknown Source)&#xD;&#xA;&#x9;at TempTestSuite1568986216751.run(TempTestSuite1568986216751.groovy:35)&#xD;&#xA;Caused by: java.lang.AssertionError: expected [true] but found [false]&#xD;&#xA;&#x9;at org.testng.Assert.fail(Assert.java:93)&#xD;&#xA;&#x9;at org.testng.Assert.failNotEquals(Assert.java:512)&#xD;&#xA;&#x9;at org.testng.Assert.assertTrue(Assert.java:41)&#xD;&#xA;&#x9;at org.testng.Assert.assertTrue(Assert.java:51)&#xD;&#xA;&#x9;at org.testng.Assert$assertTrue$1.call(Unknown Source)&#xD;&#xA;&#x9;at VerifyComparePopUpCount.run(VerifyComparePopUpCount:23)&#xD;&#xA;&#x9;at com.kms.katalon.core.main.ScriptEngine.run(ScriptEngine.java:194)&#xD;&#xA;&#x9;at com.kms.katalon.core.main.ScriptEngine.runScriptAsRawText(ScriptEngine.java:119)&#xD;&#xA;&#x9;at com.kms.katalon.core.main.TestCaseExecutor.runScript(TestCaseExecutor.java:337)&#xD;&#xA;&#x9;at com.kms.katalon.core.main.TestCaseExecutor.doExecute(TestCaseExecutor.java:328)&#xD;&#xA;&#x9;at com.kms.katalon.core.main.TestCaseExecutor.processExecutionPhase(TestCaseExecutor.java:307)&#xD;&#xA;&#x9;at com.kms.katalon.core.main.TestCaseExecutor.accessMainPhase(TestCaseExecutor.java:299)&#xD;&#xA;&#x9;at com.kms.katalon.core.main.TestCaseExecutor.execute(TestCaseExecutor.java:233)&#xD;&#xA;&#x9;at com.kms.katalon.core.main.TestCaseMain.runTestCase(TestCaseMain.java:114)&#xD;&#xA;&#x9;at com.kms.katalon.core.keyword.builtin.CallTestCaseKeyword$_callTestCase_closure1.doCall(CallTestCaseKeyword.groovy:59)&#xD;&#xA;&#x9;... 20 more&#xD;&#xA;"/>
            <system-out>2019-09-20 19:01:36 - [TEST_CASE][FAILED] - Test Cases/RemoveFeatureofCompareProducts: Test Cases/RemoveFeatureofCompareProducts FAILED.
Reason:
com.kms.katalon.core.exception.StepFailedException: Call Test Case 'Test Cases/VerifyComparePopUpCount' failed&#xD;
	at com.kms.katalon.core.keyword.builtin.CallTestCaseKeyword$_callTestCase_closure1.doCall(CallTestCaseKeyword.groovy:63)&#xD;
	at com.kms.katalon.core.keyword.builtin.CallTestCaseKeyword$_callTestCase_closure1.call(CallTestCaseKeyword.groovy)&#xD;
	at com.kms.katalon.core.keyword.internal.KeywordMain.runKeyword(KeywordMain.groovy:68)&#xD;
	at com.kms.katalon.core.keyword.builtin.CallTestCaseKeyword.callTestCase(CallTestCaseKeyword.groovy:81)&#xD;
	at com.kms.katalon.core.keyword.builtin.CallTestCaseKeyword.execute(CallTestCaseKeyword.groovy:44)&#xD;
	at com.kms.katalon.core.keyword.internal.KeywordExecutor.executeKeywordForPlatform(KeywordExecutor.groovy:56)&#xD;
	at com.kms.katalon.core.keyword.BuiltinKeywords.callTestCase(BuiltinKeywords.groovy:350)&#xD;
	at RemoveFeatureofCompareProducts.run(RemoveFeatureofCompareProducts:55)&#xD;
	at com.kms.katalon.core.main.ScriptEngine.run(ScriptEngine.java:194)&#xD;
	at com.kms.katalon.core.main.ScriptEngine.runScriptAsRawText(ScriptEngine.java:119)&#xD;
	at com.kms.katalon.core.main.TestCaseExecutor.runScript(TestCaseExecutor.java:337)&#xD;
	at com.kms.katalon.core.main.TestCaseExecutor.doExecute(TestCaseExecutor.java:328)&#xD;
	at com.kms.katalon.core.main.TestCaseExecutor.processExecutionPhase(TestCaseExecutor.java:307)&#xD;
	at com.kms.katalon.core.main.TestCaseExecutor.accessMainPhase(TestCaseExecutor.java:299)&#xD;
	at com.kms.katalon.core.main.TestCaseExecutor.execute(TestCaseExecutor.java:233)&#xD;
	at com.kms.katalon.core.main.TestSuiteExecutor.accessTestCaseMainPhase(TestSuiteExecutor.java:169)&#xD;
	at com.kms.katalon.core.main.TestSuiteExecutor.accessTestSuiteMainPhase(TestSuiteExecutor.java:142)&#xD;
	at com.kms.katalon.core.main.TestSuiteExecutor.execute(TestSuiteExecutor.java:91)&#xD;
	at com.kms.katalon.core.main.TestCaseMain.startTestSuite(TestCaseMain.java:157)&#xD;
	at com.kms.katalon.core.main.TestCaseMain$startTestSuite$0.call(Unknown Source)&#xD;
	at TempTestSuite1568986216751.run(TempTestSuite1568986216751.groovy:35)&#xD;
Caused by: java.lang.AssertionError: expected [true] but found [false]&#xD;
	at org.testng.Assert.fail(Assert.java:93)&#xD;
	at org.testng.Assert.failNotEquals(Assert.java:512)&#xD;
	at org.testng.Assert.assertTrue(Assert.java:41)&#xD;
	at org.testng.Assert.assertTrue(Assert.java:51)&#xD;
	at org.testng.Assert$assertTrue$1.call(Unknown Source)&#xD;
	at VerifyComparePopUpCount.run(VerifyComparePopUpCount:23)&#xD;
	at com.kms.katalon.core.main.ScriptEngine.run(ScriptEngine.java:194)&#xD;
	at com.kms.katalon.core.main.ScriptEngine.runScriptAsRawText(ScriptEngine.java:119)&#xD;
	at com.kms.katalon.core.main.TestCaseExecutor.runScript(TestCaseExecutor.java:337)&#xD;
	at com.kms.katalon.core.main.TestCaseExecutor.doExecute(TestCaseExecutor.java:328)&#xD;
	at com.kms.katalon.core.main.TestCaseExecutor.processExecutionPhase(TestCaseExecutor.java:307)&#xD;
	at com.kms.katalon.core.main.TestCaseExecutor.accessMainPhase(TestCaseExecutor.java:299)&#xD;
	at com.kms.katalon.core.main.TestCaseExecutor.execute(TestCaseExecutor.java:233)&#xD;
	at com.kms.katalon.core.main.TestCaseMain.runTestCase(TestCaseMain.java:114)&#xD;
	at com.kms.katalon.core.keyword.builtin.CallTestCaseKeyword$_callTestCase_closure1.doCall(CallTestCaseKeyword.groovy:59)&#xD;
	... 20 more&#xD;
&#xD;
&#xD;
2019-09-20 19:01:36 - [TEST_STEP][PASSED] - driver = getWebDriver(): null&#xD;
&#xD;
2019-09-20 19:01:36 - [TEST_STEP][PASSED] - Thread.sleep(3000): null&#xD;
&#xD;
2019-09-20 19:01:39 - [TEST_STEP][PASSED] - click(findTestObject("Object Repository/CompareFunctionality/i_Get This Product_fa fa-times")): Object: 'Object Repository/CompareFunctionality/i_Get This Product_fa fa-times' is clicked on&#xD;
&#xD;
2019-09-20 19:01:39 - [MESSAGE][PASSED] - Object: 'Object Repository/CompareFunctionality/i_Get This Product_fa fa-times' is clicked on&#xD;
&#xD;
2019-09-20 19:01:39 - [TEST_STEP][PASSED] - Thread.sleep(3000): null&#xD;
&#xD;
2019-09-20 19:01:42 - [TEST_STEP][PASSED] - confirmMessage = getText(findTestObject("Object Repository/CompareFunctionality/CompareWarningpPopup")): Text of object 'Object Repository/CompareFunctionality/CompareWarningpPopup' is: 'Are you sure you want to remove this item from your Compare Products list?'&#xD;
&#xD;
2019-09-20 19:01:42 - [MESSAGE][PASSED] - Text of object 'Object Repository/CompareFunctionality/CompareWarningpPopup' is: 'Are you sure you want to remove this item from your Compare Products list?'&#xD;
&#xD;
2019-09-20 19:01:42 - [TEST_STEP][PASSED] - click(findTestObject("Object Repository/CompareFunctionality/span_OK")): Object: 'Object Repository/CompareFunctionality/span_OK' is clicked on&#xD;
&#xD;
2019-09-20 19:01:44 - [MESSAGE][PASSED] - Object: 'Object Repository/CompareFunctionality/span_OK' is clicked on&#xD;
&#xD;
2019-09-20 19:01:44 - [TEST_STEP][PASSED] - Assert.assertNotNull(confirmMessage): null&#xD;
&#xD;
2019-09-20 19:01:44 - [TEST_STEP][PASSED] - (internal.GlobalVariable.nosOfProducts--): null&#xD;
&#xD;
2019-09-20 19:01:44 - [TEST_STEP][PASSED] - refresh(): Refresh successfully&#xD;
&#xD;
2019-09-20 19:01:44 - [MESSAGE][PASSED] - Refresh successfully&#xD;
&#xD;
2019-09-20 19:01:44 - [TEST_STEP][PASSED] - count = Resources.nosOfProductsonComparePage(driver): null&#xD;
&#xD;
2019-09-20 19:01:45 - [TEST_STEP][PASSED] - Assert.assertEquals(count, nosOfProducts): null&#xD;
&#xD;
2019-09-20 19:01:45 - [TEST_STEP][PASSED] - Resources.movingToSmartphonesPage(): Object: 'Object Repository/Category_Traverse/Mobile and Electronics' is clicked on&#xD;
&#xD;
2019-09-20 19:01:45 - [MESSAGE][PASSED] - Object: 'Object Repository/Category_Traverse/Categories' is clicked on&#xD;
&#xD;
2019-09-20 19:01:45 - [MESSAGE][PASSED] - Object 'Object Repository/Category_Traverse/Mobile and Electronics' is clickable&#xD;
&#xD;
2019-09-20 19:01:47 - [MESSAGE][PASSED] - Object: 'Object Repository/Category_Traverse/Mobile and Electronics' is clicked on&#xD;
&#xD;
2019-09-20 19:01:47 - [TEST_STEP][FAILED] - productCount = callTestCase(findTestCase("Test Cases/VerifyComparePopUpCount"), null): Unable to call Test Case 'Test Cases/VerifyComparePopUpCount' (Root cause: com.kms.katalon.core.exception.StepFailedException: Call Test Case 'Test Cases/VerifyComparePopUpCount' failed&#xD;
	at com.kms.katalon.core.keyword.builtin.CallTestCaseKeyword$_callTestCase_closure1.doCall(CallTestCaseKeyword.groovy:63)&#xD;
	at com.kms.katalon.core.keyword.builtin.CallTestCaseKeyword$_callTestCase_closure1.call(CallTestCaseKeyword.groovy)&#xD;
	at com.kms.katalon.core.keyword.internal.KeywordMain.runKeyword(KeywordMain.groovy:68)&#xD;
	at com.kms.katalon.core.keyword.builtin.CallTestCaseKeyword.callTestCase(CallTestCaseKeyword.groovy:81)&#xD;
	at com.kms.katalon.core.keyword.builtin.CallTestCaseKeyword.execute(CallTestCaseKeyword.groovy:44)&#xD;
	at com.kms.katalon.core.keyword.internal.KeywordExecutor.executeKeywordForPlatform(KeywordExecutor.groovy:56)&#xD;
	at com.kms.katalon.core.keyword.BuiltinKeywords.callTestCase(BuiltinKeywords.groovy:350)&#xD;
	at RemoveFeatureofCompareProducts.run(RemoveFeatureofCompareProducts:55)&#xD;
	at com.kms.katalon.core.main.ScriptEngine.run(ScriptEngine.java:194)&#xD;
	at com.kms.katalon.core.main.ScriptEngine.runScriptAsRawText(ScriptEngine.java:119)&#xD;
	at com.kms.katalon.core.main.TestCaseExecutor.runScript(TestCaseExecutor.java:337)&#xD;
	at com.kms.katalon.core.main.TestCaseExecutor.doExecute(TestCaseExecutor.java:328)&#xD;
	at com.kms.katalon.core.main.TestCaseExecutor.processExecutionPhase(TestCaseExecutor.java:307)&#xD;
	at com.kms.katalon.core.main.TestCaseExecutor.accessMainPhase(TestCaseExecutor.java:299)&#xD;
	at com.kms.katalon.core.main.TestCaseExecutor.execute(TestCaseExecutor.java:233)&#xD;
	at com.kms.katalon.core.main.TestSuiteExecutor.accessTestCaseMainPhase(TestSuiteExecutor.java:169)&#xD;
	at com.kms.katalon.core.main.TestSuiteExecutor.accessTestSuiteMainPhase(TestSuiteExecutor.java:142)&#xD;
	at com.kms.katalon.core.main.TestSuiteExecutor.execute(TestSuiteExecutor.java:91)&#xD;
	at com.kms.katalon.core.main.TestCaseMain.startTestSuite(TestCaseMain.java:157)&#xD;
	at com.kms.katalon.core.main.TestCaseMain$startTestSuite$0.call(Unknown Source)&#xD;
	at TempTestSuite1568986216751.run(TempTestSuite1568986216751.groovy:35)&#xD;
Caused by: java.lang.AssertionError: expected [true] but found [false]&#xD;
	at org.testng.Assert.fail(Assert.java:93)&#xD;
	at org.testng.Assert.failNotEquals(Assert.java:512)&#xD;
	at org.testng.Assert.assertTrue(Assert.java:41)&#xD;
	at org.testng.Assert.assertTrue(Assert.java:51)&#xD;
	at org.testng.Assert$assertTrue$1.call(Unknown Source)&#xD;
	at VerifyComparePopUpCount.run(VerifyComparePopUpCount:23)&#xD;
	at com.kms.katalon.core.main.ScriptEngine.run(ScriptEngine.java:194)&#xD;
	at com.kms.katalon.core.main.ScriptEngine.runScriptAsRawText(ScriptEngine.java:119)&#xD;
	at com.kms.katalon.core.main.TestCaseExecutor.runScript(TestCaseExecutor.java:337)&#xD;
	at com.kms.katalon.core.main.TestCaseExecutor.doExecute(TestCaseExecutor.java:328)&#xD;
	at com.kms.katalon.core.main.TestCaseExecutor.processExecutionPhase(TestCaseExecutor.java:307)&#xD;
	at com.kms.katalon.core.main.TestCaseExecutor.accessMainPhase(TestCaseExecutor.java:299)&#xD;
	at com.kms.katalon.core.main.TestCaseExecutor.execute(TestCaseExecutor.java:233)&#xD;
	at com.kms.katalon.core.main.TestCaseMain.runTestCase(TestCaseMain.java:114)&#xD;
	at com.kms.katalon.core.keyword.builtin.CallTestCaseKeyword$_callTestCase_closure1.doCall(CallTestCaseKeyword.groovy:59)&#xD;
	... 20 more&#xD;
)&#xD;
&#xD;
2019-09-20 19:01:47 - [TEST_CASE][FAILED] - Test Cases/VerifyComparePopUpCount: Test Cases/VerifyComparePopUpCount FAILED.
Reason:
java.lang.AssertionError: expected [true] but found [false]&#xD;
	at org.testng.Assert.fail(Assert.java:93)&#xD;
	at org.testng.Assert.failNotEquals(Assert.java:512)&#xD;
	at org.testng.Assert.assertTrue(Assert.java:41)&#xD;
	at org.testng.Assert.assertTrue(Assert.java:51)&#xD;
	at org.testng.Assert$assertTrue$1.call(Unknown Source)&#xD;
	at VerifyComparePopUpCount.run(VerifyComparePopUpCount:23)&#xD;
	at com.kms.katalon.core.main.ScriptEngine.run(ScriptEngine.java:194)&#xD;
	at com.kms.katalon.core.main.ScriptEngine.runScriptAsRawText(ScriptEngine.java:119)&#xD;
	at com.kms.katalon.core.main.TestCaseExecutor.runScript(TestCaseExecutor.java:337)&#xD;
	at com.kms.katalon.core.main.TestCaseExecutor.doExecute(TestCaseExecutor.java:328)&#xD;
	at com.kms.katalon.core.main.TestCaseExecutor.processExecutionPhase(TestCaseExecutor.java:307)&#xD;
	at com.kms.katalon.core.main.TestCaseExecutor.accessMainPhase(TestCaseExecutor.java:299)&#xD;
	at com.kms.katalon.core.main.TestCaseExecutor.execute(TestCaseExecutor.java:233)&#xD;
	at com.kms.katalon.core.main.TestCaseMain.runTestCase(TestCaseMain.java:114)&#xD;
	at com.kms.katalon.core.keyword.builtin.CallTestCaseKeyword$_callTestCase_closure1.doCall(CallTestCaseKeyword.groovy:59)&#xD;
	at com.kms.katalon.core.keyword.builtin.CallTestCaseKeyword$_callTestCase_closure1.call(CallTestCaseKeyword.groovy)&#xD;
	at com.kms.katalon.core.keyword.internal.KeywordMain.runKeyword(KeywordMain.groovy:68)&#xD;
	at com.kms.katalon.core.keyword.builtin.CallTestCaseKeyword.callTestCase(CallTestCaseKeyword.groovy:81)&#xD;
	at com.kms.katalon.core.keyword.builtin.CallTestCaseKeyword.execute(CallTestCaseKeyword.groovy:44)&#xD;
	at com.kms.katalon.core.keyword.internal.KeywordExecutor.executeKeywordForPlatform(KeywordExecutor.groovy:56)&#xD;
	at com.kms.katalon.core.keyword.BuiltinKeywords.callTestCase(BuiltinKeywords.groovy:350)&#xD;
	at RemoveFeatureofCompareProducts.run(RemoveFeatureofCompareProducts:55)&#xD;
	at com.kms.katalon.core.main.ScriptEngine.run(ScriptEngine.java:194)&#xD;
	at com.kms.katalon.core.main.ScriptEngine.runScriptAsRawText(ScriptEngine.java:119)&#xD;
	at com.kms.katalon.core.main.TestCaseExecutor.runScript(TestCaseExecutor.java:337)&#xD;
	at com.kms.katalon.core.main.TestCaseExecutor.doExecute(TestCaseExecutor.java:328)&#xD;
	at com.kms.katalon.core.main.TestCaseExecutor.processExecutionPhase(TestCaseExecutor.java:307)&#xD;
	at com.kms.katalon.core.main.TestCaseExecutor.accessMainPhase(TestCaseExecutor.java:299)&#xD;
	at com.kms.katalon.core.main.TestCaseExecutor.execute(TestCaseExecutor.java:233)&#xD;
	at com.kms.katalon.core.main.TestSuiteExecutor.accessTestCaseMainPhase(TestSuiteExecutor.java:169)&#xD;
	at com.kms.katalon.core.main.TestSuiteExecutor.accessTestSuiteMainPhase(TestSuiteExecutor.java:142)&#xD;
	at com.kms.katalon.core.main.TestSuiteExecutor.execute(TestSuiteExecutor.java:91)&#xD;
	at com.kms.katalon.core.main.TestCaseMain.startTestSuite(TestCaseMain.java:157)&#xD;
	at com.kms.katalon.core.main.TestCaseMain$startTestSuite$0.call(Unknown Source)&#xD;
	at TempTestSuite1568986216751.run(TempTestSuite1568986216751.groovy:35)&#xD;
&#xD;
&#xD;
2019-09-20 19:01:47 - [TEST_STEP][PASSED] - Assert.assertTrue(Resources.checkifComparepopuppresent()): null&#xD;
&#xD;
2019-09-20 19:01:47 - [MESSAGE][FAILED] - Unable to call Test Case 'Test Cases/VerifyComparePopUpCount' (Root cause: com.kms.katalon.core.exception.StepFailedException: Call Test Case 'Test Cases/VerifyComparePopUpCount' failed&#xD;
	at com.kms.katalon.core.keyword.builtin.CallTestCaseKeyword$_callTestCase_closure1.doCall(CallTestCaseKeyword.groovy:63)&#xD;
	at com.kms.katalon.core.keyword.builtin.CallTestCaseKeyword$_callTestCase_closure1.call(CallTestCaseKeyword.groovy)&#xD;
	at com.kms.katalon.core.keyword.internal.KeywordMain.runKeyword(KeywordMain.groovy:68)&#xD;
	at com.kms.katalon.core.keyword.builtin.CallTestCaseKeyword.callTestCase(CallTestCaseKeyword.groovy:81)&#xD;
	at com.kms.katalon.core.keyword.builtin.CallTestCaseKeyword.execute(CallTestCaseKeyword.groovy:44)&#xD;
	at com.kms.katalon.core.keyword.internal.KeywordExecutor.executeKeywordForPlatform(KeywordExecutor.groovy:56)&#xD;
	at com.kms.katalon.core.keyword.BuiltinKeywords.callTestCase(BuiltinKeywords.groovy:350)&#xD;
	at RemoveFeatureofCompareProducts.run(RemoveFeatureofCompareProducts:55)&#xD;
	at com.kms.katalon.core.main.ScriptEngine.run(ScriptEngine.java:194)&#xD;
	at com.kms.katalon.core.main.ScriptEngine.runScriptAsRawText(ScriptEngine.java:119)&#xD;
	at com.kms.katalon.core.main.TestCaseExecutor.runScript(TestCaseExecutor.java:337)&#xD;
	at com.kms.katalon.core.main.TestCaseExecutor.doExecute(TestCaseExecutor.java:328)&#xD;
	at com.kms.katalon.core.main.TestCaseExecutor.processExecutionPhase(TestCaseExecutor.java:307)&#xD;
	at com.kms.katalon.core.main.TestCaseExecutor.accessMainPhase(TestCaseExecutor.java:299)&#xD;
	at com.kms.katalon.core.main.TestCaseExecutor.execute(TestCaseExecutor.java:233)&#xD;
	at com.kms.katalon.core.main.TestSuiteExecutor.accessTestCaseMainPhase(TestSuiteExecutor.java:169)&#xD;
	at com.kms.katalon.core.main.TestSuiteExecutor.accessTestSuiteMainPhase(TestSuiteExecutor.java:142)&#xD;
	at com.kms.katalon.core.main.TestSuiteExecutor.execute(TestSuiteExecutor.java:91)&#xD;
	at com.kms.katalon.core.main.TestCaseMain.startTestSuite(TestCaseMain.java:157)&#xD;
	at com.kms.katalon.core.main.TestCaseMain$startTestSuite$0.call(Unknown Source)&#xD;
	at TempTestSuite1568986216751.run(TempTestSuite1568986216751.groovy:35)&#xD;
Caused by: java.lang.AssertionError: expected [true] but found [false]&#xD;
	at org.testng.Assert.fail(Assert.java:93)&#xD;
	at org.testng.Assert.failNotEquals(Assert.java:512)&#xD;
	at org.testng.Assert.assertTrue(Assert.java:41)&#xD;
	at org.testng.Assert.assertTrue(Assert.java:51)&#xD;
	at org.testng.Assert$assertTrue$1.call(Unknown Source)&#xD;
	at VerifyComparePopUpCount.run(VerifyComparePopUpCount:23)&#xD;
	at com.kms.katalon.core.main.ScriptEngine.run(ScriptEngine.java:194)&#xD;
	at com.kms.katalon.core.main.ScriptEngine.runScriptAsRawText(ScriptEngine.java:119)&#xD;
	at com.kms.katalon.core.main.TestCaseExecutor.runScript(TestCaseExecutor.java:337)&#xD;
	at com.kms.katalon.core.main.TestCaseExecutor.doExecute(TestCaseExecutor.java:328)&#xD;
	at com.kms.katalon.core.main.TestCaseExecutor.processExecutionPhase(TestCaseExecutor.java:307)&#xD;
	at com.kms.katalon.core.main.TestCaseExecutor.accessMainPhase(TestCaseExecutor.java:299)&#xD;
	at com.kms.katalon.core.main.TestCaseExecutor.execute(TestCaseExecutor.java:233)&#xD;
	at com.kms.katalon.core.main.TestCaseMain.runTestCase(TestCaseMain.java:114)&#xD;
	at com.kms.katalon.core.keyword.builtin.CallTestCaseKeyword$_callTestCase_closure1.doCall(CallTestCaseKeyword.groovy:59)&#xD;
	... 20 more&#xD;
)&#xD;
&#xD;
2019-09-20 19:01:47 - [TEST_STEP][PASSED] - Start tear down : tearDownTestCase: Method 'tearDownTestCase' complete successfully&#xD;
&#xD;
2019-09-20 19:01:47 - [TEST_STEP][PASSED] - Thread.sleep(3000): null&#xD;
&#xD;
2019-09-20 19:01:50 - [MESSAGE][PASSED] - Method 'tearDownTestCase' complete successfully</system-out>
            <system-err>2019-09-20 19:01:36 - [TEST_CASE][FAILED] - Test Cases/RemoveFeatureofCompareProducts: Test Cases/RemoveFeatureofCompareProducts FAILED.
Reason:
com.kms.katalon.core.exception.StepFailedException: Call Test Case 'Test Cases/VerifyComparePopUpCount' failed&#xD;
	at com.kms.katalon.core.keyword.builtin.CallTestCaseKeyword$_callTestCase_closure1.doCall(CallTestCaseKeyword.groovy:63)&#xD;
	at com.kms.katalon.core.keyword.builtin.CallTestCaseKeyword$_callTestCase_closure1.call(CallTestCaseKeyword.groovy)&#xD;
	at com.kms.katalon.core.keyword.internal.KeywordMain.runKeyword(KeywordMain.groovy:68)&#xD;
	at com.kms.katalon.core.keyword.builtin.CallTestCaseKeyword.callTestCase(CallTestCaseKeyword.groovy:81)&#xD;
	at com.kms.katalon.core.keyword.builtin.CallTestCaseKeyword.execute(CallTestCaseKeyword.groovy:44)&#xD;
	at com.kms.katalon.core.keyword.internal.KeywordExecutor.executeKeywordForPlatform(KeywordExecutor.groovy:56)&#xD;
	at com.kms.katalon.core.keyword.BuiltinKeywords.callTestCase(BuiltinKeywords.groovy:350)&#xD;
	at RemoveFeatureofCompareProducts.run(RemoveFeatureofCompareProducts:55)&#xD;
	at com.kms.katalon.core.main.ScriptEngine.run(ScriptEngine.java:194)&#xD;
	at com.kms.katalon.core.main.ScriptEngine.runScriptAsRawText(ScriptEngine.java:119)&#xD;
	at com.kms.katalon.core.main.TestCaseExecutor.runScript(TestCaseExecutor.java:337)&#xD;
	at com.kms.katalon.core.main.TestCaseExecutor.doExecute(TestCaseExecutor.java:328)&#xD;
	at com.kms.katalon.core.main.TestCaseExecutor.processExecutionPhase(TestCaseExecutor.java:307)&#xD;
	at com.kms.katalon.core.main.TestCaseExecutor.accessMainPhase(TestCaseExecutor.java:299)&#xD;
	at com.kms.katalon.core.main.TestCaseExecutor.execute(TestCaseExecutor.java:233)&#xD;
	at com.kms.katalon.core.main.TestSuiteExecutor.accessTestCaseMainPhase(TestSuiteExecutor.java:169)&#xD;
	at com.kms.katalon.core.main.TestSuiteExecutor.accessTestSuiteMainPhase(TestSuiteExecutor.java:142)&#xD;
	at com.kms.katalon.core.main.TestSuiteExecutor.execute(TestSuiteExecutor.java:91)&#xD;
	at com.kms.katalon.core.main.TestCaseMain.startTestSuite(TestCaseMain.java:157)&#xD;
	at com.kms.katalon.core.main.TestCaseMain$startTestSuite$0.call(Unknown Source)&#xD;
	at TempTestSuite1568986216751.run(TempTestSuite1568986216751.groovy:35)&#xD;
Caused by: java.lang.AssertionError: expected [true] but found [false]&#xD;
	at org.testng.Assert.fail(Assert.java:93)&#xD;
	at org.testng.Assert.failNotEquals(Assert.java:512)&#xD;
	at org.testng.Assert.assertTrue(Assert.java:41)&#xD;
	at org.testng.Assert.assertTrue(Assert.java:51)&#xD;
	at org.testng.Assert$assertTrue$1.call(Unknown Source)&#xD;
	at VerifyComparePopUpCount.run(VerifyComparePopUpCount:23)&#xD;
	at com.kms.katalon.core.main.ScriptEngine.run(ScriptEngine.java:194)&#xD;
	at com.kms.katalon.core.main.ScriptEngine.runScriptAsRawText(ScriptEngine.java:119)&#xD;
	at com.kms.katalon.core.main.TestCaseExecutor.runScript(TestCaseExecutor.java:337)&#xD;
	at com.kms.katalon.core.main.TestCaseExecutor.doExecute(TestCaseExecutor.java:328)&#xD;
	at com.kms.katalon.core.main.TestCaseExecutor.processExecutionPhase(TestCaseExecutor.java:307)&#xD;
	at com.kms.katalon.core.main.TestCaseExecutor.accessMainPhase(TestCaseExecutor.java:299)&#xD;
	at com.kms.katalon.core.main.TestCaseExecutor.execute(TestCaseExecutor.java:233)&#xD;
	at com.kms.katalon.core.main.TestCaseMain.runTestCase(TestCaseMain.java:114)&#xD;
	at com.kms.katalon.core.keyword.builtin.CallTestCaseKeyword$_callTestCase_closure1.doCall(CallTestCaseKeyword.groovy:59)&#xD;
	... 20 more</system-err>
        </testcase>
        <testcase name="Test Cases/VerifyMainCategoryNames" classname="Test Cases/VerifyMainCategoryNames" status="PASSED">
            <system-out>2019-09-20 19:01:50 - [TEST_CASE][PASSED] - Test Cases/VerifyMainCategoryNames: Test Cases/VerifyMainCategoryNames&#xD;
&#xD;
2019-09-20 19:01:50 - [TEST_STEP][PASSED] - mouseOver(findTestObject("Object Repository/PLPpage/PLP_Title")): Object: 'Object Repository/PLPpage/PLP_Title' is hovered&#xD;
&#xD;
2019-09-20 19:01:50 - [MESSAGE][PASSED] - Object: 'Object Repository/PLPpage/PLP_Title' is hovered&#xD;
&#xD;
2019-09-20 19:01:50 - [TEST_STEP][PASSED] - categoryNames = new java.util.ArrayList(): null&#xD;
&#xD;
2019-09-20 19:01:50 - [TEST_STEP][PASSED] - driver = getWebDriver(): null&#xD;
&#xD;
2019-09-20 19:01:50 - [TEST_STEP][PASSED] - size = xpath("//div[@class='a_deskcatagory']/ul/li")).size(): null&#xD;
&#xD;
2019-09-20 19:01:50 - [TEST_STEP][PASSED] - for ([i = 1, i &lt;= size, (i++)]): Navigate back successfully&#xD;
&#xD;
2019-09-20 19:01:50 - [TEST_STEP][PASSED] - waitForElementNotPresent(findTestObject("Object Repository/Category_Traverse/Categories"), 5): Web element with id: 'Object Repository/Category_Traverse/Categories' located by 'By.xpath: //a[@class='categorySelect']' is present after '5' second(s)&#xD;
&#xD;
2019-09-20 19:01:56 - [MESSAGE][WARNING] - Web element with id: 'Object Repository/Category_Traverse/Categories' located by 'By.xpath: //a[@class='categorySelect']' is present after '5' second(s)&#xD;
&#xD;
2019-09-20 19:01:56 - [TEST_STEP][PASSED] - click(findTestObject("Object Repository/Category_Traverse/Categories")): Object: 'Object Repository/Category_Traverse/Categories' is clicked on&#xD;
&#xD;
2019-09-20 19:01:56 - [MESSAGE][PASSED] - Object: 'Object Repository/Category_Traverse/Categories' is clicked on&#xD;
&#xD;
2019-09-20 19:01:56 - [TEST_STEP][PASSED] - waitForElementNotPresent(findTestObject("Object Repository/Category_Traverse/CommonCategoryList"), 5): Web element with id: 'Object Repository/Category_Traverse/CommonCategoryList' located by 'By.xpath: //div[@class='a_deskcatagory']/ul/li["+i+"]/a' is present after '5' second(s)&#xD;
&#xD;
2019-09-20 19:02:01 - [MESSAGE][WARNING] - Web element with id: 'Object Repository/Category_Traverse/CommonCategoryList' located by 'By.xpath: //div[@class='a_deskcatagory']/ul/li["+i+"]/a' is present after '5' second(s)&#xD;
&#xD;
2019-09-20 19:02:01 - [TEST_STEP][PASSED] - categoryNames.add(xpath("//div[@class='a_deskcatagory']/ul/li[" + i + "]/a")).getText()): null&#xD;
&#xD;
2019-09-20 19:02:01 - [TEST_STEP][PASSED] - xpath("//div[@class='a_deskcatagory']/ul/li[" + i + "]/a")).click(): null&#xD;
&#xD;
2019-09-20 19:02:03 - [TEST_STEP][PASSED] - match = getText(findTestObject("Object Repository/PLPpage/PLP_Title")): Text of object 'Object Repository/PLPpage/PLP_Title' is: 'Mobiles and Electronics'&#xD;
&#xD;
2019-09-20 19:02:03 - [MESSAGE][PASSED] - Text of object 'Object Repository/PLPpage/PLP_Title' is: 'Mobiles and Electronics'&#xD;
&#xD;
2019-09-20 19:02:03 - [TEST_STEP][PASSED] - Assert.assertEquals(match, categoryNames.get(i - 1)): null&#xD;
&#xD;
2019-09-20 19:02:03 - [TEST_STEP][PASSED] - back(): Navigate back successfully&#xD;
&#xD;
2019-09-20 19:02:04 - [MESSAGE][PASSED] - Navigate back successfully&#xD;
&#xD;
2019-09-20 19:02:04 - [TEST_STEP][PASSED] - waitForElementNotPresent(findTestObject("Object Repository/Category_Traverse/Categories"), 5): Web element with id: 'Object Repository/Category_Traverse/Categories' located by 'By.xpath: //a[@class='categorySelect']' is present after '5' second(s)&#xD;
&#xD;
2019-09-20 19:02:10 - [MESSAGE][WARNING] - Web element with id: 'Object Repository/Category_Traverse/Categories' located by 'By.xpath: //a[@class='categorySelect']' is present after '5' second(s)&#xD;
&#xD;
2019-09-20 19:02:10 - [TEST_STEP][PASSED] - click(findTestObject("Object Repository/Category_Traverse/Categories")): Object: 'Object Repository/Category_Traverse/Categories' is clicked on&#xD;
&#xD;
2019-09-20 19:02:10 - [MESSAGE][PASSED] - Object: 'Object Repository/Category_Traverse/Categories' is clicked on&#xD;
&#xD;
2019-09-20 19:02:10 - [TEST_STEP][PASSED] - waitForElementNotPresent(findTestObject("Object Repository/Category_Traverse/CommonCategoryList"), 5): Web element with id: 'Object Repository/Category_Traverse/CommonCategoryList' located by 'By.xpath: //div[@class='a_deskcatagory']/ul/li["+i+"]/a' is present after '5' second(s)&#xD;
&#xD;
2019-09-20 19:02:15 - [MESSAGE][WARNING] - Web element with id: 'Object Repository/Category_Traverse/CommonCategoryList' located by 'By.xpath: //div[@class='a_deskcatagory']/ul/li["+i+"]/a' is present after '5' second(s)&#xD;
&#xD;
2019-09-20 19:02:15 - [TEST_STEP][PASSED] - categoryNames.add(xpath("//div[@class='a_deskcatagory']/ul/li[" + i + "]/a")).getText()): null&#xD;
&#xD;
2019-09-20 19:02:15 - [TEST_STEP][PASSED] - xpath("//div[@class='a_deskcatagory']/ul/li[" + i + "]/a")).click(): null&#xD;
&#xD;
2019-09-20 19:02:17 - [TEST_STEP][PASSED] - match = getText(findTestObject("Object Repository/PLPpage/PLP_Title")): Text of object 'Object Repository/PLPpage/PLP_Title' is: 'TVs and Large Appliances'&#xD;
&#xD;
2019-09-20 19:02:18 - [MESSAGE][PASSED] - Text of object 'Object Repository/PLPpage/PLP_Title' is: 'TVs and Large Appliances'&#xD;
&#xD;
2019-09-20 19:02:18 - [TEST_STEP][PASSED] - Assert.assertEquals(match, categoryNames.get(i - 1)): null&#xD;
&#xD;
2019-09-20 19:02:18 - [TEST_STEP][PASSED] - back(): Navigate back successfully&#xD;
&#xD;
2019-09-20 19:02:19 - [MESSAGE][PASSED] - Navigate back successfully&#xD;
&#xD;
2019-09-20 19:02:19 - [TEST_STEP][PASSED] - waitForElementNotPresent(findTestObject("Object Repository/Category_Traverse/Categories"), 5): Web element with id: 'Object Repository/Category_Traverse/Categories' located by 'By.xpath: //a[@class='categorySelect']' is present after '5' second(s)&#xD;
&#xD;
2019-09-20 19:02:24 - [MESSAGE][WARNING] - Web element with id: 'Object Repository/Category_Traverse/Categories' located by 'By.xpath: //a[@class='categorySelect']' is present after '5' second(s)&#xD;
&#xD;
2019-09-20 19:02:24 - [TEST_STEP][PASSED] - click(findTestObject("Object Repository/Category_Traverse/Categories")): Object: 'Object Repository/Category_Traverse/Categories' is clicked on&#xD;
&#xD;
2019-09-20 19:02:24 - [MESSAGE][PASSED] - Object: 'Object Repository/Category_Traverse/Categories' is clicked on&#xD;
&#xD;
2019-09-20 19:02:24 - [TEST_STEP][PASSED] - waitForElementNotPresent(findTestObject("Object Repository/Category_Traverse/CommonCategoryList"), 5): Web element with id: 'Object Repository/Category_Traverse/CommonCategoryList' located by 'By.xpath: //div[@class='a_deskcatagory']/ul/li["+i+"]/a' is present after '5' second(s)&#xD;
&#xD;
2019-09-20 19:02:30 - [MESSAGE][WARNING] - Web element with id: 'Object Repository/Category_Traverse/CommonCategoryList' located by 'By.xpath: //div[@class='a_deskcatagory']/ul/li["+i+"]/a' is present after '5' second(s)&#xD;
&#xD;
2019-09-20 19:02:30 - [TEST_STEP][PASSED] - categoryNames.add(xpath("//div[@class='a_deskcatagory']/ul/li[" + i + "]/a")).getText()): null&#xD;
&#xD;
2019-09-20 19:02:30 - [TEST_STEP][PASSED] - xpath("//div[@class='a_deskcatagory']/ul/li[" + i + "]/a")).click(): null&#xD;
&#xD;
2019-09-20 19:02:34 - [TEST_STEP][PASSED] - match = getText(findTestObject("Object Repository/PLPpage/PLP_Title")): Text of object 'Object Repository/PLPpage/PLP_Title' is: 'Kitchen Appliances'&#xD;
&#xD;
2019-09-20 19:02:34 - [MESSAGE][PASSED] - Text of object 'Object Repository/PLPpage/PLP_Title' is: 'Kitchen Appliances'&#xD;
&#xD;
2019-09-20 19:02:34 - [TEST_STEP][PASSED] - Assert.assertEquals(match, categoryNames.get(i - 1)): null&#xD;
&#xD;
2019-09-20 19:02:34 - [TEST_STEP][PASSED] - back(): Navigate back successfully&#xD;
&#xD;
2019-09-20 19:02:35 - [MESSAGE][PASSED] - Navigate back successfully&#xD;
&#xD;
2019-09-20 19:02:35 - [TEST_STEP][PASSED] - waitForElementNotPresent(findTestObject("Object Repository/Category_Traverse/Categories"), 5): Web element with id: 'Object Repository/Category_Traverse/Categories' located by 'By.xpath: //a[@class='categorySelect']' is present after '5' second(s)&#xD;
&#xD;
2019-09-20 19:02:40 - [MESSAGE][WARNING] - Web element with id: 'Object Repository/Category_Traverse/Categories' located by 'By.xpath: //a[@class='categorySelect']' is present after '5' second(s)&#xD;
&#xD;
2019-09-20 19:02:40 - [TEST_STEP][PASSED] - click(findTestObject("Object Repository/Category_Traverse/Categories")): Object: 'Object Repository/Category_Traverse/Categories' is clicked on&#xD;
&#xD;
2019-09-20 19:02:40 - [MESSAGE][PASSED] - Object: 'Object Repository/Category_Traverse/Categories' is clicked on&#xD;
&#xD;
2019-09-20 19:02:40 - [TEST_STEP][PASSED] - waitForElementNotPresent(findTestObject("Object Repository/Category_Traverse/CommonCategoryList"), 5): Web element with id: 'Object Repository/Category_Traverse/CommonCategoryList' located by 'By.xpath: //div[@class='a_deskcatagory']/ul/li["+i+"]/a' is present after '5' second(s)&#xD;
&#xD;
2019-09-20 19:02:45 - [MESSAGE][WARNING] - Web element with id: 'Object Repository/Category_Traverse/CommonCategoryList' located by 'By.xpath: //div[@class='a_deskcatagory']/ul/li["+i+"]/a' is present after '5' second(s)&#xD;
&#xD;
2019-09-20 19:02:45 - [TEST_STEP][PASSED] - categoryNames.add(xpath("//div[@class='a_deskcatagory']/ul/li[" + i + "]/a")).getText()): null&#xD;
&#xD;
2019-09-20 19:02:45 - [TEST_STEP][PASSED] - xpath("//div[@class='a_deskcatagory']/ul/li[" + i + "]/a")).click(): null&#xD;
&#xD;
2019-09-20 19:02:47 - [TEST_STEP][PASSED] - match = getText(findTestObject("Object Repository/PLPpage/PLP_Title")): Text of object 'Object Repository/PLPpage/PLP_Title' is: 'Small Home Appliances'&#xD;
&#xD;
2019-09-20 19:02:47 - [MESSAGE][PASSED] - Text of object 'Object Repository/PLPpage/PLP_Title' is: 'Small Home Appliances'&#xD;
&#xD;
2019-09-20 19:02:47 - [TEST_STEP][PASSED] - Assert.assertEquals(match, categoryNames.get(i - 1)): null&#xD;
&#xD;
2019-09-20 19:02:47 - [TEST_STEP][PASSED] - back(): Navigate back successfully&#xD;
&#xD;
2019-09-20 19:02:48 - [MESSAGE][PASSED] - Navigate back successfully&#xD;
&#xD;
2019-09-20 19:02:48 - [TEST_STEP][PASSED] - Start tear down : tearDownTestCase: Method 'tearDownTestCase' complete successfully&#xD;
&#xD;
2019-09-20 19:02:48 - [TEST_STEP][PASSED] - Thread.sleep(3000): null&#xD;
&#xD;
2019-09-20 19:02:51 - [MESSAGE][PASSED] - Method 'tearDownTestCase' complete successfully</system-out>
            <system-err></system-err>
        </testcase>
        <testcase name="Test Cases/AddingProductsfromComparePage" classname="Test Cases/AddingProductsfromComparePage" status="ERROR">
            <error type="ERROR" message="Test Cases/AddingProductsfromComparePage FAILED.&#xA;Reason:&#xA;groovy.lang.MissingMethodException: No signature of method: static com.kms.katalon.core.webui.keyword.WebUiBuiltInKeywords.setText() is applicable for argument types: (com.kms.katalon.core.testobject.TestObject, java.lang.Character) values: [TestObject - 'Object Repository/CompareFunctionality/input_Select another product_selectpro', ...]&#xA;Possible solutions: setText(com.kms.katalon.core.testobject.TestObject, java.lang.String), getText(com.kms.katalon.core.testobject.TestObject), getText(com.kms.katalon.core.testobject.TestObject, com.kms.katalon.core.model.FailureHandling), setText(com.kms.katalon.core.testobject.TestObject, java.lang.String, com.kms.katalon.core.model.FailureHandling), clearText(com.kms.katalon.core.testobject.TestObject), clearText(com.kms.katalon.core.testobject.TestObject, com.kms.katalon.core.model.FailureHandling)&#xD;&#xA;&#x9;at AddingProductsfromComparePage.run(AddingProductsfromComparePage:30)&#xD;&#xA;&#x9;at com.kms.katalon.core.main.ScriptEngine.run(ScriptEngine.java:194)&#xD;&#xA;&#x9;at com.kms.katalon.core.main.ScriptEngine.runScriptAsRawText(ScriptEngine.java:119)&#xD;&#xA;&#x9;at com.kms.katalon.core.main.TestCaseExecutor.runScript(TestCaseExecutor.java:337)&#xD;&#xA;&#x9;at com.kms.katalon.core.main.TestCaseExecutor.doExecute(TestCaseExecutor.java:328)&#xD;&#xA;&#x9;at com.kms.katalon.core.main.TestCaseExecutor.processExecutionPhase(TestCaseExecutor.java:307)&#xD;&#xA;&#x9;at com.kms.katalon.core.main.TestCaseExecutor.accessMainPhase(TestCaseExecutor.java:299)&#xD;&#xA;&#x9;at com.kms.katalon.core.main.TestCaseExecutor.execute(TestCaseExecutor.java:233)&#xD;&#xA;&#x9;at com.kms.katalon.core.main.TestSuiteExecutor.accessTestCaseMainPhase(TestSuiteExecutor.java:169)&#xD;&#xA;&#x9;at com.kms.katalon.core.main.TestSuiteExecutor.accessTestSuiteMainPhase(TestSuiteExecutor.java:142)&#xD;&#xA;&#x9;at com.kms.katalon.core.main.TestSuiteExecutor.execute(TestSuiteExecutor.java:91)&#xD;&#xA;&#x9;at com.kms.katalon.core.main.TestCaseMain.startTestSuite(TestCaseMain.java:157)&#xD;&#xA;&#x9;at com.kms.katalon.core.main.TestCaseMain$startTestSuite$0.call(Unknown Source)&#xD;&#xA;&#x9;at TempTestSuite1568986216751.run(TempTestSuite1568986216751.groovy:35)&#xD;&#xA;"/>
            <system-out>2019-09-20 19:02:51 - [TEST_CASE][ERROR] - Test Cases/AddingProductsfromComparePage: Test Cases/AddingProductsfromComparePage FAILED.
Reason:
groovy.lang.MissingMethodException: No signature of method: static com.kms.katalon.core.webui.keyword.WebUiBuiltInKeywords.setText() is applicable for argument types: (com.kms.katalon.core.testobject.TestObject, java.lang.Character) values: [TestObject - 'Object Repository/CompareFunctionality/input_Select another product_selectpro', ...]
Possible solutions: setText(com.kms.katalon.core.testobject.TestObject, java.lang.String), getText(com.kms.katalon.core.testobject.TestObject), getText(com.kms.katalon.core.testobject.TestObject, com.kms.katalon.core.model.FailureHandling), setText(com.kms.katalon.core.testobject.TestObject, java.lang.String, com.kms.katalon.core.model.FailureHandling), clearText(com.kms.katalon.core.testobject.TestObject), clearText(com.kms.katalon.core.testobject.TestObject, com.kms.katalon.core.model.FailureHandling)&#xD;
	at AddingProductsfromComparePage.run(AddingProductsfromComparePage:30)&#xD;
	at com.kms.katalon.core.main.ScriptEngine.run(ScriptEngine.java:194)&#xD;
	at com.kms.katalon.core.main.ScriptEngine.runScriptAsRawText(ScriptEngine.java:119)&#xD;
	at com.kms.katalon.core.main.TestCaseExecutor.runScript(TestCaseExecutor.java:337)&#xD;
	at com.kms.katalon.core.main.TestCaseExecutor.doExecute(TestCaseExecutor.java:328)&#xD;
	at com.kms.katalon.core.main.TestCaseExecutor.processExecutionPhase(TestCaseExecutor.java:307)&#xD;
	at com.kms.katalon.core.main.TestCaseExecutor.accessMainPhase(TestCaseExecutor.java:299)&#xD;
	at com.kms.katalon.core.main.TestCaseExecutor.execute(TestCaseExecutor.java:233)&#xD;
	at com.kms.katalon.core.main.TestSuiteExecutor.accessTestCaseMainPhase(TestSuiteExecutor.java:169)&#xD;
	at com.kms.katalon.core.main.TestSuiteExecutor.accessTestSuiteMainPhase(TestSuiteExecutor.java:142)&#xD;
	at com.kms.katalon.core.main.TestSuiteExecutor.execute(TestSuiteExecutor.java:91)&#xD;
	at com.kms.katalon.core.main.TestCaseMain.startTestSuite(TestCaseMain.java:157)&#xD;
	at com.kms.katalon.core.main.TestCaseMain$startTestSuite$0.call(Unknown Source)&#xD;
	at TempTestSuite1568986216751.run(TempTestSuite1568986216751.groovy:35)&#xD;
&#xD;
&#xD;
2019-09-20 19:02:51 - [TEST_STEP][PASSED] - productFirstName = get(1).charAt(0): null&#xD;
&#xD;
2019-09-20 19:02:51 - [TEST_STEP][PASSED] - println(productFirstName): null&#xD;
&#xD;
2019-09-20 19:02:51 - [TEST_STEP][PASSED] - setText(findTestObject("Object Repository/CompareFunctionality/input_Select another product_selectpro"), productFirstName): null&#xD;
&#xD;
2019-09-20 19:02:51 - [TEST_STEP][PASSED] - Start tear down : tearDownTestCase: Method 'tearDownTestCase' complete successfully&#xD;
&#xD;
2019-09-20 19:02:51 - [TEST_STEP][PASSED] - Thread.sleep(3000): null&#xD;
&#xD;
2019-09-20 19:02:54 - [MESSAGE][PASSED] - Method 'tearDownTestCase' complete successfully</system-out>
            <system-err>2019-09-20 19:02:51 - [TEST_CASE][ERROR] - Test Cases/AddingProductsfromComparePage: Test Cases/AddingProductsfromComparePage FAILED.
Reason:
groovy.lang.MissingMethodException: No signature of method: static com.kms.katalon.core.webui.keyword.WebUiBuiltInKeywords.setText() is applicable for argument types: (com.kms.katalon.core.testobject.TestObject, java.lang.Character) values: [TestObject - 'Object Repository/CompareFunctionality/input_Select another product_selectpro', ...]
Possible solutions: setText(com.kms.katalon.core.testobject.TestObject, java.lang.String), getText(com.kms.katalon.core.testobject.TestObject), getText(com.kms.katalon.core.testobject.TestObject, com.kms.katalon.core.model.FailureHandling), setText(com.kms.katalon.core.testobject.TestObject, java.lang.String, com.kms.katalon.core.model.FailureHandling), clearText(com.kms.katalon.core.testobject.TestObject), clearText(com.kms.katalon.core.testobject.TestObject, com.kms.katalon.core.model.FailureHandling)&#xD;
	at AddingProductsfromComparePage.run(AddingProductsfromComparePage:30)&#xD;
	at com.kms.katalon.core.main.ScriptEngine.run(ScriptEngine.java:194)&#xD;
	at com.kms.katalon.core.main.ScriptEngine.runScriptAsRawText(ScriptEngine.java:119)&#xD;
	at com.kms.katalon.core.main.TestCaseExecutor.runScript(TestCaseExecutor.java:337)&#xD;
	at com.kms.katalon.core.main.TestCaseExecutor.doExecute(TestCaseExecutor.java:328)&#xD;
	at com.kms.katalon.core.main.TestCaseExecutor.processExecutionPhase(TestCaseExecutor.java:307)&#xD;
	at com.kms.katalon.core.main.TestCaseExecutor.accessMainPhase(TestCaseExecutor.java:299)&#xD;
	at com.kms.katalon.core.main.TestCaseExecutor.execute(TestCaseExecutor.java:233)&#xD;
	at com.kms.katalon.core.main.TestSuiteExecutor.accessTestCaseMainPhase(TestSuiteExecutor.java:169)&#xD;
	at com.kms.katalon.core.main.TestSuiteExecutor.accessTestSuiteMainPhase(TestSuiteExecutor.java:142)&#xD;
	at com.kms.katalon.core.main.TestSuiteExecutor.execute(TestSuiteExecutor.java:91)&#xD;
	at com.kms.katalon.core.main.TestCaseMain.startTestSuite(TestCaseMain.java:157)&#xD;
	at com.kms.katalon.core.main.TestCaseMain$startTestSuite$0.call(Unknown Source)&#xD;
	at TempTestSuite1568986216751.run(TempTestSuite1568986216751.groovy:35)</system-err>
        </testcase>
        <system-out>2019-09-20 19:00:18 - [TEST_SUITE][INCOMPLETE] - Sort_Filter_ProductCount_Loadmore_Emi: null</system-out>
        <system-err>2019-09-20 19:00:18 - [TEST_SUITE][INCOMPLETE] - Sort_Filter_ProductCount_Loadmore_Emi: null</system-err>
    </testsuite>
</testsuites>
