<?xml version="1.0" encoding="UTF-8" standalone="yes"?>
<testsuites name="Sort_Filter_ProductCount_Loadmore_Emi" time="223" tests="10" failures="2" errors="0">
    <testsuite name="Sort_Filter_ProductCount_Loadmore_Emi" tests="10" failures="2" errors="0" time="223" timestamp="2019-09-21 14:08:06" hostname="amitbagh - AMITBAGH.cybage.com" id="Test Suites/Sort_Filter_ProductCount_Loadmore_Emi">
        <properties>
            <property name="deviceName" value=""/>
            <property name="devicePlatform" value=""/>
            <property name="logFolder" value="D:\\QAScripts\\QA\\bajajemi\\Reports\\20190921_140804\\Sort_Filter_ProductCount_Loadmore_Emi\\20190921_140804"/>
            <property name="logFiles" value="D:\\QAScripts\\QA\\bajajemi\\Reports\\20190921_140804\\Sort_Filter_ProductCount_Loadmore_Emi\\20190921_140804\\execution0.log"/>
            <property name="attachments" value="D:\\QAScripts\\QA\\bajajemi\\Reports\\20190921_140804\\Sort_Filter_ProductCount_Loadmore_Emi\\20190921_140804\\1569055306061.png"/>
            <property name="hostName" value="amitbagh - AMITBAGH.cybage.com"/>
            <property name="os" value="Windows 8.1 64bit"/>
            <property name="katalonVersion" value="6.3.3.11"/>
            <property name="browser" value="Chrome 77.0.3865.90"/>
            <property name="hostAddress" value="172.27.25.220"/>
            <property name="sessionId" value="9a982697c82856995e6fb5221fb3622a"/>
            <property name="seleniumVersion" value="3.141.59"/>
            <property name="proxyInformation" value="ProxyInformation{proxyOption=NO_PROXY, proxyServerType=HTTP, password=, proxyServerAddress=, proxyServerPort=0}"/>
            <property name="platform" value="Windows 8.1"/>
        </properties>
        <testcase name="Test Cases/PLPproductCount" classname="Test Cases/PLPproductCount" status="PASSED">
            <system-out>2019-09-21 14:08:16 - [TEST_CASE][PASSED] - Test Cases/PLPproductCount: Test Cases/PLPproductCount&#xD;
&#xD;
2019-09-21 14:08:17 - [TEST_STEP][PASSED] - i = 3: null&#xD;
&#xD;
2019-09-21 14:08:17 - [TEST_STEP][PASSED] - Resources.selectCity(): Object: 'Object Repository/Login/CitySelection' is clicked on&#xD;
&#xD;
2019-09-21 14:08:17 - [MESSAGE][PASSED] - Object: 'Object Repository/Login/CitySelection' is clicked on&#xD;
&#xD;
2019-09-21 14:08:17 - [TEST_STEP][PASSED] - Thread.sleep(2000): null&#xD;
&#xD;
2019-09-21 14:08:19 - [TEST_STEP][PASSED] - Resources.movingToSmartphonesPage(): Object: 'Object Repository/Category_Traverse/Mobile and Electronics' is clicked on&#xD;
&#xD;
2019-09-21 14:08:19 - [MESSAGE][PASSED] - Object: 'Object Repository/Category_Traverse/Categories' is clicked on&#xD;
&#xD;
2019-09-21 14:08:19 - [MESSAGE][PASSED] - Object 'Object Repository/Category_Traverse/Mobile and Electronics' is clickable&#xD;
&#xD;
2019-09-21 14:08:20 - [MESSAGE][PASSED] - Object: 'Object Repository/Category_Traverse/Mobile and Electronics' is clicked on&#xD;
&#xD;
2019-09-21 14:08:20 - [TEST_STEP][PASSED] - Assert.assertFalse(Resources.checkifComparepopuppresent()): null&#xD;
&#xD;
2019-09-21 14:08:20 - [TEST_STEP][PASSED] - incrementCount = 0: null&#xD;
&#xD;
2019-09-21 14:08:20 - [TEST_STEP][PASSED] - count = new plp.CountProducts(): null&#xD;
&#xD;
2019-09-21 14:08:20 - [TEST_STEP][PASSED] - totalProductCount = Resources.getTotalCount(): Text of object 'Object Repository/PLPpage/TotalObjects' is: '(Showing 6 products)'&#xD;
&#xD;
2019-09-21 14:08:20 - [MESSAGE][PASSED] - Text of object 'Object Repository/PLPpage/TotalObjects' is: '(Showing 6 products)'&#xD;
&#xD;
2019-09-21 14:08:20 - [TEST_STEP][PASSED] - total = Resources.verifyLoadCount(i, totalProductCount, count): Web element with id: 'Object Repository/PLPpage/LoadElement' located by 'By.xpath: //div[@id='layer-product-list']/div["+i+"]/ol/li[30]' is not present after '10' second(s)&#xD;
&#xD;
2019-09-21 14:08:21 - [MESSAGE][PASSED] - Web element with id: 'Object Repository/PLPpage/LoadElement' located by 'By.xpath: //div[@id='layer-product-list']/div["+i+"]/ol/li[30]' is not present after '5' second(s)&#xD;
&#xD;
2019-09-21 14:08:21 - [MESSAGE][PASSED] - Web element with id: 'Object Repository/PLPpage/LoadElement' located by 'By.xpath: //div[@id='layer-product-list']/div["+i+"]/ol/li[30]' is not present after '10' second(s)&#xD;
&#xD;
2019-09-21 14:08:21 - [MESSAGE][PASSED] - Web element with id: 'Object Repository/PLPpage/LoadElement' located by 'By.xpath: //div[@id='layer-product-list']/div["+i+"]/ol/li[30]' is not present after '5' second(s)&#xD;
&#xD;
2019-09-21 14:08:21 - [MESSAGE][PASSED] - Web element with id: 'Object Repository/PLPpage/LoadElement' located by 'By.xpath: //div[@id='layer-product-list']/div["+i+"]/ol/li[30]' is not present after '10' second(s)&#xD;
&#xD;
2019-09-21 14:08:21 - [TEST_STEP][PASSED] - Assert.assertEquals(total, totalProductCount): null&#xD;
&#xD;
2019-09-21 14:08:21 - [TEST_STEP][PASSED] - Start tear down : tearDownTestCase: Method 'tearDownTestCase' complete successfully&#xD;
&#xD;
2019-09-21 14:08:21 - [TEST_STEP][PASSED] - Thread.sleep(3000): null&#xD;
&#xD;
2019-09-21 14:08:24 - [MESSAGE][PASSED] - Method 'tearDownTestCase' complete successfully</system-out>
            <system-err></system-err>
        </testcase>
        <testcase name="Test Cases/SortLowertoHigherCheck" classname="Test Cases/SortLowertoHigherCheck" status="PASSED">
            <system-out>2019-09-21 14:08:24 - [TEST_CASE][PASSED] - Test Cases/SortLowertoHigherCheck: Test Cases/SortLowertoHigherCheck&#xD;
&#xD;
2019-09-21 14:08:24 - [TEST_STEP][PASSED] - i = 3: null&#xD;
&#xD;
2019-09-21 14:08:24 - [TEST_STEP][PASSED] - driver = getWebDriver(): null&#xD;
&#xD;
2019-09-21 14:08:24 - [TEST_STEP][PASSED] - mouseOver(findTestObject("Object Repository/PLPpage/PLP_Title")): Object: 'Object Repository/PLPpage/PLP_Title' is hovered&#xD;
&#xD;
2019-09-21 14:08:24 - [MESSAGE][PASSED] - Object: 'Object Repository/PLPpage/PLP_Title' is hovered&#xD;
&#xD;
2019-09-21 14:08:24 - [TEST_STEP][PASSED] - totalProducts = Resources.getTotalCount(): Text of object 'Object Repository/PLPpage/TotalObjects' is: '(Showing 6 products)'&#xD;
&#xD;
2019-09-21 14:08:24 - [MESSAGE][PASSED] - Text of object 'Object Repository/PLPpage/TotalObjects' is: '(Showing 6 products)'&#xD;
&#xD;
2019-09-21 14:08:24 - [TEST_STEP][PASSED] - emiPrice = new java.util.ArrayList(): null&#xD;
&#xD;
2019-09-21 14:08:24 - [TEST_STEP][PASSED] - emiPrice.addAll(Resources.getallEMIValues(i, totalProducts)): null&#xD;
&#xD;
2019-09-21 14:08:26 - [TEST_STEP][PASSED] - println(emiPrice): null&#xD;
&#xD;
2019-09-21 14:08:26 - [TEST_STEP][PASSED] - for ([j = 0, j &lt; emiPrice.size() - 1, (j++)]): null&#xD;
&#xD;
2019-09-21 14:08:26 - [TEST_STEP][PASSED] - k = j + 1: null&#xD;
&#xD;
2019-09-21 14:08:26 - [TEST_STEP][PASSED] - if (emiPrice.get(j) &lt;= emiPrice.get(k)): null&#xD;
&#xD;
2019-09-21 14:08:26 - [TEST_STEP][PASSED] - &lt;not implemented yet for class: org.codehaus.groovy.ast.stmt.ContinueStatement&gt;: null&#xD;
&#xD;
2019-09-21 14:08:26 - [TEST_STEP][PASSED] - k = j + 1: null&#xD;
&#xD;
2019-09-21 14:08:26 - [TEST_STEP][PASSED] - if (emiPrice.get(j) &lt;= emiPrice.get(k)): null&#xD;
&#xD;
2019-09-21 14:08:26 - [TEST_STEP][PASSED] - &lt;not implemented yet for class: org.codehaus.groovy.ast.stmt.ContinueStatement&gt;: null&#xD;
&#xD;
2019-09-21 14:08:26 - [TEST_STEP][PASSED] - k = j + 1: null&#xD;
&#xD;
2019-09-21 14:08:26 - [TEST_STEP][PASSED] - if (emiPrice.get(j) &lt;= emiPrice.get(k)): null&#xD;
&#xD;
2019-09-21 14:08:26 - [TEST_STEP][PASSED] - &lt;not implemented yet for class: org.codehaus.groovy.ast.stmt.ContinueStatement&gt;: null&#xD;
&#xD;
2019-09-21 14:08:26 - [TEST_STEP][PASSED] - k = j + 1: null&#xD;
&#xD;
2019-09-21 14:08:26 - [TEST_STEP][PASSED] - if (emiPrice.get(j) &lt;= emiPrice.get(k)): null&#xD;
&#xD;
2019-09-21 14:08:26 - [TEST_STEP][PASSED] - &lt;not implemented yet for class: org.codehaus.groovy.ast.stmt.ContinueStatement&gt;: null&#xD;
&#xD;
2019-09-21 14:08:26 - [TEST_STEP][PASSED] - k = j + 1: null&#xD;
&#xD;
2019-09-21 14:08:26 - [TEST_STEP][PASSED] - if (emiPrice.get(j) &lt;= emiPrice.get(k)): null&#xD;
&#xD;
2019-09-21 14:08:26 - [TEST_STEP][PASSED] - &lt;not implemented yet for class: org.codehaus.groovy.ast.stmt.ContinueStatement&gt;: null&#xD;
&#xD;
2019-09-21 14:08:26 - [TEST_STEP][PASSED] - Start tear down : tearDownTestCase: Method 'tearDownTestCase' complete successfully&#xD;
&#xD;
2019-09-21 14:08:26 - [TEST_STEP][PASSED] - Thread.sleep(3000): null&#xD;
&#xD;
2019-09-21 14:08:29 - [MESSAGE][PASSED] - Method 'tearDownTestCase' complete successfully</system-out>
            <system-err></system-err>
        </testcase>
        <testcase name="Test Cases/SortHighertoLowerCheck" classname="Test Cases/SortHighertoLowerCheck" status="PASSED">
            <system-out>2019-09-21 14:08:29 - [TEST_CASE][PASSED] - Test Cases/SortHighertoLowerCheck: Test Cases/SortHighertoLowerCheck&#xD;
&#xD;
2019-09-21 14:08:29 - [TEST_STEP][PASSED] - i = 3: null&#xD;
&#xD;
2019-09-21 14:08:29 - [TEST_STEP][PASSED] - mouseOver(findTestObject("Object Repository/PLPpage/PLP_Title")): Object: 'Object Repository/PLPpage/PLP_Title' is hovered&#xD;
&#xD;
2019-09-21 14:08:29 - [MESSAGE][PASSED] - Object: 'Object Repository/PLPpage/PLP_Title' is hovered&#xD;
&#xD;
2019-09-21 14:08:29 - [TEST_STEP][PASSED] - waitForElementNotPresent(findTestObject("Object Repository/PLPpage/EMIHightoLow"), 5): Web element with id: 'Object Repository/PLPpage/EMIHightoLow' located by 'By.xpath: //ul[@class='items grayCheck']/li[2]' is present after '5' second(s)&#xD;
&#xD;
2019-09-21 14:08:34 - [MESSAGE][WARNING] - Web element with id: 'Object Repository/PLPpage/EMIHightoLow' located by 'By.xpath: //ul[@class='items grayCheck']/li[2]' is present after '5' second(s)&#xD;
&#xD;
2019-09-21 14:08:34 - [TEST_STEP][PASSED] - click(findTestObject("Object Repository/PLPpage/EMIHightoLow")): Object: 'Object Repository/PLPpage/EMIHightoLow' is clicked on&#xD;
&#xD;
2019-09-21 14:08:34 - [MESSAGE][PASSED] - Object: 'Object Repository/PLPpage/EMIHightoLow' is clicked on&#xD;
&#xD;
2019-09-21 14:08:34 - [TEST_STEP][PASSED] - Thread.sleep(2000): null&#xD;
&#xD;
2019-09-21 14:08:36 - [TEST_STEP][PASSED] - count = new plp.CountProducts(): null&#xD;
&#xD;
2019-09-21 14:08:36 - [TEST_STEP][PASSED] - totalProductCount = Resources.getTotalCount(): Text of object 'Object Repository/PLPpage/TotalObjects' is: '(Showing 6 products)'&#xD;
&#xD;
2019-09-21 14:08:36 - [MESSAGE][PASSED] - Text of object 'Object Repository/PLPpage/TotalObjects' is: '(Showing 6 products)'&#xD;
&#xD;
2019-09-21 14:08:36 - [TEST_STEP][PASSED] - flag = Resources.verifyLoadCount(i, totalProductCount, count): Web element with id: 'Object Repository/PLPpage/LoadElement' located by 'By.xpath: //div[@id='layer-product-list']/div["+i+"]/ol/li[30]' is not present after '10' second(s)&#xD;
&#xD;
2019-09-21 14:08:36 - [MESSAGE][PASSED] - Web element with id: 'Object Repository/PLPpage/LoadElement' located by 'By.xpath: //div[@id='layer-product-list']/div["+i+"]/ol/li[30]' is not present after '5' second(s)&#xD;
&#xD;
2019-09-21 14:08:36 - [MESSAGE][PASSED] - Web element with id: 'Object Repository/PLPpage/LoadElement' located by 'By.xpath: //div[@id='layer-product-list']/div["+i+"]/ol/li[30]' is not present after '10' second(s)&#xD;
&#xD;
2019-09-21 14:08:37 - [MESSAGE][PASSED] - Web element with id: 'Object Repository/PLPpage/LoadElement' located by 'By.xpath: //div[@id='layer-product-list']/div["+i+"]/ol/li[30]' is not present after '5' second(s)&#xD;
&#xD;
2019-09-21 14:08:37 - [MESSAGE][PASSED] - Web element with id: 'Object Repository/PLPpage/LoadElement' located by 'By.xpath: //div[@id='layer-product-list']/div["+i+"]/ol/li[30]' is not present after '10' second(s)&#xD;
&#xD;
2019-09-21 14:08:37 - [TEST_STEP][PASSED] - emi = new java.util.ArrayList(): null&#xD;
&#xD;
2019-09-21 14:08:37 - [TEST_STEP][PASSED] - emi.addAll(Resources.getallEMIValues(i, Resources.getTotalCount())): Text of object 'Object Repository/PLPpage/TotalObjects' is: '(Showing 6 products)'&#xD;
&#xD;
2019-09-21 14:08:37 - [MESSAGE][PASSED] - Text of object 'Object Repository/PLPpage/TotalObjects' is: '(Showing 6 products)'&#xD;
&#xD;
2019-09-21 14:08:38 - [TEST_STEP][PASSED] - for ([j = 0, j &lt; emi.size() - 1, (j++)]): null&#xD;
&#xD;
2019-09-21 14:08:38 - [TEST_STEP][PASSED] - k = j + 1: null&#xD;
&#xD;
2019-09-21 14:08:38 - [TEST_STEP][PASSED] - if (emi.get(j) &gt;= emi.get(k)): null&#xD;
&#xD;
2019-09-21 14:08:38 - [TEST_STEP][PASSED] - &lt;not implemented yet for class: org.codehaus.groovy.ast.stmt.ContinueStatement&gt;: null&#xD;
&#xD;
2019-09-21 14:08:38 - [TEST_STEP][PASSED] - k = j + 1: null&#xD;
&#xD;
2019-09-21 14:08:38 - [TEST_STEP][PASSED] - if (emi.get(j) &gt;= emi.get(k)): null&#xD;
&#xD;
2019-09-21 14:08:38 - [TEST_STEP][PASSED] - &lt;not implemented yet for class: org.codehaus.groovy.ast.stmt.ContinueStatement&gt;: null&#xD;
&#xD;
2019-09-21 14:08:38 - [TEST_STEP][PASSED] - k = j + 1: null&#xD;
&#xD;
2019-09-21 14:08:38 - [TEST_STEP][PASSED] - if (emi.get(j) &gt;= emi.get(k)): null&#xD;
&#xD;
2019-09-21 14:08:38 - [TEST_STEP][PASSED] - &lt;not implemented yet for class: org.codehaus.groovy.ast.stmt.ContinueStatement&gt;: null&#xD;
&#xD;
2019-09-21 14:08:38 - [TEST_STEP][PASSED] - k = j + 1: null&#xD;
&#xD;
2019-09-21 14:08:38 - [TEST_STEP][PASSED] - if (emi.get(j) &gt;= emi.get(k)): null&#xD;
&#xD;
2019-09-21 14:08:38 - [TEST_STEP][PASSED] - &lt;not implemented yet for class: org.codehaus.groovy.ast.stmt.ContinueStatement&gt;: null&#xD;
&#xD;
2019-09-21 14:08:38 - [TEST_STEP][PASSED] - k = j + 1: null&#xD;
&#xD;
2019-09-21 14:08:38 - [TEST_STEP][PASSED] - if (emi.get(j) &gt;= emi.get(k)): null&#xD;
&#xD;
2019-09-21 14:08:38 - [TEST_STEP][PASSED] - &lt;not implemented yet for class: org.codehaus.groovy.ast.stmt.ContinueStatement&gt;: null&#xD;
&#xD;
2019-09-21 14:08:38 - [TEST_STEP][PASSED] - Start tear down : tearDownTestCase: Method 'tearDownTestCase' complete successfully&#xD;
&#xD;
2019-09-21 14:08:38 - [TEST_STEP][PASSED] - Thread.sleep(3000): null&#xD;
&#xD;
2019-09-21 14:08:41 - [MESSAGE][PASSED] - Method 'tearDownTestCase' complete successfully</system-out>
            <system-err></system-err>
        </testcase>
        <testcase name="Test Cases/AddingproductstoCompare" classname="Test Cases/AddingproductstoCompare" status="PASSED">
            <system-out>2019-09-21 14:08:41 - [TEST_CASE][PASSED] - Test Cases/AddingproductstoCompare: Test Cases/AddingproductstoCompare&#xD;
&#xD;
2019-09-21 14:08:41 - [TEST_STEP][PASSED] - driver = getWebDriver(): null&#xD;
&#xD;
2019-09-21 14:08:41 - [TEST_STEP][PASSED] - productNames = new java.util.ArrayList(): null&#xD;
&#xD;
2019-09-21 14:08:41 - [TEST_STEP][PASSED] - mouseOver(findTestObject("Object Repository/PLPpage/PLP_Title")): Object: 'Object Repository/PLPpage/PLP_Title' is hovered&#xD;
&#xD;
2019-09-21 14:08:41 - [MESSAGE][PASSED] - Object: 'Object Repository/PLPpage/PLP_Title' is hovered&#xD;
&#xD;
2019-09-21 14:08:41 - [TEST_STEP][PASSED] - flag = false: null&#xD;
&#xD;
2019-09-21 14:08:41 - [TEST_STEP][PASSED] - for ([i = 1, i &lt;= nosOfProducts * 2, i += 2]): null&#xD;
&#xD;
2019-09-21 14:08:41 - [TEST_STEP][PASSED] - waitForElementNotPresent(findTestObject("Object Repository/PLPpage/CompareButton"), 3): Web element with id: 'Object Repository/PLPpage/CompareButton' located by 'By.xpath: //div[@class='CompareButton-wrapper']' is present after '3' second(s)&#xD;
&#xD;
2019-09-21 14:08:45 - [MESSAGE][WARNING] - Web element with id: 'Object Repository/PLPpage/CompareButton' located by 'By.xpath: //div[@class='CompareButton-wrapper']' is present after '3' second(s)&#xD;
&#xD;
2019-09-21 14:08:45 - [TEST_STEP][PASSED] - productNames.add(xpath("//div[@id='layer-product-list']/div[3]/ol/li[" + i + "]/div/div[2]/strong/a")).getText()): null&#xD;
&#xD;
2019-09-21 14:08:45 - [TEST_STEP][PASSED] - xpath("(//div[@class='CompareButton-wrapper'])[" + i + "]")).click(): null&#xD;
&#xD;
2019-09-21 14:08:45 - [TEST_STEP][PASSED] - waitForElementNotPresent(findTestObject("Object Repository/PLPpage/CompareButton"), 3): Web element with id: 'Object Repository/PLPpage/CompareButton' located by 'By.xpath: //div[@class='CompareButton-wrapper']' is present after '3' second(s)&#xD;
&#xD;
2019-09-21 14:08:48 - [MESSAGE][WARNING] - Web element with id: 'Object Repository/PLPpage/CompareButton' located by 'By.xpath: //div[@class='CompareButton-wrapper']' is present after '3' second(s)&#xD;
&#xD;
2019-09-21 14:08:48 - [TEST_STEP][PASSED] - productNames.add(xpath("//div[@id='layer-product-list']/div[3]/ol/li[" + i + "]/div/div[2]/strong/a")).getText()): null&#xD;
&#xD;
2019-09-21 14:08:48 - [TEST_STEP][PASSED] - xpath("(//div[@class='CompareButton-wrapper'])[" + i + "]")).click(): null&#xD;
&#xD;
2019-09-21 14:08:48 - [TEST_STEP][PASSED] - waitForElementNotPresent(findTestObject("Object Repository/PLPpage/CompareButton"), 3): Web element with id: 'Object Repository/PLPpage/CompareButton' located by 'By.xpath: //div[@class='CompareButton-wrapper']' is present after '3' second(s)&#xD;
&#xD;
2019-09-21 14:08:51 - [MESSAGE][WARNING] - Web element with id: 'Object Repository/PLPpage/CompareButton' located by 'By.xpath: //div[@class='CompareButton-wrapper']' is present after '3' second(s)&#xD;
&#xD;
2019-09-21 14:08:51 - [TEST_STEP][PASSED] - productNames.add(xpath("//div[@id='layer-product-list']/div[3]/ol/li[" + i + "]/div/div[2]/strong/a")).getText()): null&#xD;
&#xD;
2019-09-21 14:08:51 - [TEST_STEP][PASSED] - xpath("(//div[@class='CompareButton-wrapper'])[" + i + "]")).click(): null&#xD;
&#xD;
2019-09-21 14:08:51 - [TEST_STEP][PASSED] - namesofProducts = productNames: null&#xD;
&#xD;
2019-09-21 14:08:51 - [TEST_STEP][PASSED] - Thread.sleep(3000): null&#xD;
&#xD;
2019-09-21 14:08:54 - [TEST_STEP][PASSED] - count = callTestCase(findTestCase("Test Cases/VerifyComparePopUpCount"), null): Call Test Case 'Test Cases/VerifyComparePopUpCount' successfully&#xD;
&#xD;
2019-09-21 14:08:54 - [TEST_CASE][PASSED] - Test Cases/VerifyComparePopUpCount: Test Cases/VerifyComparePopUpCount&#xD;
&#xD;
2019-09-21 14:08:55 - [TEST_STEP][PASSED] - Assert.assertTrue(Resources.checkifComparepopuppresent()): null&#xD;
&#xD;
2019-09-21 14:08:55 - [TEST_STEP][PASSED] - compareText = getText(findTestObject("Object Repository/CompareFunctionality/ComparepopTextCapture")): Text of object 'Object Repository/CompareFunctionality/ComparepopTextCapture' is: '3'&#xD;
&#xD;
2019-09-21 14:08:55 - [MESSAGE][PASSED] - Text of object 'Object Repository/CompareFunctionality/ComparepopTextCapture' is: '3'&#xD;
&#xD;
2019-09-21 14:08:55 - [TEST_STEP][PASSED] - if (compareText.isEmpty()): null&#xD;
&#xD;
2019-09-21 14:08:55 - [TEST_STEP][PASSED] - return compareText: null&#xD;
&#xD;
2019-09-21 14:08:55 - [MESSAGE][PASSED] - Call Test Case 'Test Cases/VerifyComparePopUpCount' successfully&#xD;
&#xD;
2019-09-21 14:08:55 - [TEST_STEP][PASSED] - Assert.assertEquals(Integer.parseInt(count), nosOfProducts): null&#xD;
&#xD;
2019-09-21 14:08:55 - [TEST_STEP][PASSED] - callTestCase(findTestCase("Test Cases/AddingExtraProductToCompare"), null): Call Test Case 'Test Cases/AddingExtraProductToCompare' successfully&#xD;
&#xD;
2019-09-21 14:08:55 - [TEST_CASE][PASSED] - Test Cases/AddingExtraProductToCompare: Test Cases/AddingExtraProductToCompare&#xD;
&#xD;
2019-09-21 14:08:55 - [TEST_STEP][PASSED] - driver = getWebDriver(): null&#xD;
&#xD;
2019-09-21 14:08:55 - [TEST_STEP][PASSED] - Thread.sleep(3000): null&#xD;
&#xD;
2019-09-21 14:08:58 - [TEST_STEP][PASSED] - xpath("(//div[@class='CompareButton-wrapper'])[2]")).click(): null&#xD;
&#xD;
2019-09-21 14:08:58 - [TEST_STEP][PASSED] - popupText = getText(findTestObject("Object Repository/CompareFunctionality/MaxLimitAddComparePopup")): Text of object 'Object Repository/CompareFunctionality/MaxLimitAddComparePopup' is: 'You have already selected 3 products'&#xD;
&#xD;
2019-09-21 14:08:58 - [MESSAGE][PASSED] - Text of object 'Object Repository/CompareFunctionality/MaxLimitAddComparePopup' is: 'You have already selected 3 products'&#xD;
&#xD;
2019-09-21 14:08:58 - [TEST_STEP][PASSED] - println(popupText): null&#xD;
&#xD;
2019-09-21 14:08:58 - [TEST_STEP][PASSED] - Assert.assertEquals(popupText, validation): null&#xD;
&#xD;
2019-09-21 14:08:58 - [MESSAGE][PASSED] - Call Test Case 'Test Cases/AddingExtraProductToCompare' successfully&#xD;
&#xD;
2019-09-21 14:08:58 - [TEST_STEP][PASSED] - waitForElementNotPresent(findTestObject("Object Repository/CompareFunctionality/ComparePopUp"), 5): Web element with id: 'Object Repository/CompareFunctionality/ComparePopUp' located by 'By.xpath: //button[@class='compareBTN']' is present after '5' second(s)&#xD;
&#xD;
2019-09-21 14:09:03 - [MESSAGE][WARNING] - Web element with id: 'Object Repository/CompareFunctionality/ComparePopUp' located by 'By.xpath: //button[@class='compareBTN']' is present after '5' second(s)&#xD;
&#xD;
2019-09-21 14:09:03 - [TEST_STEP][PASSED] - click(findTestObject("Object Repository/CompareFunctionality/ComparePopUp")): Object: 'Object Repository/CompareFunctionality/ComparePopUp' is clicked on&#xD;
&#xD;
2019-09-21 14:09:05 - [MESSAGE][PASSED] - Object: 'Object Repository/CompareFunctionality/ComparePopUp' is clicked on&#xD;
&#xD;
2019-09-21 14:09:05 - [TEST_STEP][PASSED] - com = new pom_files.ComparePage(driver): null&#xD;
&#xD;
2019-09-21 14:09:05 - [TEST_STEP][PASSED] - noofElements = com.compareElementsSize(): null&#xD;
&#xD;
2019-09-21 14:09:05 - [TEST_STEP][PASSED] - Assert.assertEquals(noofElements, nosOfProducts): null&#xD;
&#xD;
2019-09-21 14:09:05 - [TEST_STEP][PASSED] - for ([j = 1, j &lt;= nosOfProducts, (j++)]): null&#xD;
&#xD;
2019-09-21 14:09:05 - [TEST_STEP][PASSED] - xpath("//div[@class='p_designbox'][" + j + "]")).click(): null&#xD;
&#xD;
2019-09-21 14:09:07 - [TEST_STEP][PASSED] - s = getText(findTestObject("Object Repository/CompareFunctionality/ProductName")): Text of object 'Object Repository/CompareFunctionality/ProductName' is: 'V Guard Verano - 10 litres Water Heater'&#xD;
&#xD;
2019-09-21 14:09:07 - [MESSAGE][PASSED] - Text of object 'Object Repository/CompareFunctionality/ProductName' is: 'V Guard Verano - 10 litres Water Heater'&#xD;
&#xD;
2019-09-21 14:09:07 - [TEST_STEP][PASSED] - back(): Navigate back successfully&#xD;
&#xD;
2019-09-21 14:09:08 - [MESSAGE][PASSED] - Navigate back successfully&#xD;
&#xD;
2019-09-21 14:09:08 - [TEST_STEP][PASSED] - Assert.assertEquals(productNames.get(j - 1), s): null&#xD;
&#xD;
2019-09-21 14:09:08 - [TEST_STEP][PASSED] - xpath("//div[@class='p_designbox'][" + j + "]")).click(): null&#xD;
&#xD;
2019-09-21 14:09:10 - [TEST_STEP][PASSED] - s = getText(findTestObject("Object Repository/CompareFunctionality/ProductName")): Text of object 'Object Repository/CompareFunctionality/ProductName' is: 'V Guard Pebble - 10 litres Water Heater'&#xD;
&#xD;
2019-09-21 14:09:10 - [MESSAGE][PASSED] - Text of object 'Object Repository/CompareFunctionality/ProductName' is: 'V Guard Pebble - 10 litres Water Heater'&#xD;
&#xD;
2019-09-21 14:09:10 - [TEST_STEP][PASSED] - back(): Navigate back successfully&#xD;
&#xD;
2019-09-21 14:09:11 - [MESSAGE][PASSED] - Navigate back successfully&#xD;
&#xD;
2019-09-21 14:09:11 - [TEST_STEP][PASSED] - Assert.assertEquals(productNames.get(j - 1), s): null&#xD;
&#xD;
2019-09-21 14:09:11 - [TEST_STEP][PASSED] - xpath("//div[@class='p_designbox'][" + j + "]")).click(): null&#xD;
&#xD;
2019-09-21 14:09:13 - [TEST_STEP][PASSED] - s = getText(findTestObject("Object Repository/CompareFunctionality/ProductName")): Text of object 'Object Repository/CompareFunctionality/ProductName' is: 'V Guard Pebble Metallica - 10 litres Water Heater'&#xD;
&#xD;
2019-09-21 14:09:13 - [MESSAGE][PASSED] - Text of object 'Object Repository/CompareFunctionality/ProductName' is: 'V Guard Pebble Metallica - 10 litres Water Heater'&#xD;
&#xD;
2019-09-21 14:09:13 - [TEST_STEP][PASSED] - back(): Navigate back successfully&#xD;
&#xD;
2019-09-21 14:09:14 - [MESSAGE][PASSED] - Navigate back successfully&#xD;
&#xD;
2019-09-21 14:09:14 - [TEST_STEP][PASSED] - Assert.assertEquals(productNames.get(j - 1), s): null&#xD;
&#xD;
2019-09-21 14:09:14 - [TEST_STEP][PASSED] - Start tear down : tearDownTestCase: Method 'tearDownTestCase' complete successfully&#xD;
&#xD;
2019-09-21 14:09:14 - [TEST_STEP][PASSED] - Thread.sleep(3000): null&#xD;
&#xD;
2019-09-21 14:09:17 - [MESSAGE][PASSED] - Method 'tearDownTestCase' complete successfully</system-out>
            <system-err></system-err>
        </testcase>
        <testcase name="Test Cases/CheckifCommonFeaturesareHidden" classname="Test Cases/CheckifCommonFeaturesareHidden" status="PASSED">
            <system-out>2019-09-21 14:09:17 - [TEST_CASE][PASSED] - Test Cases/CheckifCommonFeaturesareHidden: Test Cases/CheckifCommonFeaturesareHidden&#xD;
&#xD;
2019-09-21 14:09:17 - [TEST_STEP][PASSED] - driver = getWebDriver(): null&#xD;
&#xD;
2019-09-21 14:09:17 - [TEST_STEP][PASSED] - click(findTestObject("Object Repository/CompareFunctionality/HideCommonFeaturesCheckbox")): Object: 'Object Repository/CompareFunctionality/HideCommonFeaturesCheckbox' is clicked on&#xD;
&#xD;
2019-09-21 14:09:17 - [MESSAGE][PASSED] - Object: 'Object Repository/CompareFunctionality/HideCommonFeaturesCheckbox' is clicked on&#xD;
&#xD;
2019-09-21 14:09:17 - [TEST_STEP][PASSED] - style = getAttribute(findTestObject("Object Repository/CompareFunctionality/CommonRows"), "style"): Attribute 'style' of object 'Object Repository/CompareFunctionality/CommonRows' is: 'overflow: hidden; height: 52.6807px; padding: 0px; margin: 0px; width: 1209.74px; opacity: 0.957831;'&#xD;
&#xD;
2019-09-21 14:09:17 - [MESSAGE][PASSED] - Attribute 'style' of object 'Object Repository/CompareFunctionality/CommonRows' is: 'overflow: hidden; height: 52.6807px; padding: 0px; margin: 0px; width: 1209.74px; opacity: 0.957831;'&#xD;
&#xD;
2019-09-21 14:09:17 - [TEST_STEP][PASSED] - println(style): null&#xD;
&#xD;
2019-09-21 14:09:17 - [TEST_STEP][PASSED] - flag = true: null&#xD;
&#xD;
2019-09-21 14:09:17 - [TEST_STEP][PASSED] - Assert.assertEquals(flag, !(style.isEmpty())): null&#xD;
&#xD;
2019-09-21 14:09:17 - [TEST_STEP][PASSED] - Start tear down : tearDownTestCase: Method 'tearDownTestCase' complete successfully&#xD;
&#xD;
2019-09-21 14:09:17 - [TEST_STEP][PASSED] - Thread.sleep(3000): null&#xD;
&#xD;
2019-09-21 14:09:20 - [MESSAGE][PASSED] - Method 'tearDownTestCase' complete successfully</system-out>
            <system-err></system-err>
        </testcase>
        <testcase name="Test Cases/RemoveFeatureofCompareProducts" classname="Test Cases/RemoveFeatureofCompareProducts" status="FAILED">
            <failure type="FAILED" message="Test Cases/RemoveFeatureofCompareProducts FAILED.&#xA;Reason:&#xA;com.kms.katalon.core.exception.StepFailedException: Call Test Case 'Test Cases/VerifyComparePopUpCount' failed&#xD;&#xA;&#x9;at com.kms.katalon.core.keyword.builtin.CallTestCaseKeyword$_callTestCase_closure1.doCall(CallTestCaseKeyword.groovy:63)&#xD;&#xA;&#x9;at com.kms.katalon.core.keyword.builtin.CallTestCaseKeyword$_callTestCase_closure1.call(CallTestCaseKeyword.groovy)&#xD;&#xA;&#x9;at com.kms.katalon.core.keyword.internal.KeywordMain.runKeyword(KeywordMain.groovy:68)&#xD;&#xA;&#x9;at com.kms.katalon.core.keyword.builtin.CallTestCaseKeyword.callTestCase(CallTestCaseKeyword.groovy:81)&#xD;&#xA;&#x9;at com.kms.katalon.core.keyword.builtin.CallTestCaseKeyword.execute(CallTestCaseKeyword.groovy:44)&#xD;&#xA;&#x9;at com.kms.katalon.core.keyword.internal.KeywordExecutor.executeKeywordForPlatform(KeywordExecutor.groovy:56)&#xD;&#xA;&#x9;at com.kms.katalon.core.keyword.BuiltinKeywords.callTestCase(BuiltinKeywords.groovy:350)&#xD;&#xA;&#x9;at RemoveFeatureofCompareProducts.run(RemoveFeatureofCompareProducts:55)&#xD;&#xA;&#x9;at com.kms.katalon.core.main.ScriptEngine.run(ScriptEngine.java:194)&#xD;&#xA;&#x9;at com.kms.katalon.core.main.ScriptEngine.runScriptAsRawText(ScriptEngine.java:119)&#xD;&#xA;&#x9;at com.kms.katalon.core.main.TestCaseExecutor.runScript(TestCaseExecutor.java:337)&#xD;&#xA;&#x9;at com.kms.katalon.core.main.TestCaseExecutor.doExecute(TestCaseExecutor.java:328)&#xD;&#xA;&#x9;at com.kms.katalon.core.main.TestCaseExecutor.processExecutionPhase(TestCaseExecutor.java:307)&#xD;&#xA;&#x9;at com.kms.katalon.core.main.TestCaseExecutor.accessMainPhase(TestCaseExecutor.java:299)&#xD;&#xA;&#x9;at com.kms.katalon.core.main.TestCaseExecutor.execute(TestCaseExecutor.java:233)&#xD;&#xA;&#x9;at com.kms.katalon.core.main.TestSuiteExecutor.accessTestCaseMainPhase(TestSuiteExecutor.java:169)&#xD;&#xA;&#x9;at com.kms.katalon.core.main.TestSuiteExecutor.accessTestSuiteMainPhase(TestSuiteExecutor.java:142)&#xD;&#xA;&#x9;at com.kms.katalon.core.main.TestSuiteExecutor.execute(TestSuiteExecutor.java:91)&#xD;&#xA;&#x9;at com.kms.katalon.core.main.TestCaseMain.startTestSuite(TestCaseMain.java:157)&#xD;&#xA;&#x9;at com.kms.katalon.core.main.TestCaseMain$startTestSuite$0.call(Unknown Source)&#xD;&#xA;&#x9;at TempTestSuite1569055084524.run(TempTestSuite1569055084524.groovy:35)&#xD;&#xA;Caused by: java.lang.AssertionError: expected [true] but found [false]&#xD;&#xA;&#x9;at org.testng.Assert.fail(Assert.java:93)&#xD;&#xA;&#x9;at org.testng.Assert.failNotEquals(Assert.java:512)&#xD;&#xA;&#x9;at org.testng.Assert.assertTrue(Assert.java:41)&#xD;&#xA;&#x9;at org.testng.Assert.assertTrue(Assert.java:51)&#xD;&#xA;&#x9;at org.testng.Assert$assertTrue$1.call(Unknown Source)&#xD;&#xA;&#x9;at VerifyComparePopUpCount.run(VerifyComparePopUpCount:32)&#xD;&#xA;&#x9;at com.kms.katalon.core.main.ScriptEngine.run(ScriptEngine.java:194)&#xD;&#xA;&#x9;at com.kms.katalon.core.main.ScriptEngine.runScriptAsRawText(ScriptEngine.java:119)&#xD;&#xA;&#x9;at com.kms.katalon.core.main.TestCaseExecutor.runScript(TestCaseExecutor.java:337)&#xD;&#xA;&#x9;at com.kms.katalon.core.main.TestCaseExecutor.doExecute(TestCaseExecutor.java:328)&#xD;&#xA;&#x9;at com.kms.katalon.core.main.TestCaseExecutor.processExecutionPhase(TestCaseExecutor.java:307)&#xD;&#xA;&#x9;at com.kms.katalon.core.main.TestCaseExecutor.accessMainPhase(TestCaseExecutor.java:299)&#xD;&#xA;&#x9;at com.kms.katalon.core.main.TestCaseExecutor.execute(TestCaseExecutor.java:233)&#xD;&#xA;&#x9;at com.kms.katalon.core.main.TestCaseMain.runTestCase(TestCaseMain.java:114)&#xD;&#xA;&#x9;at com.kms.katalon.core.keyword.builtin.CallTestCaseKeyword$_callTestCase_closure1.doCall(CallTestCaseKeyword.groovy:59)&#xD;&#xA;&#x9;... 20 more&#xD;&#xA;"/>
            <system-out>2019-09-21 14:09:20 - [TEST_CASE][FAILED] - Test Cases/RemoveFeatureofCompareProducts: Test Cases/RemoveFeatureofCompareProducts FAILED.
Reason:
com.kms.katalon.core.exception.StepFailedException: Call Test Case 'Test Cases/VerifyComparePopUpCount' failed&#xD;
	at com.kms.katalon.core.keyword.builtin.CallTestCaseKeyword$_callTestCase_closure1.doCall(CallTestCaseKeyword.groovy:63)&#xD;
	at com.kms.katalon.core.keyword.builtin.CallTestCaseKeyword$_callTestCase_closure1.call(CallTestCaseKeyword.groovy)&#xD;
	at com.kms.katalon.core.keyword.internal.KeywordMain.runKeyword(KeywordMain.groovy:68)&#xD;
	at com.kms.katalon.core.keyword.builtin.CallTestCaseKeyword.callTestCase(CallTestCaseKeyword.groovy:81)&#xD;
	at com.kms.katalon.core.keyword.builtin.CallTestCaseKeyword.execute(CallTestCaseKeyword.groovy:44)&#xD;
	at com.kms.katalon.core.keyword.internal.KeywordExecutor.executeKeywordForPlatform(KeywordExecutor.groovy:56)&#xD;
	at com.kms.katalon.core.keyword.BuiltinKeywords.callTestCase(BuiltinKeywords.groovy:350)&#xD;
	at RemoveFeatureofCompareProducts.run(RemoveFeatureofCompareProducts:55)&#xD;
	at com.kms.katalon.core.main.ScriptEngine.run(ScriptEngine.java:194)&#xD;
	at com.kms.katalon.core.main.ScriptEngine.runScriptAsRawText(ScriptEngine.java:119)&#xD;
	at com.kms.katalon.core.main.TestCaseExecutor.runScript(TestCaseExecutor.java:337)&#xD;
	at com.kms.katalon.core.main.TestCaseExecutor.doExecute(TestCaseExecutor.java:328)&#xD;
	at com.kms.katalon.core.main.TestCaseExecutor.processExecutionPhase(TestCaseExecutor.java:307)&#xD;
	at com.kms.katalon.core.main.TestCaseExecutor.accessMainPhase(TestCaseExecutor.java:299)&#xD;
	at com.kms.katalon.core.main.TestCaseExecutor.execute(TestCaseExecutor.java:233)&#xD;
	at com.kms.katalon.core.main.TestSuiteExecutor.accessTestCaseMainPhase(TestSuiteExecutor.java:169)&#xD;
	at com.kms.katalon.core.main.TestSuiteExecutor.accessTestSuiteMainPhase(TestSuiteExecutor.java:142)&#xD;
	at com.kms.katalon.core.main.TestSuiteExecutor.execute(TestSuiteExecutor.java:91)&#xD;
	at com.kms.katalon.core.main.TestCaseMain.startTestSuite(TestCaseMain.java:157)&#xD;
	at com.kms.katalon.core.main.TestCaseMain$startTestSuite$0.call(Unknown Source)&#xD;
	at TempTestSuite1569055084524.run(TempTestSuite1569055084524.groovy:35)&#xD;
Caused by: java.lang.AssertionError: expected [true] but found [false]&#xD;
	at org.testng.Assert.fail(Assert.java:93)&#xD;
	at org.testng.Assert.failNotEquals(Assert.java:512)&#xD;
	at org.testng.Assert.assertTrue(Assert.java:41)&#xD;
	at org.testng.Assert.assertTrue(Assert.java:51)&#xD;
	at org.testng.Assert$assertTrue$1.call(Unknown Source)&#xD;
	at VerifyComparePopUpCount.run(VerifyComparePopUpCount:32)&#xD;
	at com.kms.katalon.core.main.ScriptEngine.run(ScriptEngine.java:194)&#xD;
	at com.kms.katalon.core.main.ScriptEngine.runScriptAsRawText(ScriptEngine.java:119)&#xD;
	at com.kms.katalon.core.main.TestCaseExecutor.runScript(TestCaseExecutor.java:337)&#xD;
	at com.kms.katalon.core.main.TestCaseExecutor.doExecute(TestCaseExecutor.java:328)&#xD;
	at com.kms.katalon.core.main.TestCaseExecutor.processExecutionPhase(TestCaseExecutor.java:307)&#xD;
	at com.kms.katalon.core.main.TestCaseExecutor.accessMainPhase(TestCaseExecutor.java:299)&#xD;
	at com.kms.katalon.core.main.TestCaseExecutor.execute(TestCaseExecutor.java:233)&#xD;
	at com.kms.katalon.core.main.TestCaseMain.runTestCase(TestCaseMain.java:114)&#xD;
	at com.kms.katalon.core.keyword.builtin.CallTestCaseKeyword$_callTestCase_closure1.doCall(CallTestCaseKeyword.groovy:59)&#xD;
	... 20 more&#xD;
&#xD;
&#xD;
2019-09-21 14:09:21 - [TEST_STEP][PASSED] - driver = getWebDriver(): null&#xD;
&#xD;
2019-09-21 14:09:21 - [TEST_STEP][PASSED] - Thread.sleep(3000): null&#xD;
&#xD;
2019-09-21 14:09:24 - [TEST_STEP][PASSED] - click(findTestObject("Object Repository/CompareFunctionality/i_Get This Product_fa fa-times")): Object: 'Object Repository/CompareFunctionality/i_Get This Product_fa fa-times' is clicked on&#xD;
&#xD;
2019-09-21 14:09:24 - [MESSAGE][PASSED] - Object: 'Object Repository/CompareFunctionality/i_Get This Product_fa fa-times' is clicked on&#xD;
&#xD;
2019-09-21 14:09:24 - [TEST_STEP][PASSED] - Thread.sleep(3000): null&#xD;
&#xD;
2019-09-21 14:09:27 - [TEST_STEP][PASSED] - confirmMessage = getText(findTestObject("Object Repository/CompareFunctionality/CompareWarningpPopup")): Text of object 'Object Repository/CompareFunctionality/CompareWarningpPopup' is: 'Are you sure you want to remove this item from your Compare Products list?'&#xD;
&#xD;
2019-09-21 14:09:27 - [MESSAGE][PASSED] - Text of object 'Object Repository/CompareFunctionality/CompareWarningpPopup' is: 'Are you sure you want to remove this item from your Compare Products list?'&#xD;
&#xD;
2019-09-21 14:09:27 - [TEST_STEP][PASSED] - click(findTestObject("Object Repository/CompareFunctionality/span_OK")): Object: 'Object Repository/CompareFunctionality/span_OK' is clicked on&#xD;
&#xD;
2019-09-21 14:09:28 - [MESSAGE][PASSED] - Object: 'Object Repository/CompareFunctionality/span_OK' is clicked on&#xD;
&#xD;
2019-09-21 14:09:28 - [TEST_STEP][PASSED] - Assert.assertNotNull(confirmMessage): null&#xD;
&#xD;
2019-09-21 14:09:28 - [TEST_STEP][PASSED] - (internal.GlobalVariable.nosOfProducts--): null&#xD;
&#xD;
2019-09-21 14:09:28 - [TEST_STEP][PASSED] - refresh(): Refresh successfully&#xD;
&#xD;
2019-09-21 14:09:28 - [MESSAGE][PASSED] - Refresh successfully&#xD;
&#xD;
2019-09-21 14:09:28 - [TEST_STEP][PASSED] - count = Resources.nosOfProductsonComparePage(driver): null&#xD;
&#xD;
2019-09-21 14:09:29 - [TEST_STEP][PASSED] - Assert.assertEquals(count, nosOfProducts): null&#xD;
&#xD;
2019-09-21 14:09:29 - [TEST_STEP][PASSED] - Resources.movingToSmartphonesPage(): Object: 'Object Repository/Category_Traverse/Mobile and Electronics' is clicked on&#xD;
&#xD;
2019-09-21 14:09:30 - [MESSAGE][PASSED] - Object: 'Object Repository/Category_Traverse/Categories' is clicked on&#xD;
&#xD;
2019-09-21 14:09:30 - [MESSAGE][PASSED] - Object 'Object Repository/Category_Traverse/Mobile and Electronics' is clickable&#xD;
&#xD;
2019-09-21 14:09:31 - [MESSAGE][PASSED] - Object: 'Object Repository/Category_Traverse/Mobile and Electronics' is clicked on&#xD;
&#xD;
2019-09-21 14:09:31 - [TEST_STEP][FAILED] - productCount = callTestCase(findTestCase("Test Cases/VerifyComparePopUpCount"), null): Unable to call Test Case 'Test Cases/VerifyComparePopUpCount' (Root cause: com.kms.katalon.core.exception.StepFailedException: Call Test Case 'Test Cases/VerifyComparePopUpCount' failed&#xD;
	at com.kms.katalon.core.keyword.builtin.CallTestCaseKeyword$_callTestCase_closure1.doCall(CallTestCaseKeyword.groovy:63)&#xD;
	at com.kms.katalon.core.keyword.builtin.CallTestCaseKeyword$_callTestCase_closure1.call(CallTestCaseKeyword.groovy)&#xD;
	at com.kms.katalon.core.keyword.internal.KeywordMain.runKeyword(KeywordMain.groovy:68)&#xD;
	at com.kms.katalon.core.keyword.builtin.CallTestCaseKeyword.callTestCase(CallTestCaseKeyword.groovy:81)&#xD;
	at com.kms.katalon.core.keyword.builtin.CallTestCaseKeyword.execute(CallTestCaseKeyword.groovy:44)&#xD;
	at com.kms.katalon.core.keyword.internal.KeywordExecutor.executeKeywordForPlatform(KeywordExecutor.groovy:56)&#xD;
	at com.kms.katalon.core.keyword.BuiltinKeywords.callTestCase(BuiltinKeywords.groovy:350)&#xD;
	at RemoveFeatureofCompareProducts.run(RemoveFeatureofCompareProducts:55)&#xD;
	at com.kms.katalon.core.main.ScriptEngine.run(ScriptEngine.java:194)&#xD;
	at com.kms.katalon.core.main.ScriptEngine.runScriptAsRawText(ScriptEngine.java:119)&#xD;
	at com.kms.katalon.core.main.TestCaseExecutor.runScript(TestCaseExecutor.java:337)&#xD;
	at com.kms.katalon.core.main.TestCaseExecutor.doExecute(TestCaseExecutor.java:328)&#xD;
	at com.kms.katalon.core.main.TestCaseExecutor.processExecutionPhase(TestCaseExecutor.java:307)&#xD;
	at com.kms.katalon.core.main.TestCaseExecutor.accessMainPhase(TestCaseExecutor.java:299)&#xD;
	at com.kms.katalon.core.main.TestCaseExecutor.execute(TestCaseExecutor.java:233)&#xD;
	at com.kms.katalon.core.main.TestSuiteExecutor.accessTestCaseMainPhase(TestSuiteExecutor.java:169)&#xD;
	at com.kms.katalon.core.main.TestSuiteExecutor.accessTestSuiteMainPhase(TestSuiteExecutor.java:142)&#xD;
	at com.kms.katalon.core.main.TestSuiteExecutor.execute(TestSuiteExecutor.java:91)&#xD;
	at com.kms.katalon.core.main.TestCaseMain.startTestSuite(TestCaseMain.java:157)&#xD;
	at com.kms.katalon.core.main.TestCaseMain$startTestSuite$0.call(Unknown Source)&#xD;
	at TempTestSuite1569055084524.run(TempTestSuite1569055084524.groovy:35)&#xD;
Caused by: java.lang.AssertionError: expected [true] but found [false]&#xD;
	at org.testng.Assert.fail(Assert.java:93)&#xD;
	at org.testng.Assert.failNotEquals(Assert.java:512)&#xD;
	at org.testng.Assert.assertTrue(Assert.java:41)&#xD;
	at org.testng.Assert.assertTrue(Assert.java:51)&#xD;
	at org.testng.Assert$assertTrue$1.call(Unknown Source)&#xD;
	at VerifyComparePopUpCount.run(VerifyComparePopUpCount:32)&#xD;
	at com.kms.katalon.core.main.ScriptEngine.run(ScriptEngine.java:194)&#xD;
	at com.kms.katalon.core.main.ScriptEngine.runScriptAsRawText(ScriptEngine.java:119)&#xD;
	at com.kms.katalon.core.main.TestCaseExecutor.runScript(TestCaseExecutor.java:337)&#xD;
	at com.kms.katalon.core.main.TestCaseExecutor.doExecute(TestCaseExecutor.java:328)&#xD;
	at com.kms.katalon.core.main.TestCaseExecutor.processExecutionPhase(TestCaseExecutor.java:307)&#xD;
	at com.kms.katalon.core.main.TestCaseExecutor.accessMainPhase(TestCaseExecutor.java:299)&#xD;
	at com.kms.katalon.core.main.TestCaseExecutor.execute(TestCaseExecutor.java:233)&#xD;
	at com.kms.katalon.core.main.TestCaseMain.runTestCase(TestCaseMain.java:114)&#xD;
	at com.kms.katalon.core.keyword.builtin.CallTestCaseKeyword$_callTestCase_closure1.doCall(CallTestCaseKeyword.groovy:59)&#xD;
	... 20 more&#xD;
)&#xD;
&#xD;
2019-09-21 14:09:31 - [TEST_CASE][FAILED] - Test Cases/VerifyComparePopUpCount: Test Cases/VerifyComparePopUpCount FAILED.
Reason:
java.lang.AssertionError: expected [true] but found [false]&#xD;
	at org.testng.Assert.fail(Assert.java:93)&#xD;
	at org.testng.Assert.failNotEquals(Assert.java:512)&#xD;
	at org.testng.Assert.assertTrue(Assert.java:41)&#xD;
	at org.testng.Assert.assertTrue(Assert.java:51)&#xD;
	at org.testng.Assert$assertTrue$1.call(Unknown Source)&#xD;
	at VerifyComparePopUpCount.run(VerifyComparePopUpCount:32)&#xD;
	at com.kms.katalon.core.main.ScriptEngine.run(ScriptEngine.java:194)&#xD;
	at com.kms.katalon.core.main.ScriptEngine.runScriptAsRawText(ScriptEngine.java:119)&#xD;
	at com.kms.katalon.core.main.TestCaseExecutor.runScript(TestCaseExecutor.java:337)&#xD;
	at com.kms.katalon.core.main.TestCaseExecutor.doExecute(TestCaseExecutor.java:328)&#xD;
	at com.kms.katalon.core.main.TestCaseExecutor.processExecutionPhase(TestCaseExecutor.java:307)&#xD;
	at com.kms.katalon.core.main.TestCaseExecutor.accessMainPhase(TestCaseExecutor.java:299)&#xD;
	at com.kms.katalon.core.main.TestCaseExecutor.execute(TestCaseExecutor.java:233)&#xD;
	at com.kms.katalon.core.main.TestCaseMain.runTestCase(TestCaseMain.java:114)&#xD;
	at com.kms.katalon.core.keyword.builtin.CallTestCaseKeyword$_callTestCase_closure1.doCall(CallTestCaseKeyword.groovy:59)&#xD;
	at com.kms.katalon.core.keyword.builtin.CallTestCaseKeyword$_callTestCase_closure1.call(CallTestCaseKeyword.groovy)&#xD;
	at com.kms.katalon.core.keyword.internal.KeywordMain.runKeyword(KeywordMain.groovy:68)&#xD;
	at com.kms.katalon.core.keyword.builtin.CallTestCaseKeyword.callTestCase(CallTestCaseKeyword.groovy:81)&#xD;
	at com.kms.katalon.core.keyword.builtin.CallTestCaseKeyword.execute(CallTestCaseKeyword.groovy:44)&#xD;
	at com.kms.katalon.core.keyword.internal.KeywordExecutor.executeKeywordForPlatform(KeywordExecutor.groovy:56)&#xD;
	at com.kms.katalon.core.keyword.BuiltinKeywords.callTestCase(BuiltinKeywords.groovy:350)&#xD;
	at RemoveFeatureofCompareProducts.run(RemoveFeatureofCompareProducts:55)&#xD;
	at com.kms.katalon.core.main.ScriptEngine.run(ScriptEngine.java:194)&#xD;
	at com.kms.katalon.core.main.ScriptEngine.runScriptAsRawText(ScriptEngine.java:119)&#xD;
	at com.kms.katalon.core.main.TestCaseExecutor.runScript(TestCaseExecutor.java:337)&#xD;
	at com.kms.katalon.core.main.TestCaseExecutor.doExecute(TestCaseExecutor.java:328)&#xD;
	at com.kms.katalon.core.main.TestCaseExecutor.processExecutionPhase(TestCaseExecutor.java:307)&#xD;
	at com.kms.katalon.core.main.TestCaseExecutor.accessMainPhase(TestCaseExecutor.java:299)&#xD;
	at com.kms.katalon.core.main.TestCaseExecutor.execute(TestCaseExecutor.java:233)&#xD;
	at com.kms.katalon.core.main.TestSuiteExecutor.accessTestCaseMainPhase(TestSuiteExecutor.java:169)&#xD;
	at com.kms.katalon.core.main.TestSuiteExecutor.accessTestSuiteMainPhase(TestSuiteExecutor.java:142)&#xD;
	at com.kms.katalon.core.main.TestSuiteExecutor.execute(TestSuiteExecutor.java:91)&#xD;
	at com.kms.katalon.core.main.TestCaseMain.startTestSuite(TestCaseMain.java:157)&#xD;
	at com.kms.katalon.core.main.TestCaseMain$startTestSuite$0.call(Unknown Source)&#xD;
	at TempTestSuite1569055084524.run(TempTestSuite1569055084524.groovy:35)&#xD;
&#xD;
&#xD;
2019-09-21 14:09:31 - [TEST_STEP][PASSED] - Assert.assertTrue(Resources.checkifComparepopuppresent()): null&#xD;
&#xD;
2019-09-21 14:09:31 - [TEST_STEP][PASSED] - compareText = getText(findTestObject("Object Repository/CompareFunctionality/ComparepopTextCapture")): Text of object 'Object Repository/CompareFunctionality/ComparepopTextCapture' is: ''&#xD;
&#xD;
2019-09-21 14:09:32 - [MESSAGE][PASSED] - Text of object 'Object Repository/CompareFunctionality/ComparepopTextCapture' is: ''&#xD;
&#xD;
2019-09-21 14:09:32 - [TEST_STEP][PASSED] - if (compareText.isEmpty()): null&#xD;
&#xD;
2019-09-21 14:09:32 - [TEST_STEP][PASSED] - println("Compare Popup is not present on the PLP Page...!!!"): null&#xD;
&#xD;
2019-09-21 14:09:32 - [TEST_STEP][PASSED] - Assert.assertTrue(false): null&#xD;
&#xD;
2019-09-21 14:09:32 - [MESSAGE][FAILED] - Unable to call Test Case 'Test Cases/VerifyComparePopUpCount' (Root cause: com.kms.katalon.core.exception.StepFailedException: Call Test Case 'Test Cases/VerifyComparePopUpCount' failed&#xD;
	at com.kms.katalon.core.keyword.builtin.CallTestCaseKeyword$_callTestCase_closure1.doCall(CallTestCaseKeyword.groovy:63)&#xD;
	at com.kms.katalon.core.keyword.builtin.CallTestCaseKeyword$_callTestCase_closure1.call(CallTestCaseKeyword.groovy)&#xD;
	at com.kms.katalon.core.keyword.internal.KeywordMain.runKeyword(KeywordMain.groovy:68)&#xD;
	at com.kms.katalon.core.keyword.builtin.CallTestCaseKeyword.callTestCase(CallTestCaseKeyword.groovy:81)&#xD;
	at com.kms.katalon.core.keyword.builtin.CallTestCaseKeyword.execute(CallTestCaseKeyword.groovy:44)&#xD;
	at com.kms.katalon.core.keyword.internal.KeywordExecutor.executeKeywordForPlatform(KeywordExecutor.groovy:56)&#xD;
	at com.kms.katalon.core.keyword.BuiltinKeywords.callTestCase(BuiltinKeywords.groovy:350)&#xD;
	at RemoveFeatureofCompareProducts.run(RemoveFeatureofCompareProducts:55)&#xD;
	at com.kms.katalon.core.main.ScriptEngine.run(ScriptEngine.java:194)&#xD;
	at com.kms.katalon.core.main.ScriptEngine.runScriptAsRawText(ScriptEngine.java:119)&#xD;
	at com.kms.katalon.core.main.TestCaseExecutor.runScript(TestCaseExecutor.java:337)&#xD;
	at com.kms.katalon.core.main.TestCaseExecutor.doExecute(TestCaseExecutor.java:328)&#xD;
	at com.kms.katalon.core.main.TestCaseExecutor.processExecutionPhase(TestCaseExecutor.java:307)&#xD;
	at com.kms.katalon.core.main.TestCaseExecutor.accessMainPhase(TestCaseExecutor.java:299)&#xD;
	at com.kms.katalon.core.main.TestCaseExecutor.execute(TestCaseExecutor.java:233)&#xD;
	at com.kms.katalon.core.main.TestSuiteExecutor.accessTestCaseMainPhase(TestSuiteExecutor.java:169)&#xD;
	at com.kms.katalon.core.main.TestSuiteExecutor.accessTestSuiteMainPhase(TestSuiteExecutor.java:142)&#xD;
	at com.kms.katalon.core.main.TestSuiteExecutor.execute(TestSuiteExecutor.java:91)&#xD;
	at com.kms.katalon.core.main.TestCaseMain.startTestSuite(TestCaseMain.java:157)&#xD;
	at com.kms.katalon.core.main.TestCaseMain$startTestSuite$0.call(Unknown Source)&#xD;
	at TempTestSuite1569055084524.run(TempTestSuite1569055084524.groovy:35)&#xD;
Caused by: java.lang.AssertionError: expected [true] but found [false]&#xD;
	at org.testng.Assert.fail(Assert.java:93)&#xD;
	at org.testng.Assert.failNotEquals(Assert.java:512)&#xD;
	at org.testng.Assert.assertTrue(Assert.java:41)&#xD;
	at org.testng.Assert.assertTrue(Assert.java:51)&#xD;
	at org.testng.Assert$assertTrue$1.call(Unknown Source)&#xD;
	at VerifyComparePopUpCount.run(VerifyComparePopUpCount:32)&#xD;
	at com.kms.katalon.core.main.ScriptEngine.run(ScriptEngine.java:194)&#xD;
	at com.kms.katalon.core.main.ScriptEngine.runScriptAsRawText(ScriptEngine.java:119)&#xD;
	at com.kms.katalon.core.main.TestCaseExecutor.runScript(TestCaseExecutor.java:337)&#xD;
	at com.kms.katalon.core.main.TestCaseExecutor.doExecute(TestCaseExecutor.java:328)&#xD;
	at com.kms.katalon.core.main.TestCaseExecutor.processExecutionPhase(TestCaseExecutor.java:307)&#xD;
	at com.kms.katalon.core.main.TestCaseExecutor.accessMainPhase(TestCaseExecutor.java:299)&#xD;
	at com.kms.katalon.core.main.TestCaseExecutor.execute(TestCaseExecutor.java:233)&#xD;
	at com.kms.katalon.core.main.TestCaseMain.runTestCase(TestCaseMain.java:114)&#xD;
	at com.kms.katalon.core.keyword.builtin.CallTestCaseKeyword$_callTestCase_closure1.doCall(CallTestCaseKeyword.groovy:59)&#xD;
	... 20 more&#xD;
)&#xD;
&#xD;
2019-09-21 14:09:32 - [TEST_STEP][PASSED] - Start tear down : tearDownTestCase: Method 'tearDownTestCase' complete successfully&#xD;
&#xD;
2019-09-21 14:09:32 - [TEST_STEP][PASSED] - Thread.sleep(3000): null&#xD;
&#xD;
2019-09-21 14:09:35 - [MESSAGE][PASSED] - Method 'tearDownTestCase' complete successfully</system-out>
            <system-err>2019-09-21 14:09:20 - [TEST_CASE][FAILED] - Test Cases/RemoveFeatureofCompareProducts: Test Cases/RemoveFeatureofCompareProducts FAILED.
Reason:
com.kms.katalon.core.exception.StepFailedException: Call Test Case 'Test Cases/VerifyComparePopUpCount' failed&#xD;
	at com.kms.katalon.core.keyword.builtin.CallTestCaseKeyword$_callTestCase_closure1.doCall(CallTestCaseKeyword.groovy:63)&#xD;
	at com.kms.katalon.core.keyword.builtin.CallTestCaseKeyword$_callTestCase_closure1.call(CallTestCaseKeyword.groovy)&#xD;
	at com.kms.katalon.core.keyword.internal.KeywordMain.runKeyword(KeywordMain.groovy:68)&#xD;
	at com.kms.katalon.core.keyword.builtin.CallTestCaseKeyword.callTestCase(CallTestCaseKeyword.groovy:81)&#xD;
	at com.kms.katalon.core.keyword.builtin.CallTestCaseKeyword.execute(CallTestCaseKeyword.groovy:44)&#xD;
	at com.kms.katalon.core.keyword.internal.KeywordExecutor.executeKeywordForPlatform(KeywordExecutor.groovy:56)&#xD;
	at com.kms.katalon.core.keyword.BuiltinKeywords.callTestCase(BuiltinKeywords.groovy:350)&#xD;
	at RemoveFeatureofCompareProducts.run(RemoveFeatureofCompareProducts:55)&#xD;
	at com.kms.katalon.core.main.ScriptEngine.run(ScriptEngine.java:194)&#xD;
	at com.kms.katalon.core.main.ScriptEngine.runScriptAsRawText(ScriptEngine.java:119)&#xD;
	at com.kms.katalon.core.main.TestCaseExecutor.runScript(TestCaseExecutor.java:337)&#xD;
	at com.kms.katalon.core.main.TestCaseExecutor.doExecute(TestCaseExecutor.java:328)&#xD;
	at com.kms.katalon.core.main.TestCaseExecutor.processExecutionPhase(TestCaseExecutor.java:307)&#xD;
	at com.kms.katalon.core.main.TestCaseExecutor.accessMainPhase(TestCaseExecutor.java:299)&#xD;
	at com.kms.katalon.core.main.TestCaseExecutor.execute(TestCaseExecutor.java:233)&#xD;
	at com.kms.katalon.core.main.TestSuiteExecutor.accessTestCaseMainPhase(TestSuiteExecutor.java:169)&#xD;
	at com.kms.katalon.core.main.TestSuiteExecutor.accessTestSuiteMainPhase(TestSuiteExecutor.java:142)&#xD;
	at com.kms.katalon.core.main.TestSuiteExecutor.execute(TestSuiteExecutor.java:91)&#xD;
	at com.kms.katalon.core.main.TestCaseMain.startTestSuite(TestCaseMain.java:157)&#xD;
	at com.kms.katalon.core.main.TestCaseMain$startTestSuite$0.call(Unknown Source)&#xD;
	at TempTestSuite1569055084524.run(TempTestSuite1569055084524.groovy:35)&#xD;
Caused by: java.lang.AssertionError: expected [true] but found [false]&#xD;
	at org.testng.Assert.fail(Assert.java:93)&#xD;
	at org.testng.Assert.failNotEquals(Assert.java:512)&#xD;
	at org.testng.Assert.assertTrue(Assert.java:41)&#xD;
	at org.testng.Assert.assertTrue(Assert.java:51)&#xD;
	at org.testng.Assert$assertTrue$1.call(Unknown Source)&#xD;
	at VerifyComparePopUpCount.run(VerifyComparePopUpCount:32)&#xD;
	at com.kms.katalon.core.main.ScriptEngine.run(ScriptEngine.java:194)&#xD;
	at com.kms.katalon.core.main.ScriptEngine.runScriptAsRawText(ScriptEngine.java:119)&#xD;
	at com.kms.katalon.core.main.TestCaseExecutor.runScript(TestCaseExecutor.java:337)&#xD;
	at com.kms.katalon.core.main.TestCaseExecutor.doExecute(TestCaseExecutor.java:328)&#xD;
	at com.kms.katalon.core.main.TestCaseExecutor.processExecutionPhase(TestCaseExecutor.java:307)&#xD;
	at com.kms.katalon.core.main.TestCaseExecutor.accessMainPhase(TestCaseExecutor.java:299)&#xD;
	at com.kms.katalon.core.main.TestCaseExecutor.execute(TestCaseExecutor.java:233)&#xD;
	at com.kms.katalon.core.main.TestCaseMain.runTestCase(TestCaseMain.java:114)&#xD;
	at com.kms.katalon.core.keyword.builtin.CallTestCaseKeyword$_callTestCase_closure1.doCall(CallTestCaseKeyword.groovy:59)&#xD;
	... 20 more</system-err>
        </testcase>
        <testcase name="Test Cases/VerifyMainCategoryNames" classname="Test Cases/VerifyMainCategoryNames" status="PASSED">
            <system-out>2019-09-21 14:09:35 - [TEST_CASE][PASSED] - Test Cases/VerifyMainCategoryNames: Test Cases/VerifyMainCategoryNames&#xD;
&#xD;
2019-09-21 14:09:35 - [TEST_STEP][PASSED] - mouseOver(findTestObject("Object Repository/PLPpage/PLP_Title")): Object: 'Object Repository/PLPpage/PLP_Title' is hovered&#xD;
&#xD;
2019-09-21 14:09:35 - [MESSAGE][PASSED] - Object: 'Object Repository/PLPpage/PLP_Title' is hovered&#xD;
&#xD;
2019-09-21 14:09:35 - [TEST_STEP][PASSED] - categoryNames = new java.util.ArrayList(): null&#xD;
&#xD;
2019-09-21 14:09:35 - [TEST_STEP][PASSED] - driver = getWebDriver(): null&#xD;
&#xD;
2019-09-21 14:09:35 - [TEST_STEP][PASSED] - size = xpath("//div[@class='a_deskcatagory']/ul/li")).size(): null&#xD;
&#xD;
2019-09-21 14:09:35 - [TEST_STEP][PASSED] - for ([i = 1, i &lt;= size, (i++)]): Navigate back successfully&#xD;
&#xD;
2019-09-21 14:09:35 - [TEST_STEP][PASSED] - waitForElementNotPresent(findTestObject("Object Repository/Category_Traverse/Categories"), 5): Web element with id: 'Object Repository/Category_Traverse/Categories' located by 'By.xpath: //a[@class='categorySelect']' is present after '5' second(s)&#xD;
&#xD;
2019-09-21 14:09:40 - [MESSAGE][WARNING] - Web element with id: 'Object Repository/Category_Traverse/Categories' located by 'By.xpath: //a[@class='categorySelect']' is present after '5' second(s)&#xD;
&#xD;
2019-09-21 14:09:40 - [TEST_STEP][PASSED] - click(findTestObject("Object Repository/Category_Traverse/Categories")): Object: 'Object Repository/Category_Traverse/Categories' is clicked on&#xD;
&#xD;
2019-09-21 14:09:40 - [MESSAGE][PASSED] - Object: 'Object Repository/Category_Traverse/Categories' is clicked on&#xD;
&#xD;
2019-09-21 14:09:40 - [TEST_STEP][PASSED] - waitForElementNotPresent(findTestObject("Object Repository/Category_Traverse/CommonCategoryList"), 5): Web element with id: 'Object Repository/Category_Traverse/CommonCategoryList' located by 'By.xpath: //div[@class='a_deskcatagory']/ul/li["+i+"]/a' is present after '5' second(s)&#xD;
&#xD;
2019-09-21 14:09:46 - [MESSAGE][WARNING] - Web element with id: 'Object Repository/Category_Traverse/CommonCategoryList' located by 'By.xpath: //div[@class='a_deskcatagory']/ul/li["+i+"]/a' is present after '5' second(s)&#xD;
&#xD;
2019-09-21 14:09:46 - [TEST_STEP][PASSED] - categoryNames.add(xpath("//div[@class='a_deskcatagory']/ul/li[" + i + "]/a")).getText()): null&#xD;
&#xD;
2019-09-21 14:09:46 - [TEST_STEP][PASSED] - xpath("//div[@class='a_deskcatagory']/ul/li[" + i + "]/a")).click(): null&#xD;
&#xD;
2019-09-21 14:09:48 - [TEST_STEP][PASSED] - match = getText(findTestObject("Object Repository/PLPpage/PLP_Title")): Text of object 'Object Repository/PLPpage/PLP_Title' is: 'Mobiles and Electronics'&#xD;
&#xD;
2019-09-21 14:09:48 - [MESSAGE][PASSED] - Text of object 'Object Repository/PLPpage/PLP_Title' is: 'Mobiles and Electronics'&#xD;
&#xD;
2019-09-21 14:09:48 - [TEST_STEP][PASSED] - Assert.assertEquals(match, categoryNames.get(i - 1)): null&#xD;
&#xD;
2019-09-21 14:09:48 - [TEST_STEP][PASSED] - back(): Navigate back successfully&#xD;
&#xD;
2019-09-21 14:09:49 - [MESSAGE][PASSED] - Navigate back successfully&#xD;
&#xD;
2019-09-21 14:09:49 - [TEST_STEP][PASSED] - waitForElementNotPresent(findTestObject("Object Repository/Category_Traverse/Categories"), 5): Web element with id: 'Object Repository/Category_Traverse/Categories' located by 'By.xpath: //a[@class='categorySelect']' is present after '5' second(s)&#xD;
&#xD;
2019-09-21 14:09:55 - [MESSAGE][WARNING] - Web element with id: 'Object Repository/Category_Traverse/Categories' located by 'By.xpath: //a[@class='categorySelect']' is present after '5' second(s)&#xD;
&#xD;
2019-09-21 14:09:55 - [TEST_STEP][PASSED] - click(findTestObject("Object Repository/Category_Traverse/Categories")): Object: 'Object Repository/Category_Traverse/Categories' is clicked on&#xD;
&#xD;
2019-09-21 14:09:55 - [MESSAGE][PASSED] - Object: 'Object Repository/Category_Traverse/Categories' is clicked on&#xD;
&#xD;
2019-09-21 14:09:55 - [TEST_STEP][PASSED] - waitForElementNotPresent(findTestObject("Object Repository/Category_Traverse/CommonCategoryList"), 5): Web element with id: 'Object Repository/Category_Traverse/CommonCategoryList' located by 'By.xpath: //div[@class='a_deskcatagory']/ul/li["+i+"]/a' is present after '5' second(s)&#xD;
&#xD;
2019-09-21 14:10:00 - [MESSAGE][WARNING] - Web element with id: 'Object Repository/Category_Traverse/CommonCategoryList' located by 'By.xpath: //div[@class='a_deskcatagory']/ul/li["+i+"]/a' is present after '5' second(s)&#xD;
&#xD;
2019-09-21 14:10:00 - [TEST_STEP][PASSED] - categoryNames.add(xpath("//div[@class='a_deskcatagory']/ul/li[" + i + "]/a")).getText()): null&#xD;
&#xD;
2019-09-21 14:10:00 - [TEST_STEP][PASSED] - xpath("//div[@class='a_deskcatagory']/ul/li[" + i + "]/a")).click(): null&#xD;
&#xD;
2019-09-21 14:10:03 - [TEST_STEP][PASSED] - match = getText(findTestObject("Object Repository/PLPpage/PLP_Title")): Text of object 'Object Repository/PLPpage/PLP_Title' is: 'TVs and Large Appliances'&#xD;
&#xD;
2019-09-21 14:10:03 - [MESSAGE][PASSED] - Text of object 'Object Repository/PLPpage/PLP_Title' is: 'TVs and Large Appliances'&#xD;
&#xD;
2019-09-21 14:10:03 - [TEST_STEP][PASSED] - Assert.assertEquals(match, categoryNames.get(i - 1)): null&#xD;
&#xD;
2019-09-21 14:10:03 - [TEST_STEP][PASSED] - back(): Navigate back successfully&#xD;
&#xD;
2019-09-21 14:10:04 - [MESSAGE][PASSED] - Navigate back successfully&#xD;
&#xD;
2019-09-21 14:10:04 - [TEST_STEP][PASSED] - waitForElementNotPresent(findTestObject("Object Repository/Category_Traverse/Categories"), 5): Web element with id: 'Object Repository/Category_Traverse/Categories' located by 'By.xpath: //a[@class='categorySelect']' is present after '5' second(s)&#xD;
&#xD;
2019-09-21 14:10:10 - [MESSAGE][WARNING] - Web element with id: 'Object Repository/Category_Traverse/Categories' located by 'By.xpath: //a[@class='categorySelect']' is present after '5' second(s)&#xD;
&#xD;
2019-09-21 14:10:10 - [TEST_STEP][PASSED] - click(findTestObject("Object Repository/Category_Traverse/Categories")): Object: 'Object Repository/Category_Traverse/Categories' is clicked on&#xD;
&#xD;
2019-09-21 14:10:10 - [MESSAGE][PASSED] - Object: 'Object Repository/Category_Traverse/Categories' is clicked on&#xD;
&#xD;
2019-09-21 14:10:10 - [TEST_STEP][PASSED] - waitForElementNotPresent(findTestObject("Object Repository/Category_Traverse/CommonCategoryList"), 5): Web element with id: 'Object Repository/Category_Traverse/CommonCategoryList' located by 'By.xpath: //div[@class='a_deskcatagory']/ul/li["+i+"]/a' is present after '5' second(s)&#xD;
&#xD;
2019-09-21 14:10:15 - [MESSAGE][WARNING] - Web element with id: 'Object Repository/Category_Traverse/CommonCategoryList' located by 'By.xpath: //div[@class='a_deskcatagory']/ul/li["+i+"]/a' is present after '5' second(s)&#xD;
&#xD;
2019-09-21 14:10:15 - [TEST_STEP][PASSED] - categoryNames.add(xpath("//div[@class='a_deskcatagory']/ul/li[" + i + "]/a")).getText()): null&#xD;
&#xD;
2019-09-21 14:10:15 - [TEST_STEP][PASSED] - xpath("//div[@class='a_deskcatagory']/ul/li[" + i + "]/a")).click(): null&#xD;
&#xD;
2019-09-21 14:10:17 - [TEST_STEP][PASSED] - match = getText(findTestObject("Object Repository/PLPpage/PLP_Title")): Text of object 'Object Repository/PLPpage/PLP_Title' is: 'Kitchen Appliances'&#xD;
&#xD;
2019-09-21 14:10:17 - [MESSAGE][PASSED] - Text of object 'Object Repository/PLPpage/PLP_Title' is: 'Kitchen Appliances'&#xD;
&#xD;
2019-09-21 14:10:17 - [TEST_STEP][PASSED] - Assert.assertEquals(match, categoryNames.get(i - 1)): null&#xD;
&#xD;
2019-09-21 14:10:17 - [TEST_STEP][PASSED] - back(): Navigate back successfully&#xD;
&#xD;
2019-09-21 14:10:18 - [MESSAGE][PASSED] - Navigate back successfully&#xD;
&#xD;
2019-09-21 14:10:18 - [TEST_STEP][PASSED] - waitForElementNotPresent(findTestObject("Object Repository/Category_Traverse/Categories"), 5): Web element with id: 'Object Repository/Category_Traverse/Categories' located by 'By.xpath: //a[@class='categorySelect']' is present after '5' second(s)&#xD;
&#xD;
2019-09-21 14:10:24 - [MESSAGE][WARNING] - Web element with id: 'Object Repository/Category_Traverse/Categories' located by 'By.xpath: //a[@class='categorySelect']' is present after '5' second(s)&#xD;
&#xD;
2019-09-21 14:10:24 - [TEST_STEP][PASSED] - click(findTestObject("Object Repository/Category_Traverse/Categories")): Object: 'Object Repository/Category_Traverse/Categories' is clicked on&#xD;
&#xD;
2019-09-21 14:10:24 - [MESSAGE][PASSED] - Object: 'Object Repository/Category_Traverse/Categories' is clicked on&#xD;
&#xD;
2019-09-21 14:10:24 - [TEST_STEP][PASSED] - waitForElementNotPresent(findTestObject("Object Repository/Category_Traverse/CommonCategoryList"), 5): Web element with id: 'Object Repository/Category_Traverse/CommonCategoryList' located by 'By.xpath: //div[@class='a_deskcatagory']/ul/li["+i+"]/a' is present after '5' second(s)&#xD;
&#xD;
2019-09-21 14:10:29 - [MESSAGE][WARNING] - Web element with id: 'Object Repository/Category_Traverse/CommonCategoryList' located by 'By.xpath: //div[@class='a_deskcatagory']/ul/li["+i+"]/a' is present after '5' second(s)&#xD;
&#xD;
2019-09-21 14:10:29 - [TEST_STEP][PASSED] - categoryNames.add(xpath("//div[@class='a_deskcatagory']/ul/li[" + i + "]/a")).getText()): null&#xD;
&#xD;
2019-09-21 14:10:29 - [TEST_STEP][PASSED] - xpath("//div[@class='a_deskcatagory']/ul/li[" + i + "]/a")).click(): null&#xD;
&#xD;
2019-09-21 14:10:31 - [TEST_STEP][PASSED] - match = getText(findTestObject("Object Repository/PLPpage/PLP_Title")): Text of object 'Object Repository/PLPpage/PLP_Title' is: 'Small Home Appliances'&#xD;
&#xD;
2019-09-21 14:10:31 - [MESSAGE][PASSED] - Text of object 'Object Repository/PLPpage/PLP_Title' is: 'Small Home Appliances'&#xD;
&#xD;
2019-09-21 14:10:31 - [TEST_STEP][PASSED] - Assert.assertEquals(match, categoryNames.get(i - 1)): null&#xD;
&#xD;
2019-09-21 14:10:31 - [TEST_STEP][PASSED] - back(): Navigate back successfully&#xD;
&#xD;
2019-09-21 14:10:32 - [MESSAGE][PASSED] - Navigate back successfully&#xD;
&#xD;
2019-09-21 14:10:32 - [TEST_STEP][PASSED] - Start tear down : tearDownTestCase: Method 'tearDownTestCase' complete successfully&#xD;
&#xD;
2019-09-21 14:10:32 - [TEST_STEP][PASSED] - Thread.sleep(3000): null&#xD;
&#xD;
2019-09-21 14:10:35 - [MESSAGE][PASSED] - Method 'tearDownTestCase' complete successfully</system-out>
            <system-err></system-err>
        </testcase>
        <testcase name="Test Cases/AddingProductsfromComparePage" classname="Test Cases/AddingProductsfromComparePage" status="PASSED">
            <system-out>2019-09-21 14:10:35 - [TEST_CASE][PASSED] - Test Cases/AddingProductsfromComparePage: Test Cases/AddingProductsfromComparePage&#xD;
&#xD;
2019-09-21 14:10:35 - [TEST_STEP][PASSED] - productFirstName = String.valueOf(get(1).charAt(0)): null&#xD;
&#xD;
2019-09-21 14:10:35 - [TEST_STEP][PASSED] - println(productFirstName): null&#xD;
&#xD;
2019-09-21 14:10:35 - [TEST_STEP][PASSED] - setText(findTestObject("Object Repository/CompareFunctionality/input_Select another product_selectpro"), productFirstName): Text 'V' is set on object 'Object Repository/CompareFunctionality/input_Select another product_selectpro'&#xD;
&#xD;
2019-09-21 14:10:35 - [MESSAGE][PASSED] - Text 'V' is set on object 'Object Repository/CompareFunctionality/input_Select another product_selectpro'&#xD;
&#xD;
2019-09-21 14:10:35 - [TEST_STEP][PASSED] - click(findTestObject("Object Repository/CompareFunctionality/li_LG G4 32 GB Brown (3 GB RAM)")): Object: 'Object Repository/CompareFunctionality/li_LG G4 32 GB Brown (3 GB RAM)' is clicked on&#xD;
&#xD;
2019-09-21 14:10:36 - [MESSAGE][PASSED] - Object: 'Object Repository/CompareFunctionality/li_LG G4 32 GB Brown (3 GB RAM)' is clicked on&#xD;
&#xD;
2019-09-21 14:10:36 - [TEST_STEP][PASSED] - click(findTestObject("Object Repository/CompareFunctionality/a_Add Product")): Object: 'Object Repository/CompareFunctionality/a_Add Product' is clicked on&#xD;
&#xD;
2019-09-21 14:10:36 - [MESSAGE][PASSED] - Object: 'Object Repository/CompareFunctionality/a_Add Product' is clicked on&#xD;
&#xD;
2019-09-21 14:10:36 - [TEST_STEP][PASSED] - Resources.incrementnoOfProducts(): null&#xD;
&#xD;
2019-09-21 14:10:36 - [TEST_STEP][PASSED] - Thread.sleep(3000): null&#xD;
&#xD;
2019-09-21 14:10:39 - [TEST_STEP][PASSED] - Resources.movingToSmartphonesPage(): Object: 'Object Repository/Category_Traverse/Mobile and Electronics' is clicked on&#xD;
&#xD;
2019-09-21 14:10:39 - [MESSAGE][PASSED] - Object: 'Object Repository/Category_Traverse/Categories' is clicked on&#xD;
&#xD;
2019-09-21 14:10:39 - [MESSAGE][PASSED] - Object 'Object Repository/Category_Traverse/Mobile and Electronics' is clickable&#xD;
&#xD;
2019-09-21 14:10:40 - [MESSAGE][PASSED] - Object: 'Object Repository/Category_Traverse/Mobile and Electronics' is clicked on&#xD;
&#xD;
2019-09-21 14:10:40 - [TEST_STEP][PASSED] - Thread.sleep(3000): null&#xD;
&#xD;
2019-09-21 14:10:43 - [TEST_STEP][PASSED] - text = callTestCase(findTestCase("Test Cases/VerifyComparePopUpCount"), null): Call Test Case 'Test Cases/VerifyComparePopUpCount' successfully&#xD;
&#xD;
2019-09-21 14:10:43 - [TEST_CASE][PASSED] - Test Cases/VerifyComparePopUpCount: Test Cases/VerifyComparePopUpCount&#xD;
&#xD;
2019-09-21 14:10:43 - [TEST_STEP][PASSED] - Assert.assertTrue(Resources.checkifComparepopuppresent()): null&#xD;
&#xD;
2019-09-21 14:10:43 - [TEST_STEP][PASSED] - compareText = getText(findTestObject("Object Repository/CompareFunctionality/ComparepopTextCapture")): Text of object 'Object Repository/CompareFunctionality/ComparepopTextCapture' is: '3'&#xD;
&#xD;
2019-09-21 14:10:43 - [MESSAGE][PASSED] - Text of object 'Object Repository/CompareFunctionality/ComparepopTextCapture' is: '3'&#xD;
&#xD;
2019-09-21 14:10:43 - [TEST_STEP][PASSED] - if (compareText.isEmpty()): null&#xD;
&#xD;
2019-09-21 14:10:43 - [TEST_STEP][PASSED] - return compareText: null&#xD;
&#xD;
2019-09-21 14:10:43 - [MESSAGE][PASSED] - Call Test Case 'Test Cases/VerifyComparePopUpCount' successfully&#xD;
&#xD;
2019-09-21 14:10:43 - [TEST_STEP][PASSED] - Assert.assertEquals(Integer.parseInt(text), nosOfProducts): null&#xD;
&#xD;
2019-09-21 14:10:43 - [TEST_STEP][PASSED] - Start tear down : tearDownTestCase: Method 'tearDownTestCase' complete successfully&#xD;
&#xD;
2019-09-21 14:10:43 - [TEST_STEP][PASSED] - Thread.sleep(3000): null&#xD;
&#xD;
2019-09-21 14:10:46 - [MESSAGE][PASSED] - Method 'tearDownTestCase' complete successfully</system-out>
            <system-err></system-err>
        </testcase>
        <testcase name="Test Cases/RemovingAllTheProductsFromComparePopup" classname="Test Cases/RemovingAllTheProductsFromComparePopup" status="PASSED">
            <system-out>2019-09-21 14:10:46 - [TEST_CASE][PASSED] - Test Cases/RemovingAllTheProductsFromComparePopup: Test Cases/RemovingAllTheProductsFromComparePopup&#xD;
&#xD;
2019-09-21 14:10:47 - [TEST_STEP][PASSED] - mouseOver(findTestObject("Object Repository/CompareFunctionality/ComparePopUp")): Object: 'Object Repository/CompareFunctionality/ComparePopUp' is hovered&#xD;
&#xD;
2019-09-21 14:10:47 - [MESSAGE][PASSED] - Object: 'Object Repository/CompareFunctionality/ComparePopUp' is hovered&#xD;
&#xD;
2019-09-21 14:10:47 - [TEST_STEP][PASSED] - click(findTestObject("Object Repository/CompareFunctionality/RemoveAllLinks")): Object: 'Object Repository/CompareFunctionality/RemoveAllLinks' is clicked on&#xD;
&#xD;
2019-09-21 14:10:47 - [MESSAGE][PASSED] - Object: 'Object Repository/CompareFunctionality/RemoveAllLinks' is clicked on&#xD;
&#xD;
2019-09-21 14:10:47 - [TEST_STEP][PASSED] - Thread.sleep(3000): null&#xD;
&#xD;
2019-09-21 14:10:50 - [TEST_STEP][PASSED] - click(findTestObject("Object Repository/CompareFunctionality/span_OK")): Object: 'Object Repository/CompareFunctionality/span_OK' is clicked on&#xD;
&#xD;
2019-09-21 14:10:51 - [MESSAGE][PASSED] - Object: 'Object Repository/CompareFunctionality/span_OK' is clicked on&#xD;
&#xD;
2019-09-21 14:10:51 - [TEST_STEP][PASSED] - Thread.sleep(3000): null&#xD;
&#xD;
2019-09-21 14:10:54 - [TEST_STEP][PASSED] - Assert.assertFalse(Resources.checkifComparepopuppresent()): null&#xD;
&#xD;
2019-09-21 14:10:55 - [TEST_STEP][PASSED] - Start tear down : tearDownTestCase: Method 'tearDownTestCase' complete successfully&#xD;
&#xD;
2019-09-21 14:10:55 - [TEST_STEP][PASSED] - Thread.sleep(3000): null&#xD;
&#xD;
2019-09-21 14:10:58 - [MESSAGE][PASSED] - Method 'tearDownTestCase' complete successfully</system-out>
            <system-err></system-err>
        </testcase>
        <testcase name="Test Cases/FullNameSearch" classname="Test Cases/FullNameSearch" status="PASSED">
            <system-out>2019-09-21 14:10:58 - [TEST_CASE][PASSED] - Test Cases/FullNameSearch: Test Cases/FullNameSearch&#xD;
&#xD;
2019-09-21 14:10:58 - [TEST_STEP][PASSED] - setText(findTestObject("Object Repository/Search/SearchinputFiled"), namesofProducts.get(1)): Text 'V Guard Pebble - 10 litres Water Heater' is set on object 'Object Repository/Search/SearchinputFiled'&#xD;
&#xD;
2019-09-21 14:10:58 - [MESSAGE][PASSED] - Text 'V Guard Pebble - 10 litres Water Heater' is set on object 'Object Repository/Search/SearchinputFiled'&#xD;
&#xD;
2019-09-21 14:10:58 - [TEST_STEP][PASSED] - Thread.sleep(3000): null&#xD;
&#xD;
2019-09-21 14:11:01 - [TEST_STEP][PASSED] - driver = getWebDriver(): null&#xD;
&#xD;
2019-09-21 14:11:01 - [TEST_STEP][PASSED] - list = Resources.getListofProducts(): null&#xD;
&#xD;
2019-09-21 14:11:01 - [TEST_STEP][PASSED] - if (list &gt; 5): null&#xD;
&#xD;
2019-09-21 14:11:01 - [TEST_STEP][PASSED] - Assert.assertNotNull(list): null&#xD;
&#xD;
2019-09-21 14:11:01 - [TEST_STEP][PASSED] - Start tear down : tearDownTestCase: Method 'tearDownTestCase' complete successfully&#xD;
&#xD;
2019-09-21 14:11:01 - [TEST_STEP][PASSED] - Thread.sleep(3000): null&#xD;
&#xD;
2019-09-21 14:11:04 - [MESSAGE][PASSED] - Method 'tearDownTestCase' complete successfully</system-out>
            <system-err></system-err>
        </testcase>
        <testcase name="Test Cases/VerifyNamesOftheProductsSearched" classname="Test Cases/VerifyNamesOftheProductsSearched" status="PASSED">
            <system-out>2019-09-21 14:11:04 - [TEST_CASE][PASSED] - Test Cases/VerifyNamesOftheProductsSearched: Test Cases/VerifyNamesOftheProductsSearched&#xD;
&#xD;
2019-09-21 14:11:04 - [TEST_STEP][PASSED] - driver = getWebDriver(): null&#xD;
&#xD;
2019-09-21 14:11:04 - [TEST_STEP][PASSED] - size = Resources.getListofProducts(): null&#xD;
&#xD;
2019-09-21 14:11:04 - [TEST_STEP][PASSED] - for ([i = 1, i &lt;= size, (i++)]): null&#xD;
&#xD;
2019-09-21 14:11:04 - [TEST_STEP][PASSED] - s = xpath("//div[@class='mst-searchautocomplete__wrapper']/div/div/div[1]/ul/li[" + i + "]")).getText(): null&#xD;
&#xD;
2019-09-21 14:11:04 - [TEST_STEP][PASSED] - xpath("//div[@class='mst-searchautocomplete__wrapper']/div/div/div[1]/ul/li[" + i + "]")).click(): null&#xD;
&#xD;
2019-09-21 14:11:07 - [TEST_STEP][PASSED] - s1 = getText(findTestObject("Object Repository/CompareFunctionality/ProductName")): Text of object 'Object Repository/CompareFunctionality/ProductName' is: 'V Guard Pebble Metallica - 10 litres Water Heater'&#xD;
&#xD;
2019-09-21 14:11:07 - [MESSAGE][PASSED] - Text of object 'Object Repository/CompareFunctionality/ProductName' is: 'V Guard Pebble Metallica - 10 litres Water Heater'&#xD;
&#xD;
2019-09-21 14:11:07 - [TEST_STEP][PASSED] - println(s1): null&#xD;
&#xD;
2019-09-21 14:11:07 - [TEST_STEP][PASSED] - Assert.assertEquals(s, s1): null&#xD;
&#xD;
2019-09-21 14:11:07 - [TEST_STEP][PASSED] - back(): Navigate back successfully&#xD;
&#xD;
2019-09-21 14:11:08 - [MESSAGE][PASSED] - Navigate back successfully&#xD;
&#xD;
2019-09-21 14:11:08 - [TEST_STEP][PASSED] - setText(findTestObject("Object Repository/Search/SearchinputFiled"), namesofProducts.get(1)): Text 'V Guard Pebble - 10 litres Water Heater' is set on object 'Object Repository/Search/SearchinputFiled'&#xD;
&#xD;
2019-09-21 14:11:09 - [MESSAGE][PASSED] - Text 'V Guard Pebble - 10 litres Water Heater' is set on object 'Object Repository/Search/SearchinputFiled'&#xD;
&#xD;
2019-09-21 14:11:09 - [TEST_STEP][PASSED] - Thread.sleep(3000): null&#xD;
&#xD;
2019-09-21 14:11:12 - [TEST_STEP][PASSED] - s = xpath("//div[@class='mst-searchautocomplete__wrapper']/div/div/div[1]/ul/li[" + i + "]")).getText(): null&#xD;
&#xD;
2019-09-21 14:11:12 - [TEST_STEP][PASSED] - xpath("//div[@class='mst-searchautocomplete__wrapper']/div/div/div[1]/ul/li[" + i + "]")).click(): null&#xD;
&#xD;
2019-09-21 14:11:14 - [TEST_STEP][PASSED] - s1 = getText(findTestObject("Object Repository/CompareFunctionality/ProductName")): Text of object 'Object Repository/CompareFunctionality/ProductName' is: 'V Guard Pebble - 10 litres Water Heater'&#xD;
&#xD;
2019-09-21 14:11:15 - [MESSAGE][PASSED] - Text of object 'Object Repository/CompareFunctionality/ProductName' is: 'V Guard Pebble - 10 litres Water Heater'&#xD;
&#xD;
2019-09-21 14:11:15 - [TEST_STEP][PASSED] - println(s1): null&#xD;
&#xD;
2019-09-21 14:11:15 - [TEST_STEP][PASSED] - Assert.assertEquals(s, s1): null&#xD;
&#xD;
2019-09-21 14:11:15 - [TEST_STEP][PASSED] - back(): Navigate back successfully&#xD;
&#xD;
2019-09-21 14:11:16 - [MESSAGE][PASSED] - Navigate back successfully&#xD;
&#xD;
2019-09-21 14:11:16 - [TEST_STEP][PASSED] - setText(findTestObject("Object Repository/Search/SearchinputFiled"), namesofProducts.get(1)): Text 'V Guard Pebble - 10 litres Water Heater' is set on object 'Object Repository/Search/SearchinputFiled'&#xD;
&#xD;
2019-09-21 14:11:17 - [MESSAGE][PASSED] - Text 'V Guard Pebble - 10 litres Water Heater' is set on object 'Object Repository/Search/SearchinputFiled'&#xD;
&#xD;
2019-09-21 14:11:17 - [TEST_STEP][PASSED] - Thread.sleep(3000): null&#xD;
&#xD;
2019-09-21 14:11:20 - [TEST_STEP][PASSED] - s = xpath("//div[@class='mst-searchautocomplete__wrapper']/div/div/div[1]/ul/li[" + i + "]")).getText(): null&#xD;
&#xD;
2019-09-21 14:11:20 - [TEST_STEP][PASSED] - xpath("//div[@class='mst-searchautocomplete__wrapper']/div/div/div[1]/ul/li[" + i + "]")).click(): null&#xD;
&#xD;
2019-09-21 14:11:21 - [TEST_STEP][PASSED] - s1 = getText(findTestObject("Object Repository/CompareFunctionality/ProductName")): Text of object 'Object Repository/CompareFunctionality/ProductName' is: 'V Guard Pebble Metallica - 6 litres Water Heater'&#xD;
&#xD;
2019-09-21 14:11:21 - [MESSAGE][PASSED] - Text of object 'Object Repository/CompareFunctionality/ProductName' is: 'V Guard Pebble Metallica - 6 litres Water Heater'&#xD;
&#xD;
2019-09-21 14:11:21 - [TEST_STEP][PASSED] - println(s1): null&#xD;
&#xD;
2019-09-21 14:11:21 - [TEST_STEP][PASSED] - Assert.assertEquals(s, s1): null&#xD;
&#xD;
2019-09-21 14:11:21 - [TEST_STEP][PASSED] - back(): Navigate back successfully&#xD;
&#xD;
2019-09-21 14:11:23 - [MESSAGE][PASSED] - Navigate back successfully&#xD;
&#xD;
2019-09-21 14:11:23 - [TEST_STEP][PASSED] - setText(findTestObject("Object Repository/Search/SearchinputFiled"), namesofProducts.get(1)): Text 'V Guard Pebble - 10 litres Water Heater' is set on object 'Object Repository/Search/SearchinputFiled'&#xD;
&#xD;
2019-09-21 14:11:23 - [MESSAGE][PASSED] - Text 'V Guard Pebble - 10 litres Water Heater' is set on object 'Object Repository/Search/SearchinputFiled'&#xD;
&#xD;
2019-09-21 14:11:23 - [TEST_STEP][PASSED] - Thread.sleep(3000): null&#xD;
&#xD;
2019-09-21 14:11:26 - [TEST_STEP][PASSED] - s = xpath("//div[@class='mst-searchautocomplete__wrapper']/div/div/div[1]/ul/li[" + i + "]")).getText(): null&#xD;
&#xD;
2019-09-21 14:11:27 - [TEST_STEP][PASSED] - xpath("//div[@class='mst-searchautocomplete__wrapper']/div/div/div[1]/ul/li[" + i + "]")).click(): null&#xD;
&#xD;
2019-09-21 14:11:29 - [TEST_STEP][PASSED] - s1 = getText(findTestObject("Object Repository/CompareFunctionality/ProductName")): Text of object 'Object Repository/CompareFunctionality/ProductName' is: 'V Guard Pebble - 6 litres Water Heater'&#xD;
&#xD;
2019-09-21 14:11:29 - [MESSAGE][PASSED] - Text of object 'Object Repository/CompareFunctionality/ProductName' is: 'V Guard Pebble - 6 litres Water Heater'&#xD;
&#xD;
2019-09-21 14:11:29 - [TEST_STEP][PASSED] - println(s1): null&#xD;
&#xD;
2019-09-21 14:11:29 - [TEST_STEP][PASSED] - Assert.assertEquals(s, s1): null&#xD;
&#xD;
2019-09-21 14:11:29 - [TEST_STEP][PASSED] - back(): Navigate back successfully&#xD;
&#xD;
2019-09-21 14:11:31 - [MESSAGE][PASSED] - Navigate back successfully&#xD;
&#xD;
2019-09-21 14:11:31 - [TEST_STEP][PASSED] - setText(findTestObject("Object Repository/Search/SearchinputFiled"), namesofProducts.get(1)): Text 'V Guard Pebble - 10 litres Water Heater' is set on object 'Object Repository/Search/SearchinputFiled'&#xD;
&#xD;
2019-09-21 14:11:31 - [MESSAGE][PASSED] - Text 'V Guard Pebble - 10 litres Water Heater' is set on object 'Object Repository/Search/SearchinputFiled'&#xD;
&#xD;
2019-09-21 14:11:31 - [TEST_STEP][PASSED] - Thread.sleep(3000): null&#xD;
&#xD;
2019-09-21 14:11:34 - [TEST_STEP][PASSED] - s = xpath("//div[@class='mst-searchautocomplete__wrapper']/div/div/div[1]/ul/li[" + i + "]")).getText(): null&#xD;
&#xD;
2019-09-21 14:11:34 - [TEST_STEP][PASSED] - xpath("//div[@class='mst-searchautocomplete__wrapper']/div/div/div[1]/ul/li[" + i + "]")).click(): null&#xD;
&#xD;
2019-09-21 14:11:37 - [TEST_STEP][PASSED] - s1 = getText(findTestObject("Object Repository/CompareFunctionality/ProductName")): Text of object 'Object Repository/CompareFunctionality/ProductName' is: 'V Guard Pebble Metallica - 25 litres Water Heater'&#xD;
&#xD;
2019-09-21 14:11:37 - [MESSAGE][PASSED] - Text of object 'Object Repository/CompareFunctionality/ProductName' is: 'V Guard Pebble Metallica - 25 litres Water Heater'&#xD;
&#xD;
2019-09-21 14:11:37 - [TEST_STEP][PASSED] - println(s1): null&#xD;
&#xD;
2019-09-21 14:11:37 - [TEST_STEP][PASSED] - Assert.assertEquals(s, s1): null&#xD;
&#xD;
2019-09-21 14:11:37 - [TEST_STEP][PASSED] - back(): Navigate back successfully&#xD;
&#xD;
2019-09-21 14:11:38 - [MESSAGE][PASSED] - Navigate back successfully&#xD;
&#xD;
2019-09-21 14:11:38 - [TEST_STEP][PASSED] - setText(findTestObject("Object Repository/Search/SearchinputFiled"), namesofProducts.get(1)): Text 'V Guard Pebble - 10 litres Water Heater' is set on object 'Object Repository/Search/SearchinputFiled'&#xD;
&#xD;
2019-09-21 14:11:39 - [MESSAGE][PASSED] - Text 'V Guard Pebble - 10 litres Water Heater' is set on object 'Object Repository/Search/SearchinputFiled'&#xD;
&#xD;
2019-09-21 14:11:39 - [TEST_STEP][PASSED] - Thread.sleep(3000): null&#xD;
&#xD;
2019-09-21 14:11:42 - [TEST_STEP][PASSED] - Start tear down : tearDownTestCase: Method 'tearDownTestCase' complete successfully&#xD;
&#xD;
2019-09-21 14:11:42 - [TEST_STEP][PASSED] - Thread.sleep(3000): null&#xD;
&#xD;
2019-09-21 14:11:45 - [MESSAGE][PASSED] - Method 'tearDownTestCase' complete successfully</system-out>
            <system-err></system-err>
        </testcase>
        <testcase name="Test Cases/VerifyingProductCountOnSearchresultPage" classname="Test Cases/VerifyingProductCountOnSearchresultPage" status="FAILED">
            <failure type="FAILED" message="Test Cases/VerifyingProductCountOnSearchresultPage FAILED.&#xA;Reason:&#xA;com.kms.katalon.core.exception.StepFailedException: Unable to click on object 'Object Repository/Search/ShowAllResults'&#xD;&#xA;&#x9;at com.kms.katalon.core.webui.keyword.internal.WebUIKeywordMain.stepFailed(WebUIKeywordMain.groovy:64)&#xD;&#xA;&#x9;at com.kms.katalon.core.webui.keyword.internal.WebUIKeywordMain.runKeyword(WebUIKeywordMain.groovy:26)&#xD;&#xA;&#x9;at com.kms.katalon.core.webui.keyword.builtin.ClickKeyword.click(ClickKeyword.groovy:86)&#xD;&#xA;&#x9;at com.kms.katalon.core.webui.keyword.builtin.ClickKeyword.execute(ClickKeyword.groovy:67)&#xD;&#xA;&#x9;at com.kms.katalon.core.keyword.internal.KeywordExecutor.executeKeywordForPlatform(KeywordExecutor.groovy:56)&#xD;&#xA;&#x9;at com.kms.katalon.core.webui.keyword.WebUiBuiltInKeywords.click(WebUiBuiltInKeywords.groovy:616)&#xD;&#xA;&#x9;at com.kms.katalon.core.webui.keyword.WebUiBuiltInKeywords$click$2.call(Unknown Source)&#xD;&#xA;&#x9;at VerifyingProductCountOnSearchresultPage.run(VerifyingProductCountOnSearchresultPage:28)&#xD;&#xA;&#x9;at com.kms.katalon.core.main.ScriptEngine.run(ScriptEngine.java:194)&#xD;&#xA;&#x9;at com.kms.katalon.core.main.ScriptEngine.runScriptAsRawText(ScriptEngine.java:119)&#xD;&#xA;&#x9;at com.kms.katalon.core.main.TestCaseExecutor.runScript(TestCaseExecutor.java:337)&#xD;&#xA;&#x9;at com.kms.katalon.core.main.TestCaseExecutor.doExecute(TestCaseExecutor.java:328)&#xD;&#xA;&#x9;at com.kms.katalon.core.main.TestCaseExecutor.processExecutionPhase(TestCaseExecutor.java:307)&#xD;&#xA;&#x9;at com.kms.katalon.core.main.TestCaseExecutor.accessMainPhase(TestCaseExecutor.java:299)&#xD;&#xA;&#x9;at com.kms.katalon.core.main.TestCaseExecutor.execute(TestCaseExecutor.java:233)&#xD;&#xA;&#x9;at com.kms.katalon.core.main.TestSuiteExecutor.accessTestCaseMainPhase(TestSuiteExecutor.java:169)&#xD;&#xA;&#x9;at com.kms.katalon.core.main.TestSuiteExecutor.accessTestSuiteMainPhase(TestSuiteExecutor.java:142)&#xD;&#xA;&#x9;at com.kms.katalon.core.main.TestSuiteExecutor.execute(TestSuiteExecutor.java:91)&#xD;&#xA;&#x9;at com.kms.katalon.core.main.TestCaseMain.startTestSuite(TestCaseMain.java:157)&#xD;&#xA;&#x9;at com.kms.katalon.core.main.TestCaseMain$startTestSuite$0.call(Unknown Source)&#xD;&#xA;&#x9;at TempTestSuite1569055084524.run(TempTestSuite1569055084524.groovy:35)&#xD;&#xA;Caused by: org.openqa.selenium.ElementNotInteractableException: element not interactable&#xA;  (Session info: chrome=77.0.3865.90)&#xA;Build info: version: '3.141.59', revision: 'e82be7d358', time: '2018-11-14T08:25:53'&#xA;System info: host: 'AMITBAGH', ip: '172.27.25.220', os.name: 'Windows 8.1', os.arch: 'amd64', os.version: '6.3', java.version: '1.8.0_181'&#xA;Driver info: com.kms.katalon.selenium.driver.CChromeDriver&#xA;Capabilities {acceptInsecureCerts: false, browserName: chrome, browserVersion: 77.0.3865.90, chrome: {chromedriverVersion: 77.0.3865.40 (f484704e052e0..., userDataDir: C:\Users\amitbagh\AppData\L...}, goog:chromeOptions: {debuggerAddress: localhost:52507}, javascriptEnabled: true, networkConnectionEnabled: false, pageLoadStrategy: normal, platform: XP, platformName: XP, proxy: Proxy(), setWindowRect: true, strictFileInteractability: false, timeouts: {implicit: 0, pageLoad: 300000, script: 30000}, unhandledPromptBehavior: dismiss and notify}&#xA;Session ID: 9a982697c82856995e6fb5221fb3622a&#xD;&#xA;&#x9;at org.openqa.selenium.remote.http.W3CHttpResponseCodec.createException(W3CHttpResponseCodec.java:187)&#xD;&#xA;&#x9;at org.openqa.selenium.remote.http.W3CHttpResponseCodec.decode(W3CHttpResponseCodec.java:122)&#xD;&#xA;&#x9;at org.openqa.selenium.remote.http.W3CHttpResponseCodec.decode(W3CHttpResponseCodec.java:49)&#xD;&#xA;&#x9;at org.openqa.selenium.remote.HttpCommandExecutor.execute(HttpCommandExecutor.java:158)&#xD;&#xA;&#x9;at org.openqa.selenium.remote.service.DriverCommandExecutor.execute(DriverCommandExecutor.java:83)&#xD;&#xA;&#x9;at org.openqa.selenium.remote.RemoteWebDriver.execute(RemoteWebDriver.java:552)&#xD;&#xA;&#x9;at com.kms.katalon.selenium.driver.CChromeDriver.execute(CChromeDriver.java:20)&#xD;&#xA;&#x9;at org.openqa.selenium.remote.RemoteWebElement.execute(RemoteWebElement.java:285)&#xD;&#xA;&#x9;at org.openqa.selenium.remote.RemoteWebElement.click(RemoteWebElement.java:84)&#xD;&#xA;&#x9;at com.kms.katalon.core.webui.keyword.builtin.ClickKeyword$_click_closure1.doCall(ClickKeyword.groovy:79)&#xD;&#xA;&#x9;at com.kms.katalon.core.webui.keyword.builtin.ClickKeyword$_click_closure1.call(ClickKeyword.groovy)&#xD;&#xA;&#x9;at com.kms.katalon.core.webui.keyword.internal.WebUIKeywordMain.runKeyword(WebUIKeywordMain.groovy:20)&#xD;&#xA;&#x9;... 19 more&#xD;&#xA;"/>
            <system-out>2019-09-21 14:11:45 - [TEST_CASE][FAILED] - Test Cases/VerifyingProductCountOnSearchresultPage: Test Cases/VerifyingProductCountOnSearchresultPage FAILED.
Reason:
com.kms.katalon.core.exception.StepFailedException: Unable to click on object 'Object Repository/Search/ShowAllResults'&#xD;
	at com.kms.katalon.core.webui.keyword.internal.WebUIKeywordMain.stepFailed(WebUIKeywordMain.groovy:64)&#xD;
	at com.kms.katalon.core.webui.keyword.internal.WebUIKeywordMain.runKeyword(WebUIKeywordMain.groovy:26)&#xD;
	at com.kms.katalon.core.webui.keyword.builtin.ClickKeyword.click(ClickKeyword.groovy:86)&#xD;
	at com.kms.katalon.core.webui.keyword.builtin.ClickKeyword.execute(ClickKeyword.groovy:67)&#xD;
	at com.kms.katalon.core.keyword.internal.KeywordExecutor.executeKeywordForPlatform(KeywordExecutor.groovy:56)&#xD;
	at com.kms.katalon.core.webui.keyword.WebUiBuiltInKeywords.click(WebUiBuiltInKeywords.groovy:616)&#xD;
	at com.kms.katalon.core.webui.keyword.WebUiBuiltInKeywords$click$2.call(Unknown Source)&#xD;
	at VerifyingProductCountOnSearchresultPage.run(VerifyingProductCountOnSearchresultPage:28)&#xD;
	at com.kms.katalon.core.main.ScriptEngine.run(ScriptEngine.java:194)&#xD;
	at com.kms.katalon.core.main.ScriptEngine.runScriptAsRawText(ScriptEngine.java:119)&#xD;
	at com.kms.katalon.core.main.TestCaseExecutor.runScript(TestCaseExecutor.java:337)&#xD;
	at com.kms.katalon.core.main.TestCaseExecutor.doExecute(TestCaseExecutor.java:328)&#xD;
	at com.kms.katalon.core.main.TestCaseExecutor.processExecutionPhase(TestCaseExecutor.java:307)&#xD;
	at com.kms.katalon.core.main.TestCaseExecutor.accessMainPhase(TestCaseExecutor.java:299)&#xD;
	at com.kms.katalon.core.main.TestCaseExecutor.execute(TestCaseExecutor.java:233)&#xD;
	at com.kms.katalon.core.main.TestSuiteExecutor.accessTestCaseMainPhase(TestSuiteExecutor.java:169)&#xD;
	at com.kms.katalon.core.main.TestSuiteExecutor.accessTestSuiteMainPhase(TestSuiteExecutor.java:142)&#xD;
	at com.kms.katalon.core.main.TestSuiteExecutor.execute(TestSuiteExecutor.java:91)&#xD;
	at com.kms.katalon.core.main.TestCaseMain.startTestSuite(TestCaseMain.java:157)&#xD;
	at com.kms.katalon.core.main.TestCaseMain$startTestSuite$0.call(Unknown Source)&#xD;
	at TempTestSuite1569055084524.run(TempTestSuite1569055084524.groovy:35)&#xD;
Caused by: org.openqa.selenium.ElementNotInteractableException: element not interactable
  (Session info: chrome=77.0.3865.90)
Build info: version: '3.141.59', revision: 'e82be7d358', time: '2018-11-14T08:25:53'
System info: host: 'AMITBAGH', ip: '172.27.25.220', os.name: 'Windows 8.1', os.arch: 'amd64', os.version: '6.3', java.version: '1.8.0_181'
Driver info: com.kms.katalon.selenium.driver.CChromeDriver
Capabilities {acceptInsecureCerts: false, browserName: chrome, browserVersion: 77.0.3865.90, chrome: {chromedriverVersion: 77.0.3865.40 (f484704e052e0..., userDataDir: C:\Users\amitbagh\AppData\L...}, goog:chromeOptions: {debuggerAddress: localhost:52507}, javascriptEnabled: true, networkConnectionEnabled: false, pageLoadStrategy: normal, platform: XP, platformName: XP, proxy: Proxy(), setWindowRect: true, strictFileInteractability: false, timeouts: {implicit: 0, pageLoad: 300000, script: 30000}, unhandledPromptBehavior: dismiss and notify}
Session ID: 9a982697c82856995e6fb5221fb3622a&#xD;
	at org.openqa.selenium.remote.http.W3CHttpResponseCodec.createException(W3CHttpResponseCodec.java:187)&#xD;
	at org.openqa.selenium.remote.http.W3CHttpResponseCodec.decode(W3CHttpResponseCodec.java:122)&#xD;
	at org.openqa.selenium.remote.http.W3CHttpResponseCodec.decode(W3CHttpResponseCodec.java:49)&#xD;
	at org.openqa.selenium.remote.HttpCommandExecutor.execute(HttpCommandExecutor.java:158)&#xD;
	at org.openqa.selenium.remote.service.DriverCommandExecutor.execute(DriverCommandExecutor.java:83)&#xD;
	at org.openqa.selenium.remote.RemoteWebDriver.execute(RemoteWebDriver.java:552)&#xD;
	at com.kms.katalon.selenium.driver.CChromeDriver.execute(CChromeDriver.java:20)&#xD;
	at org.openqa.selenium.remote.RemoteWebElement.execute(RemoteWebElement.java:285)&#xD;
	at org.openqa.selenium.remote.RemoteWebElement.click(RemoteWebElement.java:84)&#xD;
	at com.kms.katalon.core.webui.keyword.builtin.ClickKeyword$_click_closure1.doCall(ClickKeyword.groovy:79)&#xD;
	at com.kms.katalon.core.webui.keyword.builtin.ClickKeyword$_click_closure1.call(ClickKeyword.groovy)&#xD;
	at com.kms.katalon.core.webui.keyword.internal.WebUIKeywordMain.runKeyword(WebUIKeywordMain.groovy:20)&#xD;
	... 19 more&#xD;
&#xD;
&#xD;
2019-09-21 14:11:45 - [TEST_STEP][PASSED] - setText(findTestObject("Object Repository/Search/SearchinputFiled"), namesofProducts.get(1)): Text 'V Guard Pebble - 10 litres Water Heater' is set on object 'Object Repository/Search/SearchinputFiled'&#xD;
&#xD;
2019-09-21 14:11:45 - [MESSAGE][PASSED] - Text 'V Guard Pebble - 10 litres Water Heater' is set on object 'Object Repository/Search/SearchinputFiled'&#xD;
&#xD;
2019-09-21 14:11:45 - [TEST_STEP][PASSED] - driver = getWebDriver(): null&#xD;
&#xD;
2019-09-21 14:11:45 - [TEST_STEP][PASSED] - s = getText(findTestObject("Object Repository/Search/ShowAllResults")): Text of object 'Object Repository/Search/ShowAllResults' is: ''&#xD;
&#xD;
2019-09-21 14:11:46 - [MESSAGE][PASSED] - Text of object 'Object Repository/Search/ShowAllResults' is: ''&#xD;
&#xD;
2019-09-21 14:11:46 - [TEST_STEP][FAILED] - click(findTestObject("Object Repository/Search/ShowAllResults")): Unable to click on object 'Object Repository/Search/ShowAllResults' (Root cause: com.kms.katalon.core.exception.StepFailedException: Unable to click on object 'Object Repository/Search/ShowAllResults'&#xD;
	at com.kms.katalon.core.webui.keyword.internal.WebUIKeywordMain.stepFailed(WebUIKeywordMain.groovy:64)&#xD;
	at com.kms.katalon.core.webui.keyword.internal.WebUIKeywordMain.runKeyword(WebUIKeywordMain.groovy:26)&#xD;
	at com.kms.katalon.core.webui.keyword.builtin.ClickKeyword.click(ClickKeyword.groovy:86)&#xD;
	at com.kms.katalon.core.webui.keyword.builtin.ClickKeyword.execute(ClickKeyword.groovy:67)&#xD;
	at com.kms.katalon.core.keyword.internal.KeywordExecutor.executeKeywordForPlatform(KeywordExecutor.groovy:56)&#xD;
	at com.kms.katalon.core.webui.keyword.WebUiBuiltInKeywords.click(WebUiBuiltInKeywords.groovy:616)&#xD;
	at com.kms.katalon.core.webui.keyword.WebUiBuiltInKeywords$click$2.call(Unknown Source)&#xD;
	at VerifyingProductCountOnSearchresultPage.run(VerifyingProductCountOnSearchresultPage:28)&#xD;
	at com.kms.katalon.core.main.ScriptEngine.run(ScriptEngine.java:194)&#xD;
	at com.kms.katalon.core.main.ScriptEngine.runScriptAsRawText(ScriptEngine.java:119)&#xD;
	at com.kms.katalon.core.main.TestCaseExecutor.runScript(TestCaseExecutor.java:337)&#xD;
	at com.kms.katalon.core.main.TestCaseExecutor.doExecute(TestCaseExecutor.java:328)&#xD;
	at com.kms.katalon.core.main.TestCaseExecutor.processExecutionPhase(TestCaseExecutor.java:307)&#xD;
	at com.kms.katalon.core.main.TestCaseExecutor.accessMainPhase(TestCaseExecutor.java:299)&#xD;
	at com.kms.katalon.core.main.TestCaseExecutor.execute(TestCaseExecutor.java:233)&#xD;
	at com.kms.katalon.core.main.TestSuiteExecutor.accessTestCaseMainPhase(TestSuiteExecutor.java:169)&#xD;
	at com.kms.katalon.core.main.TestSuiteExecutor.accessTestSuiteMainPhase(TestSuiteExecutor.java:142)&#xD;
	at com.kms.katalon.core.main.TestSuiteExecutor.execute(TestSuiteExecutor.java:91)&#xD;
	at com.kms.katalon.core.main.TestCaseMain.startTestSuite(TestCaseMain.java:157)&#xD;
	at com.kms.katalon.core.main.TestCaseMain$startTestSuite$0.call(Unknown Source)&#xD;
	at TempTestSuite1569055084524.run(TempTestSuite1569055084524.groovy:35)&#xD;
Caused by: org.openqa.selenium.ElementNotInteractableException: element not interactable
  (Session info: chrome=77.0.3865.90)
Build info: version: '3.141.59', revision: 'e82be7d358', time: '2018-11-14T08:25:53'
System info: host: 'AMITBAGH', ip: '172.27.25.220', os.name: 'Windows 8.1', os.arch: 'amd64', os.version: '6.3', java.version: '1.8.0_181'
Driver info: com.kms.katalon.selenium.driver.CChromeDriver
Capabilities {acceptInsecureCerts: false, browserName: chrome, browserVersion: 77.0.3865.90, chrome: {chromedriverVersion: 77.0.3865.40 (f484704e052e0..., userDataDir: C:\Users\amitbagh\AppData\L...}, goog:chromeOptions: {debuggerAddress: localhost:52507}, javascriptEnabled: true, networkConnectionEnabled: false, pageLoadStrategy: normal, platform: XP, platformName: XP, proxy: Proxy(), setWindowRect: true, strictFileInteractability: false, timeouts: {implicit: 0, pageLoad: 300000, script: 30000}, unhandledPromptBehavior: dismiss and notify}
Session ID: 9a982697c82856995e6fb5221fb3622a&#xD;
	at org.openqa.selenium.remote.http.W3CHttpResponseCodec.createException(W3CHttpResponseCodec.java:187)&#xD;
	at org.openqa.selenium.remote.http.W3CHttpResponseCodec.decode(W3CHttpResponseCodec.java:122)&#xD;
	at org.openqa.selenium.remote.http.W3CHttpResponseCodec.decode(W3CHttpResponseCodec.java:49)&#xD;
	at org.openqa.selenium.remote.HttpCommandExecutor.execute(HttpCommandExecutor.java:158)&#xD;
	at org.openqa.selenium.remote.service.DriverCommandExecutor.execute(DriverCommandExecutor.java:83)&#xD;
	at org.openqa.selenium.remote.RemoteWebDriver.execute(RemoteWebDriver.java:552)&#xD;
	at com.kms.katalon.selenium.driver.CChromeDriver.execute(CChromeDriver.java:20)&#xD;
	at org.openqa.selenium.remote.RemoteWebElement.execute(RemoteWebElement.java:285)&#xD;
	at org.openqa.selenium.remote.RemoteWebElement.click(RemoteWebElement.java:84)&#xD;
	at com.kms.katalon.core.webui.keyword.builtin.ClickKeyword$_click_closure1.doCall(ClickKeyword.groovy:79)&#xD;
	at com.kms.katalon.core.webui.keyword.builtin.ClickKeyword$_click_closure1.call(ClickKeyword.groovy)&#xD;
	at com.kms.katalon.core.webui.keyword.internal.WebUIKeywordMain.runKeyword(WebUIKeywordMain.groovy:20)&#xD;
	at com.kms.katalon.core.webui.keyword.builtin.ClickKeyword.click(ClickKeyword.groovy:86)&#xD;
	at com.kms.katalon.core.webui.keyword.builtin.ClickKeyword.execute(ClickKeyword.groovy:67)&#xD;
	at com.kms.katalon.core.keyword.internal.KeywordExecutor.executeKeywordForPlatform(KeywordExecutor.groovy:56)&#xD;
	at com.kms.katalon.core.webui.keyword.WebUiBuiltInKeywords.click(WebUiBuiltInKeywords.groovy:616)&#xD;
	at com.kms.katalon.core.webui.keyword.WebUiBuiltInKeywords$click$2.call(Unknown Source)&#xD;
	at Script1569051645765.run(Script1569051645765.groovy:28)&#xD;
	... 13 more&#xD;
)&#xD;
&#xD;
2019-09-21 14:11:46 - [MESSAGE][FAILED] - Unable to click on object 'Object Repository/Search/ShowAllResults' (Root cause: com.kms.katalon.core.exception.StepFailedException: Unable to click on object 'Object Repository/Search/ShowAllResults'&#xD;
	at com.kms.katalon.core.webui.keyword.internal.WebUIKeywordMain.stepFailed(WebUIKeywordMain.groovy:64)&#xD;
	at com.kms.katalon.core.webui.keyword.internal.WebUIKeywordMain.runKeyword(WebUIKeywordMain.groovy:26)&#xD;
	at com.kms.katalon.core.webui.keyword.builtin.ClickKeyword.click(ClickKeyword.groovy:86)&#xD;
	at com.kms.katalon.core.webui.keyword.builtin.ClickKeyword.execute(ClickKeyword.groovy:67)&#xD;
	at com.kms.katalon.core.keyword.internal.KeywordExecutor.executeKeywordForPlatform(KeywordExecutor.groovy:56)&#xD;
	at com.kms.katalon.core.webui.keyword.WebUiBuiltInKeywords.click(WebUiBuiltInKeywords.groovy:616)&#xD;
	at com.kms.katalon.core.webui.keyword.WebUiBuiltInKeywords$click$2.call(Unknown Source)&#xD;
	at VerifyingProductCountOnSearchresultPage.run(VerifyingProductCountOnSearchresultPage:28)&#xD;
	at com.kms.katalon.core.main.ScriptEngine.run(ScriptEngine.java:194)&#xD;
	at com.kms.katalon.core.main.ScriptEngine.runScriptAsRawText(ScriptEngine.java:119)&#xD;
	at com.kms.katalon.core.main.TestCaseExecutor.runScript(TestCaseExecutor.java:337)&#xD;
	at com.kms.katalon.core.main.TestCaseExecutor.doExecute(TestCaseExecutor.java:328)&#xD;
	at com.kms.katalon.core.main.TestCaseExecutor.processExecutionPhase(TestCaseExecutor.java:307)&#xD;
	at com.kms.katalon.core.main.TestCaseExecutor.accessMainPhase(TestCaseExecutor.java:299)&#xD;
	at com.kms.katalon.core.main.TestCaseExecutor.execute(TestCaseExecutor.java:233)&#xD;
	at com.kms.katalon.core.main.TestSuiteExecutor.accessTestCaseMainPhase(TestSuiteExecutor.java:169)&#xD;
	at com.kms.katalon.core.main.TestSuiteExecutor.accessTestSuiteMainPhase(TestSuiteExecutor.java:142)&#xD;
	at com.kms.katalon.core.main.TestSuiteExecutor.execute(TestSuiteExecutor.java:91)&#xD;
	at com.kms.katalon.core.main.TestCaseMain.startTestSuite(TestCaseMain.java:157)&#xD;
	at com.kms.katalon.core.main.TestCaseMain$startTestSuite$0.call(Unknown Source)&#xD;
	at TempTestSuite1569055084524.run(TempTestSuite1569055084524.groovy:35)&#xD;
Caused by: org.openqa.selenium.ElementNotInteractableException: element not interactable
  (Session info: chrome=77.0.3865.90)
Build info: version: '3.141.59', revision: 'e82be7d358', time: '2018-11-14T08:25:53'
System info: host: 'AMITBAGH', ip: '172.27.25.220', os.name: 'Windows 8.1', os.arch: 'amd64', os.version: '6.3', java.version: '1.8.0_181'
Driver info: com.kms.katalon.selenium.driver.CChromeDriver
Capabilities {acceptInsecureCerts: false, browserName: chrome, browserVersion: 77.0.3865.90, chrome: {chromedriverVersion: 77.0.3865.40 (f484704e052e0..., userDataDir: C:\Users\amitbagh\AppData\L...}, goog:chromeOptions: {debuggerAddress: localhost:52507}, javascriptEnabled: true, networkConnectionEnabled: false, pageLoadStrategy: normal, platform: XP, platformName: XP, proxy: Proxy(), setWindowRect: true, strictFileInteractability: false, timeouts: {implicit: 0, pageLoad: 300000, script: 30000}, unhandledPromptBehavior: dismiss and notify}
Session ID: 9a982697c82856995e6fb5221fb3622a&#xD;
	at org.openqa.selenium.remote.http.W3CHttpResponseCodec.createException(W3CHttpResponseCodec.java:187)&#xD;
	at org.openqa.selenium.remote.http.W3CHttpResponseCodec.decode(W3CHttpResponseCodec.java:122)&#xD;
	at org.openqa.selenium.remote.http.W3CHttpResponseCodec.decode(W3CHttpResponseCodec.java:49)&#xD;
	at org.openqa.selenium.remote.HttpCommandExecutor.execute(HttpCommandExecutor.java:158)&#xD;
	at org.openqa.selenium.remote.service.DriverCommandExecutor.execute(DriverCommandExecutor.java:83)&#xD;
	at org.openqa.selenium.remote.RemoteWebDriver.execute(RemoteWebDriver.java:552)&#xD;
	at com.kms.katalon.selenium.driver.CChromeDriver.execute(CChromeDriver.java:20)&#xD;
	at org.openqa.selenium.remote.RemoteWebElement.execute(RemoteWebElement.java:285)&#xD;
	at org.openqa.selenium.remote.RemoteWebElement.click(RemoteWebElement.java:84)&#xD;
	at com.kms.katalon.core.webui.keyword.builtin.ClickKeyword$_click_closure1.doCall(ClickKeyword.groovy:79)&#xD;
	at com.kms.katalon.core.webui.keyword.builtin.ClickKeyword$_click_closure1.call(ClickKeyword.groovy)&#xD;
	at com.kms.katalon.core.webui.keyword.internal.WebUIKeywordMain.runKeyword(WebUIKeywordMain.groovy:20)&#xD;
	at com.kms.katalon.core.webui.keyword.builtin.ClickKeyword.click(ClickKeyword.groovy:86)&#xD;
	at com.kms.katalon.core.webui.keyword.builtin.ClickKeyword.execute(ClickKeyword.groovy:67)&#xD;
	at com.kms.katalon.core.keyword.internal.KeywordExecutor.executeKeywordForPlatform(KeywordExecutor.groovy:56)&#xD;
	at com.kms.katalon.core.webui.keyword.WebUiBuiltInKeywords.click(WebUiBuiltInKeywords.groovy:616)&#xD;
	at com.kms.katalon.core.webui.keyword.WebUiBuiltInKeywords$click$2.call(Unknown Source)&#xD;
	at Script1569051645765.run(Script1569051645765.groovy:28)&#xD;
	... 13 more&#xD;
)&#xD;
[[ATTACHMENT|D:\\QAScripts\\QA\\bajajemi\\Reports\\20190921_140804\\Sort_Filter_ProductCount_Loadmore_Emi\\20190921_140804\\1569055306061.png]]&#xD;
&#xD;
2019-09-21 14:11:46 - [TEST_STEP][PASSED] - Start tear down : tearDownTestCase: Method 'tearDownTestCase' complete successfully&#xD;
&#xD;
2019-09-21 14:11:46 - [TEST_STEP][PASSED] - Thread.sleep(3000): null&#xD;
&#xD;
2019-09-21 14:11:49 - [MESSAGE][PASSED] - Method 'tearDownTestCase' complete successfully</system-out>
            <system-err>2019-09-21 14:11:45 - [TEST_CASE][FAILED] - Test Cases/VerifyingProductCountOnSearchresultPage: Test Cases/VerifyingProductCountOnSearchresultPage FAILED.
Reason:
com.kms.katalon.core.exception.StepFailedException: Unable to click on object 'Object Repository/Search/ShowAllResults'&#xD;
	at com.kms.katalon.core.webui.keyword.internal.WebUIKeywordMain.stepFailed(WebUIKeywordMain.groovy:64)&#xD;
	at com.kms.katalon.core.webui.keyword.internal.WebUIKeywordMain.runKeyword(WebUIKeywordMain.groovy:26)&#xD;
	at com.kms.katalon.core.webui.keyword.builtin.ClickKeyword.click(ClickKeyword.groovy:86)&#xD;
	at com.kms.katalon.core.webui.keyword.builtin.ClickKeyword.execute(ClickKeyword.groovy:67)&#xD;
	at com.kms.katalon.core.keyword.internal.KeywordExecutor.executeKeywordForPlatform(KeywordExecutor.groovy:56)&#xD;
	at com.kms.katalon.core.webui.keyword.WebUiBuiltInKeywords.click(WebUiBuiltInKeywords.groovy:616)&#xD;
	at com.kms.katalon.core.webui.keyword.WebUiBuiltInKeywords$click$2.call(Unknown Source)&#xD;
	at VerifyingProductCountOnSearchresultPage.run(VerifyingProductCountOnSearchresultPage:28)&#xD;
	at com.kms.katalon.core.main.ScriptEngine.run(ScriptEngine.java:194)&#xD;
	at com.kms.katalon.core.main.ScriptEngine.runScriptAsRawText(ScriptEngine.java:119)&#xD;
	at com.kms.katalon.core.main.TestCaseExecutor.runScript(TestCaseExecutor.java:337)&#xD;
	at com.kms.katalon.core.main.TestCaseExecutor.doExecute(TestCaseExecutor.java:328)&#xD;
	at com.kms.katalon.core.main.TestCaseExecutor.processExecutionPhase(TestCaseExecutor.java:307)&#xD;
	at com.kms.katalon.core.main.TestCaseExecutor.accessMainPhase(TestCaseExecutor.java:299)&#xD;
	at com.kms.katalon.core.main.TestCaseExecutor.execute(TestCaseExecutor.java:233)&#xD;
	at com.kms.katalon.core.main.TestSuiteExecutor.accessTestCaseMainPhase(TestSuiteExecutor.java:169)&#xD;
	at com.kms.katalon.core.main.TestSuiteExecutor.accessTestSuiteMainPhase(TestSuiteExecutor.java:142)&#xD;
	at com.kms.katalon.core.main.TestSuiteExecutor.execute(TestSuiteExecutor.java:91)&#xD;
	at com.kms.katalon.core.main.TestCaseMain.startTestSuite(TestCaseMain.java:157)&#xD;
	at com.kms.katalon.core.main.TestCaseMain$startTestSuite$0.call(Unknown Source)&#xD;
	at TempTestSuite1569055084524.run(TempTestSuite1569055084524.groovy:35)&#xD;
Caused by: org.openqa.selenium.ElementNotInteractableException: element not interactable
  (Session info: chrome=77.0.3865.90)
Build info: version: '3.141.59', revision: 'e82be7d358', time: '2018-11-14T08:25:53'
System info: host: 'AMITBAGH', ip: '172.27.25.220', os.name: 'Windows 8.1', os.arch: 'amd64', os.version: '6.3', java.version: '1.8.0_181'
Driver info: com.kms.katalon.selenium.driver.CChromeDriver
Capabilities {acceptInsecureCerts: false, browserName: chrome, browserVersion: 77.0.3865.90, chrome: {chromedriverVersion: 77.0.3865.40 (f484704e052e0..., userDataDir: C:\Users\amitbagh\AppData\L...}, goog:chromeOptions: {debuggerAddress: localhost:52507}, javascriptEnabled: true, networkConnectionEnabled: false, pageLoadStrategy: normal, platform: XP, platformName: XP, proxy: Proxy(), setWindowRect: true, strictFileInteractability: false, timeouts: {implicit: 0, pageLoad: 300000, script: 30000}, unhandledPromptBehavior: dismiss and notify}
Session ID: 9a982697c82856995e6fb5221fb3622a&#xD;
	at org.openqa.selenium.remote.http.W3CHttpResponseCodec.createException(W3CHttpResponseCodec.java:187)&#xD;
	at org.openqa.selenium.remote.http.W3CHttpResponseCodec.decode(W3CHttpResponseCodec.java:122)&#xD;
	at org.openqa.selenium.remote.http.W3CHttpResponseCodec.decode(W3CHttpResponseCodec.java:49)&#xD;
	at org.openqa.selenium.remote.HttpCommandExecutor.execute(HttpCommandExecutor.java:158)&#xD;
	at org.openqa.selenium.remote.service.DriverCommandExecutor.execute(DriverCommandExecutor.java:83)&#xD;
	at org.openqa.selenium.remote.RemoteWebDriver.execute(RemoteWebDriver.java:552)&#xD;
	at com.kms.katalon.selenium.driver.CChromeDriver.execute(CChromeDriver.java:20)&#xD;
	at org.openqa.selenium.remote.RemoteWebElement.execute(RemoteWebElement.java:285)&#xD;
	at org.openqa.selenium.remote.RemoteWebElement.click(RemoteWebElement.java:84)&#xD;
	at com.kms.katalon.core.webui.keyword.builtin.ClickKeyword$_click_closure1.doCall(ClickKeyword.groovy:79)&#xD;
	at com.kms.katalon.core.webui.keyword.builtin.ClickKeyword$_click_closure1.call(ClickKeyword.groovy)&#xD;
	at com.kms.katalon.core.webui.keyword.internal.WebUIKeywordMain.runKeyword(WebUIKeywordMain.groovy:20)&#xD;
	... 19 more</system-err>
        </testcase>
        <system-out>2019-09-21 14:08:06 - [TEST_SUITE][INCOMPLETE] - Sort_Filter_ProductCount_Loadmore_Emi: null</system-out>
        <system-err>2019-09-21 14:08:06 - [TEST_SUITE][INCOMPLETE] - Sort_Filter_ProductCount_Loadmore_Emi: null</system-err>
    </testsuite>
</testsuites>
